
<!DOCTYPE html>
<html>


<head>
	<meta charset='UTF-8' /> 
	<meta name='description' content='' />
	<meta name='robots' content='noodp, noydir' />
	<meta name='viewport' content='width=device-width, initial-scale=1' />
	<meta id="timeStampFormat" name="timeStampFormat" content='MMM d, yyyy hh:mm:ss a'/>
	
	<link href='https://fonts.googleapis.com/css?family=Source+Sans+Pro:400,600' rel='stylesheet' type='text/css'>
	<link href="https://fonts.googleapis.com/icon?family=Material+Icons" rel="stylesheet">

		<link href='https://cdn.rawgit.com/anshooarora/extentreports-java/b4a58fcfd1e137bd9287244035a7c80d3d73b3af/dist/css/extent.css' type='text/css' rel='stylesheet' />
	
	<title>Reporte Modelo E-R BUC</title>

	<style type='text/css'>
			
      
        .report-name { padding-left: 10px; } .report-name > img { float: left;height: 100%;width: auto; }
        .nav-wrapper { background: #2B0D63; }
       
       
      
    
	</style>
</head>

	<body class='extent standard default hide-overflow bdd-report'>
		<div id='theme-selector' alt='Click to toggle theme. To enable by default, use theme configuration.' title='Click to toggle theme. To enable by default, use theme configuration.'>
			<span><i class='material-icons'>desktop_windows</i></span>
		</div>

<nav>
	<div class="nav-wrapper">
		<a href="#!" class="brand-logo blue darken-3">Extent</a>

		<!-- slideout menu -->
		<ul id='slide-out' class='side-nav fixed hide-on-med-and-down'>
			<li class='waves-effect active'><a href='#!' view='test-view' onclick="configureView(0);chartsView('test');"><i class='material-icons'>dashboard</i></a></li>
						<li class='waves-effect'><a href='#!' view='category-view' onclick="configureView(1)"><i class='material-icons'>label_outline</i></a></li>
			<li class='waves-effect'><a href='#!' view='exception-view' onclick="configureView(2)"><i class='material-icons'>bug_report</i></a></li>
			<li class='waves-effect'><a href='#!' onclick="configureView(-1);chartsView('dashboard');" view='dashboard-view'><i class='material-icons'>track_changes</i></i></a></li>
		</ul>

		<!-- report name -->
		<span class='report-name'>
        
            
            <img id ="icon-logo" class="icon-logo" src='bchIcon.svg'>
        
        Reporte Qa Modelo E-R Base de Datos BUC
    </span>
		
		<!-- report headline -->
		<span class='report-headline'></span>

		<!-- nav-right -->
		<ul id='nav-mobile' class='right hide-on-med-and-down nav-right'>
			<li>
                <a href='#!'>
                    <span class='label suite-start-time blue darken-3'>Aug 22, 2019 10:58:24 PM</span>
				</a>
			</li>
			<li>
                <a href='#!'>
                    <span class='label blue darken-3'>3.1.2</span>
				</a>
			</li>
		</ul>
	</div>
</nav>

		<!-- container -->
		<div class='container'>

<div id='test-view' class='view'>
				
	<section id='controls'>
		<div class='controls grey lighten-4'>
			<!-- test toggle -->
			<div class='chip transparent'>
				<a class='dropdown-button tests-toggle' data-activates='tests-toggle' data-constrainwidth='true' data-beloworigin='true' data-hover='true' href='#'>
					<i class='material-icons'>warning</i> Status
				</a>
				<ul id='tests-toggle' class='dropdown-content'>
											<li status='pass'><a href='#!'>Pass <i class='material-icons green-text'>check_circle</i></a></li>
						<li status='fail'><a href='#!'>Fail <i class='material-icons red-text'>cancel</i></a></li>
					<li class='divider'></li>
					<li status='clear' clear='true'><a href='#!'>Clear Filters <i class='material-icons'>clear</i></a></li>
				</ul>
			</div>
			<!-- test toggle -->

			<!-- category toggle -->
			<div class='chip transparent'>
				<a class='dropdown-button category-toggle' data-activates='category-toggle' data-constrainwidth='false' data-beloworigin='true' data-hover='true' href='#'>
					<i class='material-icons'>local_offer</i> Category
				</a>
				<ul id='category-toggle' class='dropdown-content'>
					<li><a href='#'>@ExistenTodasTablasBDBUC</a></li>
					<li><a href='#'>@VerificarTodasTablasTenganPK</a></li>
					<li><a href='#'>@VerificoFKseanPKEnTablas</a></li>
					<li><a href='#'>@VerificoCamposObligatoriosNotNull</a></li>
					<li class='divider'></li>
					<li class='clear'><a href='#!' clear='true'>Clear Filters</a></li>
				</ul>
			</div>
			<!-- category toggle -->

			<!-- clear filters -->
			<div class='chip transparent hide'>
				<a class='' id='clear-filters' alt='Clear Filters' title='Clear Filters'>
					<i class='material-icons'>close</i> Clear
				</a>
			</div>
			<!-- clear filters -->

			<!-- enable dashboard -->
			<div id='toggle-test-view-charts' class='chip transparent'>
				<a class='pink-text' id='enable-dashboard' alt='Enable Dashboard' title='Enable Dashboard'>
					<i class='material-icons'>track_changes</i> Dashboard
				</a>
			</div>
			<!-- enable dashboard -->

			<!-- search -->
			<div class='chip transparent' alt='Search Tests' title='Search Tests'>
				<a href="#" class='search-div'>
					<i class='material-icons'>search</i> Search
				</a>

				<div class='input-field left hide'>
					<input id='search-tests' type='text' class='validate browser-default' placeholder='Search Tests...'>
				</div>
				
			</div>
			<!-- search -->
		</div>
	</section>


<div id='test-view-charts' class='subview-full'>
	<div id='charts-row' class='row nm-v nm-h'>
		<div class='col s12 m4 l4 np-h'>
			<div class='card-panel nm-v'>
				<div class='left panel-name'>Features</div>
				<div class='chart-box'>
					<canvas id='parent-analysis' width='100' height='80'></canvas>
				</div>
				<div class='block text-small'>
					<span class='tooltipped' data-position='top' data-tooltip='0%'><span class='strong'>0</span> feature(s) passed</span>
				</div>
				<div class='block text-small'>
					<span class='strong tooltipped' data-position='top' data-tooltip='100%'>1</span> feature(s) failed, <span class='strong tooltipped' data-position='top' data-tooltip='0%'>0</span> others
				</div>
			</div>
		</div>
		
		<div class='col s12 m4 l4 np-h'>
			<div class='card-panel nm-v'>
				<div class='left panel-name'>Scenarios</div>
				<div class='chart-box'>
					<canvas id='child-analysis' width='100' height='80'></canvas>
				</div>
				<div class='block text-small'>
					<span class='tooltipped' data-position='top' data-tooltip='0%'><span class='strong'>0</span> scenario(s) passed</span>
				</div>
				<div class='block text-small'>
					<span class='strong tooltipped' data-position='top' data-tooltip='100%'>76</span> scenario(s) failed, <span class='strong tooltipped' data-position='top' data-tooltip='0%'>0</span> others
				</div>
			</div>
		</div>
		
		<div class='col s12 m4 l4 np-h'>
			<div class='card-panel nm-v'>
				<div class='left panel-name'>Steps</div>
				<div class='chart-box'>
					<canvas id='grandchild-analysis' width='100' height='80'></canvas>
				</div>
				<div class='block text-small'>
					<span class='tooltipped' data-position='top' data-tooltip='50%'><span class='strong'>76</span> step(s) passed</span>
				</div>
				<div class='block text-small'>
					<span class='strong tooltipped' data-position='top' data-tooltip='50%'>76</span> step(s) failed, <span class='strong tooltipped' data-position='top' data-tooltip='0%'>0</span> others
				</div>
			</div>
		</div>
	</div>
</div>

	<div class='subview-left left'>
		
		<div class='view-summary'>
			<h5>Features</h5>
			<ul id='test-collection' class='test-collection'>
				
				
				<li class='test displayed active has-leaf fail' status='fail' bdd='true' test-id='1'>
					<div class='test-heading'>
						<span class='test-name'>Probar Modelo E-R de BUC</span>
						<span class='test-time'>Aug 22, 2019 10:58:24 PM</span>
						<span class='test-status right fail'>fail</span>
					</div>
					<div class='test-content hide'>
<div class='scenariooutline node' test-id='2' status='fail'>
	<span class='duration right label'>0h 1m 20s+396ms</span>
	<div class='desc'>
		<b>ScenarioOutline</b>
		<span class="desc-text">Verifico que existan las tablas en BD</span>
	</div>
	<ul class='steps'>
		<li test-id='3' class='node scenario fail' status='fail'>
			<div class='category-list'>
				<span class='category label white-text'>@ExistenTodasTablasBDBUC</span>
			</div>
			
			<b>Scenario</b>
			
			<span class="bdd-step-name">Verifico que existan las tablas en BD</span>
			
				<ul class='steps'>
					<li test-id='4' class='node when pass' status='pass'><b>When</b>
						<span class="bdd-step-name">When Consulto si existe en el esquema"public" la tabla"CUSTOMER"</span>
							<div class='pre'>passed</div>
					</li>
					<li test-id='5' class='node then fail' status='fail'><b>Then</b>
						<span class="bdd-step-name">Then valido que la tabla exista en BD</span>
							<div class='pre'><pre>java.lang.AssertionError: La tabla CUSTOMER no se encuentra en el modelo de Datos
	at org.junit.Assert.fail(Assert.java:88)
	at org.junit.Assert.assertTrue(Assert.java:41)
	at com.sodimac.automation.definition.tablasBUCDefinition.valido_que_la_tabla_exista_en_BD(tablasBUCDefinition.java:30)
	at ✽.Then valido que la tabla exista en BD(steps/tablasBUC.feature:6)
</pre></div>
					</li>
				</ul>
		</li>
		<li test-id='6' class='node scenario fail' status='fail'>
			<div class='category-list'>
				<span class='category label white-text'>@ExistenTodasTablasBDBUC</span>
			</div>
			
			<b>Scenario</b>
			
			<span class="bdd-step-name">Verifico que existan las tablas en BD</span>
			
				<ul class='steps'>
					<li test-id='7' class='node when pass' status='pass'><b>When</b>
						<span class="bdd-step-name">When Consulto si existe en el esquema"public" la tabla"LOV"</span>
							<div class='pre'>passed</div>
					</li>
					<li test-id='8' class='node then fail' status='fail'><b>Then</b>
						<span class="bdd-step-name">Then valido que la tabla exista en BD</span>
							<div class='pre'><pre>java.lang.AssertionError: La tabla LOV no se encuentra en el modelo de Datos
	at org.junit.Assert.fail(Assert.java:88)
	at org.junit.Assert.assertTrue(Assert.java:41)
	at com.sodimac.automation.definition.tablasBUCDefinition.valido_que_la_tabla_exista_en_BD(tablasBUCDefinition.java:30)
	at ✽.Then valido que la tabla exista en BD(steps/tablasBUC.feature:6)
</pre></div>
					</li>
				</ul>
		</li>
		<li test-id='9' class='node scenario fail' status='fail'>
			<div class='category-list'>
				<span class='category label white-text'>@ExistenTodasTablasBDBUC</span>
			</div>
			
			<b>Scenario</b>
			
			<span class="bdd-step-name">Verifico que existan las tablas en BD</span>
			
				<ul class='steps'>
					<li test-id='10' class='node when pass' status='pass'><b>When</b>
						<span class="bdd-step-name">When Consulto si existe en el esquema"public" la tabla"TRANSACTION_LOG"</span>
							<div class='pre'>passed</div>
					</li>
					<li test-id='11' class='node then fail' status='fail'><b>Then</b>
						<span class="bdd-step-name">Then valido que la tabla exista en BD</span>
							<div class='pre'><pre>java.lang.AssertionError: La tabla TRANSACTION_LOG no se encuentra en el modelo de Datos
	at org.junit.Assert.fail(Assert.java:88)
	at org.junit.Assert.assertTrue(Assert.java:41)
	at com.sodimac.automation.definition.tablasBUCDefinition.valido_que_la_tabla_exista_en_BD(tablasBUCDefinition.java:30)
	at ✽.Then valido que la tabla exista en BD(steps/tablasBUC.feature:6)
</pre></div>
					</li>
				</ul>
		</li>
		<li test-id='12' class='node scenario fail' status='fail'>
			<div class='category-list'>
				<span class='category label white-text'>@ExistenTodasTablasBDBUC</span>
			</div>
			
			<b>Scenario</b>
			
			<span class="bdd-step-name">Verifico que existan las tablas en BD</span>
			
				<ul class='steps'>
					<li test-id='13' class='node when pass' status='pass'><b>When</b>
						<span class="bdd-step-name">When Consulto si existe en el esquema"public" la tabla"CONTACT"</span>
							<div class='pre'>passed</div>
					</li>
					<li test-id='14' class='node then fail' status='fail'><b>Then</b>
						<span class="bdd-step-name">Then valido que la tabla exista en BD</span>
							<div class='pre'><pre>java.lang.AssertionError: La tabla CONTACT no se encuentra en el modelo de Datos
	at org.junit.Assert.fail(Assert.java:88)
	at org.junit.Assert.assertTrue(Assert.java:41)
	at com.sodimac.automation.definition.tablasBUCDefinition.valido_que_la_tabla_exista_en_BD(tablasBUCDefinition.java:30)
	at ✽.Then valido que la tabla exista en BD(steps/tablasBUC.feature:6)
</pre></div>
					</li>
				</ul>
		</li>
		<li test-id='15' class='node scenario fail' status='fail'>
			<div class='category-list'>
				<span class='category label white-text'>@ExistenTodasTablasBDBUC</span>
			</div>
			
			<b>Scenario</b>
			
			<span class="bdd-step-name">Verifico que existan las tablas en BD</span>
			
				<ul class='steps'>
					<li test-id='16' class='node when pass' status='pass'><b>When</b>
						<span class="bdd-step-name">When Consulto si existe en el esquema"public" la tabla"CONTACT_METHOD"</span>
							<div class='pre'>passed</div>
					</li>
					<li test-id='17' class='node then fail' status='fail'><b>Then</b>
						<span class="bdd-step-name">Then valido que la tabla exista en BD</span>
							<div class='pre'><pre>java.lang.AssertionError: La tabla CONTACT_METHOD no se encuentra en el modelo de Datos
	at org.junit.Assert.fail(Assert.java:88)
	at org.junit.Assert.assertTrue(Assert.java:41)
	at com.sodimac.automation.definition.tablasBUCDefinition.valido_que_la_tabla_exista_en_BD(tablasBUCDefinition.java:30)
	at ✽.Then valido que la tabla exista en BD(steps/tablasBUC.feature:6)
</pre></div>
					</li>
				</ul>
		</li>
		<li test-id='18' class='node scenario fail' status='fail'>
			<div class='category-list'>
				<span class='category label white-text'>@ExistenTodasTablasBDBUC</span>
			</div>
			
			<b>Scenario</b>
			
			<span class="bdd-step-name">Verifico que existan las tablas en BD</span>
			
				<ul class='steps'>
					<li test-id='19' class='node when pass' status='pass'><b>When</b>
						<span class="bdd-step-name">When Consulto si existe en el esquema"public" la tabla"ECONOMY_ACTIVITY"</span>
							<div class='pre'>passed</div>
					</li>
					<li test-id='20' class='node then fail' status='fail'><b>Then</b>
						<span class="bdd-step-name">Then valido que la tabla exista en BD</span>
							<div class='pre'><pre>java.lang.AssertionError: La tabla ECONOMY_ACTIVITY no se encuentra en el modelo de Datos
	at org.junit.Assert.fail(Assert.java:88)
	at org.junit.Assert.assertTrue(Assert.java:41)
	at com.sodimac.automation.definition.tablasBUCDefinition.valido_que_la_tabla_exista_en_BD(tablasBUCDefinition.java:30)
	at ✽.Then valido que la tabla exista en BD(steps/tablasBUC.feature:6)
</pre></div>
					</li>
				</ul>
		</li>
		<li test-id='21' class='node scenario fail' status='fail'>
			<div class='category-list'>
				<span class='category label white-text'>@ExistenTodasTablasBDBUC</span>
			</div>
			
			<b>Scenario</b>
			
			<span class="bdd-step-name">Verifico que existan las tablas en BD</span>
			
				<ul class='steps'>
					<li test-id='22' class='node when pass' status='pass'><b>When</b>
						<span class="bdd-step-name">When Consulto si existe en el esquema"public" la tabla"ECONOMY_TYPE"</span>
							<div class='pre'>passed</div>
					</li>
					<li test-id='23' class='node then fail' status='fail'><b>Then</b>
						<span class="bdd-step-name">Then valido que la tabla exista en BD</span>
							<div class='pre'><pre>java.lang.AssertionError: La tabla ECONOMY_TYPE no se encuentra en el modelo de Datos
	at org.junit.Assert.fail(Assert.java:88)
	at org.junit.Assert.assertTrue(Assert.java:41)
	at com.sodimac.automation.definition.tablasBUCDefinition.valido_que_la_tabla_exista_en_BD(tablasBUCDefinition.java:30)
	at ✽.Then valido que la tabla exista en BD(steps/tablasBUC.feature:6)
</pre></div>
					</li>
				</ul>
		</li>
		<li test-id='24' class='node scenario fail' status='fail'>
			<div class='category-list'>
				<span class='category label white-text'>@ExistenTodasTablasBDBUC</span>
			</div>
			
			<b>Scenario</b>
			
			<span class="bdd-step-name">Verifico que existan las tablas en BD</span>
			
				<ul class='steps'>
					<li test-id='25' class='node when pass' status='pass'><b>When</b>
						<span class="bdd-step-name">When Consulto si existe en el esquema"public" la tabla"ADDRESS"</span>
							<div class='pre'>passed</div>
					</li>
					<li test-id='26' class='node then fail' status='fail'><b>Then</b>
						<span class="bdd-step-name">Then valido que la tabla exista en BD</span>
							<div class='pre'><pre>java.lang.AssertionError: La tabla ADDRESS no se encuentra en el modelo de Datos
	at org.junit.Assert.fail(Assert.java:88)
	at org.junit.Assert.assertTrue(Assert.java:41)
	at com.sodimac.automation.definition.tablasBUCDefinition.valido_que_la_tabla_exista_en_BD(tablasBUCDefinition.java:30)
	at ✽.Then valido que la tabla exista en BD(steps/tablasBUC.feature:6)
</pre></div>
					</li>
				</ul>
		</li>
	</ul>
</div>
<div class='scenariooutline node' test-id='27' status='fail'>
	<span class='duration right label'>0h 1m 30s+100ms</span>
	<div class='desc'>
		<b>ScenarioOutline</b>
		<span class="desc-text">Verifico PK en las tablas</span>
	</div>
	<ul class='steps'>
		<li test-id='28' class='node scenario fail' status='fail'>
			<div class='category-list'>
				<span class='category label white-text'>@VerificarTodasTablasTenganPK</span>
			</div>
			
			<b>Scenario</b>
			
			<span class="bdd-step-name">Verifico PK en las tablas</span>
			
				<ul class='steps'>
					<li test-id='29' class='node when pass' status='pass'><b>When</b>
						<span class="bdd-step-name">When realizo consulta de la PK"CUSTOMER_ID" en la tabla"CUSTOMER"</span>
							<div class='pre'>passed</div>
					</li>
					<li test-id='30' class='node then fail' status='fail'><b>Then</b>
						<span class="bdd-step-name">Then valido constraint PK</span>
							<div class='pre'><pre>java.lang.AssertionError: El Campo CUSTOMER_ID no esta creado como PK de la tabla CUSTOMER
	at org.junit.Assert.fail(Assert.java:88)
	at org.junit.Assert.assertTrue(Assert.java:41)
	at com.sodimac.automation.definition.tablasBUCDefinition.valido_constraint_PK(tablasBUCDefinition.java:47)
	at ✽.Then valido constraint PK(steps/tablasBUC.feature:23)
</pre></div>
					</li>
				</ul>
		</li>
		<li test-id='31' class='node scenario fail' status='fail'>
			<div class='category-list'>
				<span class='category label white-text'>@VerificarTodasTablasTenganPK</span>
			</div>
			
			<b>Scenario</b>
			
			<span class="bdd-step-name">Verifico PK en las tablas</span>
			
				<ul class='steps'>
					<li test-id='32' class='node when pass' status='pass'><b>When</b>
						<span class="bdd-step-name">When realizo consulta de la PK"LOV_ID" en la tabla"LOV"</span>
							<div class='pre'>passed</div>
					</li>
					<li test-id='33' class='node then fail' status='fail'><b>Then</b>
						<span class="bdd-step-name">Then valido constraint PK</span>
							<div class='pre'><pre>java.lang.AssertionError: El Campo LOV_ID no esta creado como PK de la tabla LOV
	at org.junit.Assert.fail(Assert.java:88)
	at org.junit.Assert.assertTrue(Assert.java:41)
	at com.sodimac.automation.definition.tablasBUCDefinition.valido_constraint_PK(tablasBUCDefinition.java:47)
	at ✽.Then valido constraint PK(steps/tablasBUC.feature:23)
</pre></div>
					</li>
				</ul>
		</li>
		<li test-id='34' class='node scenario fail' status='fail'>
			<div class='category-list'>
				<span class='category label white-text'>@VerificarTodasTablasTenganPK</span>
			</div>
			
			<b>Scenario</b>
			
			<span class="bdd-step-name">Verifico PK en las tablas</span>
			
				<ul class='steps'>
					<li test-id='35' class='node when pass' status='pass'><b>When</b>
						<span class="bdd-step-name">When realizo consulta de la PK"CONTACT_ID" en la tabla"CONTACT"</span>
							<div class='pre'>passed</div>
					</li>
					<li test-id='36' class='node then fail' status='fail'><b>Then</b>
						<span class="bdd-step-name">Then valido constraint PK</span>
							<div class='pre'><pre>java.lang.AssertionError: El Campo CONTACT_ID no esta creado como PK de la tabla CONTACT
	at org.junit.Assert.fail(Assert.java:88)
	at org.junit.Assert.assertTrue(Assert.java:41)
	at com.sodimac.automation.definition.tablasBUCDefinition.valido_constraint_PK(tablasBUCDefinition.java:47)
	at ✽.Then valido constraint PK(steps/tablasBUC.feature:23)
</pre></div>
					</li>
				</ul>
		</li>
		<li test-id='37' class='node scenario fail' status='fail'>
			<div class='category-list'>
				<span class='category label white-text'>@VerificarTodasTablasTenganPK</span>
			</div>
			
			<b>Scenario</b>
			
			<span class="bdd-step-name">Verifico PK en las tablas</span>
			
				<ul class='steps'>
					<li test-id='38' class='node when pass' status='pass'><b>When</b>
						<span class="bdd-step-name">When realizo consulta de la PK"CONTACT_METHOD_ID" en la tabla"CONTACT_METHOD"</span>
							<div class='pre'>passed</div>
					</li>
					<li test-id='39' class='node then fail' status='fail'><b>Then</b>
						<span class="bdd-step-name">Then valido constraint PK</span>
							<div class='pre'><pre>java.lang.AssertionError: El Campo CONTACT_METHOD_ID no esta creado como PK de la tabla CONTACT_METHOD
	at org.junit.Assert.fail(Assert.java:88)
	at org.junit.Assert.assertTrue(Assert.java:41)
	at com.sodimac.automation.definition.tablasBUCDefinition.valido_constraint_PK(tablasBUCDefinition.java:47)
	at ✽.Then valido constraint PK(steps/tablasBUC.feature:23)
</pre></div>
					</li>
				</ul>
		</li>
		<li test-id='40' class='node scenario fail' status='fail'>
			<div class='category-list'>
				<span class='category label white-text'>@VerificarTodasTablasTenganPK</span>
			</div>
			
			<b>Scenario</b>
			
			<span class="bdd-step-name">Verifico PK en las tablas</span>
			
				<ul class='steps'>
					<li test-id='41' class='node when pass' status='pass'><b>When</b>
						<span class="bdd-step-name">When realizo consulta de la PK"ECONOMY_ACTIVITY_ID" en la tabla"ECONOMY_ACTIVITY"</span>
							<div class='pre'>passed</div>
					</li>
					<li test-id='42' class='node then fail' status='fail'><b>Then</b>
						<span class="bdd-step-name">Then valido constraint PK</span>
							<div class='pre'><pre>java.lang.AssertionError: El Campo ECONOMY_ACTIVITY_ID no esta creado como PK de la tabla ECONOMY_ACTIVITY
	at org.junit.Assert.fail(Assert.java:88)
	at org.junit.Assert.assertTrue(Assert.java:41)
	at com.sodimac.automation.definition.tablasBUCDefinition.valido_constraint_PK(tablasBUCDefinition.java:47)
	at ✽.Then valido constraint PK(steps/tablasBUC.feature:23)
</pre></div>
					</li>
				</ul>
		</li>
		<li test-id='43' class='node scenario fail' status='fail'>
			<div class='category-list'>
				<span class='category label white-text'>@VerificarTodasTablasTenganPK</span>
			</div>
			
			<b>Scenario</b>
			
			<span class="bdd-step-name">Verifico PK en las tablas</span>
			
				<ul class='steps'>
					<li test-id='44' class='node when pass' status='pass'><b>When</b>
						<span class="bdd-step-name">When realizo consulta de la PK"ADDRESS_ID" en la tabla"ADDRESS"</span>
							<div class='pre'>passed</div>
					</li>
					<li test-id='45' class='node then fail' status='fail'><b>Then</b>
						<span class="bdd-step-name">Then valido constraint PK</span>
							<div class='pre'><pre>java.lang.AssertionError: El Campo ADDRESS_ID no esta creado como PK de la tabla ADDRESS
	at org.junit.Assert.fail(Assert.java:88)
	at org.junit.Assert.assertTrue(Assert.java:41)
	at com.sodimac.automation.definition.tablasBUCDefinition.valido_constraint_PK(tablasBUCDefinition.java:47)
	at ✽.Then valido constraint PK(steps/tablasBUC.feature:23)
</pre></div>
					</li>
				</ul>
		</li>
		<li test-id='46' class='node scenario fail' status='fail'>
			<div class='category-list'>
				<span class='category label white-text'>@VerificarTodasTablasTenganPK</span>
			</div>
			
			<b>Scenario</b>
			
			<span class="bdd-step-name">Verifico PK en las tablas</span>
			
				<ul class='steps'>
					<li test-id='47' class='node when pass' status='pass'><b>When</b>
						<span class="bdd-step-name">When realizo consulta de la PK"AUDIT_ID" en la tabla"TRANSACTION_LOG"</span>
							<div class='pre'>passed</div>
					</li>
					<li test-id='48' class='node then fail' status='fail'><b>Then</b>
						<span class="bdd-step-name">Then valido constraint PK</span>
							<div class='pre'><pre>java.lang.AssertionError: El Campo AUDIT_ID no esta creado como PK de la tabla TRANSACTION_LOG
	at org.junit.Assert.fail(Assert.java:88)
	at org.junit.Assert.assertTrue(Assert.java:41)
	at com.sodimac.automation.definition.tablasBUCDefinition.valido_constraint_PK(tablasBUCDefinition.java:47)
	at ✽.Then valido constraint PK(steps/tablasBUC.feature:23)
</pre></div>
					</li>
				</ul>
		</li>
		<li test-id='49' class='node scenario fail' status='fail'>
			<div class='category-list'>
				<span class='category label white-text'>@VerificarTodasTablasTenganPK</span>
			</div>
			
			<b>Scenario</b>
			
			<span class="bdd-step-name">Verifico PK en las tablas</span>
			
				<ul class='steps'>
					<li test-id='50' class='node when pass' status='pass'><b>When</b>
						<span class="bdd-step-name">When realizo consulta de la PK"ECONOMY_ACTIVITY_ID" en la tabla"ECONOMY_TYPE"</span>
							<div class='pre'>passed</div>
					</li>
					<li test-id='51' class='node then fail' status='fail'><b>Then</b>
						<span class="bdd-step-name">Then valido constraint PK</span>
							<div class='pre'><pre>java.lang.AssertionError: El Campo ECONOMY_ACTIVITY_ID no esta creado como PK de la tabla ECONOMY_TYPE
	at org.junit.Assert.fail(Assert.java:88)
	at org.junit.Assert.assertTrue(Assert.java:41)
	at com.sodimac.automation.definition.tablasBUCDefinition.valido_constraint_PK(tablasBUCDefinition.java:47)
	at ✽.Then valido constraint PK(steps/tablasBUC.feature:23)
</pre></div>
					</li>
				</ul>
		</li>
		<li test-id='52' class='node scenario fail' status='fail'>
			<div class='category-list'>
				<span class='category label white-text'>@VerificarTodasTablasTenganPK</span>
			</div>
			
			<b>Scenario</b>
			
			<span class="bdd-step-name">Verifico PK en las tablas</span>
			
				<ul class='steps'>
					<li test-id='53' class='node when pass' status='pass'><b>When</b>
						<span class="bdd-step-name">When realizo consulta de la PK"CUSTOMER_ID" en la tabla"ECONOMY_TYPE"</span>
							<div class='pre'>passed</div>
					</li>
					<li test-id='54' class='node then fail' status='fail'><b>Then</b>
						<span class="bdd-step-name">Then valido constraint PK</span>
							<div class='pre'><pre>java.lang.AssertionError: El Campo CUSTOMER_ID no esta creado como PK de la tabla ECONOMY_TYPE
	at org.junit.Assert.fail(Assert.java:88)
	at org.junit.Assert.assertTrue(Assert.java:41)
	at com.sodimac.automation.definition.tablasBUCDefinition.valido_constraint_PK(tablasBUCDefinition.java:47)
	at ✽.Then valido constraint PK(steps/tablasBUC.feature:23)
</pre></div>
					</li>
				</ul>
		</li>
	</ul>
</div>
<div class='scenariooutline node' test-id='55' status='fail'>
	<span class='duration right label'>0h 1m 10s+41ms</span>
	<div class='desc'>
		<b>ScenarioOutline</b>
		<span class="desc-text">Verifico que los FK de la tablas existan en las tablas primarias</span>
	</div>
	<ul class='steps'>
		<li test-id='56' class='node scenario fail' status='fail'>
			<div class='category-list'>
				<span class='category label white-text'>@VerificoFKseanPKEnTablas</span>
			</div>
			
			<b>Scenario</b>
			
			<span class="bdd-step-name">Verifico que los FK de la tablas existan en las tablas primarias</span>
			
				<ul class='steps'>
					<li test-id='57' class='node when pass' status='pass'><b>When</b>
						<span class="bdd-step-name">When realizo consulta del campo FK"CUSTOMER_ID" en la tabla"ADDRESS"</span>
							<div class='pre'>passed</div>
					</li>
					<li test-id='58' class='node then fail' status='fail'><b>Then</b>
						<span class="bdd-step-name">Then valido que el campo FK sea PK en la tabla primaria</span>
							<div class='pre'><pre>java.lang.AssertionError: El Campo CUSTOMER_ID no esta creado como FK de la tabla ADDRESS
	at org.junit.Assert.fail(Assert.java:88)
	at org.junit.Assert.assertTrue(Assert.java:41)
	at org.junit.Assert.assertFalse(Assert.java:64)
	at com.sodimac.automation.definition.tablasBUCDefinition.valido_que_el_campo_FK_sea_PK_en_la_tabla_primaria(tablasBUCDefinition.java:69)
	at ✽.Then valido que el campo FK sea PK en la tabla primaria(steps/tablasBUC.feature:41)
</pre></div>
					</li>
				</ul>
		</li>
		<li test-id='59' class='node scenario fail' status='fail'>
			<div class='category-list'>
				<span class='category label white-text'>@VerificoFKseanPKEnTablas</span>
			</div>
			
			<b>Scenario</b>
			
			<span class="bdd-step-name">Verifico que los FK de la tablas existan en las tablas primarias</span>
			
				<ul class='steps'>
					<li test-id='60' class='node when pass' status='pass'><b>When</b>
						<span class="bdd-step-name">When realizo consulta del campo FK"CUSTOMER_ID" en la tabla"CONTACT_METHOD"</span>
							<div class='pre'>passed</div>
					</li>
					<li test-id='61' class='node then fail' status='fail'><b>Then</b>
						<span class="bdd-step-name">Then valido que el campo FK sea PK en la tabla primaria</span>
							<div class='pre'><pre>java.lang.AssertionError: El Campo CUSTOMER_ID no esta creado como FK de la tabla CONTACT_METHOD
	at org.junit.Assert.fail(Assert.java:88)
	at org.junit.Assert.assertTrue(Assert.java:41)
	at org.junit.Assert.assertFalse(Assert.java:64)
	at com.sodimac.automation.definition.tablasBUCDefinition.valido_que_el_campo_FK_sea_PK_en_la_tabla_primaria(tablasBUCDefinition.java:69)
	at ✽.Then valido que el campo FK sea PK en la tabla primaria(steps/tablasBUC.feature:41)
</pre></div>
					</li>
				</ul>
		</li>
		<li test-id='62' class='node scenario fail' status='fail'>
			<div class='category-list'>
				<span class='category label white-text'>@VerificoFKseanPKEnTablas</span>
			</div>
			
			<b>Scenario</b>
			
			<span class="bdd-step-name">Verifico que los FK de la tablas existan en las tablas primarias</span>
			
				<ul class='steps'>
					<li test-id='63' class='node when pass' status='pass'><b>When</b>
						<span class="bdd-step-name">When realizo consulta del campo FK"CONTACT_ID" en la tabla"CONTACT_METHOD"</span>
							<div class='pre'>passed</div>
					</li>
					<li test-id='64' class='node then fail' status='fail'><b>Then</b>
						<span class="bdd-step-name">Then valido que el campo FK sea PK en la tabla primaria</span>
							<div class='pre'><pre>java.lang.AssertionError: El Campo CONTACT_ID no esta creado como FK de la tabla CONTACT_METHOD
	at org.junit.Assert.fail(Assert.java:88)
	at org.junit.Assert.assertTrue(Assert.java:41)
	at org.junit.Assert.assertFalse(Assert.java:64)
	at com.sodimac.automation.definition.tablasBUCDefinition.valido_que_el_campo_FK_sea_PK_en_la_tabla_primaria(tablasBUCDefinition.java:69)
	at ✽.Then valido que el campo FK sea PK en la tabla primaria(steps/tablasBUC.feature:41)
</pre></div>
					</li>
				</ul>
		</li>
		<li test-id='65' class='node scenario fail' status='fail'>
			<div class='category-list'>
				<span class='category label white-text'>@VerificoFKseanPKEnTablas</span>
			</div>
			
			<b>Scenario</b>
			
			<span class="bdd-step-name">Verifico que los FK de la tablas existan en las tablas primarias</span>
			
				<ul class='steps'>
					<li test-id='66' class='node when pass' status='pass'><b>When</b>
						<span class="bdd-step-name">When realizo consulta del campo FK"CUSTOMER_ID" en la tabla"CONTACT"</span>
							<div class='pre'>passed</div>
					</li>
					<li test-id='67' class='node then fail' status='fail'><b>Then</b>
						<span class="bdd-step-name">Then valido que el campo FK sea PK en la tabla primaria</span>
							<div class='pre'><pre>java.lang.AssertionError: El Campo CUSTOMER_ID no esta creado como FK de la tabla CONTACT
	at org.junit.Assert.fail(Assert.java:88)
	at org.junit.Assert.assertTrue(Assert.java:41)
	at org.junit.Assert.assertFalse(Assert.java:64)
	at com.sodimac.automation.definition.tablasBUCDefinition.valido_que_el_campo_FK_sea_PK_en_la_tabla_primaria(tablasBUCDefinition.java:69)
	at ✽.Then valido que el campo FK sea PK en la tabla primaria(steps/tablasBUC.feature:41)
</pre></div>
					</li>
				</ul>
		</li>
		<li test-id='68' class='node scenario fail' status='fail'>
			<div class='category-list'>
				<span class='category label white-text'>@VerificoFKseanPKEnTablas</span>
			</div>
			
			<b>Scenario</b>
			
			<span class="bdd-step-name">Verifico que los FK de la tablas existan en las tablas primarias</span>
			
				<ul class='steps'>
					<li test-id='69' class='node when pass' status='pass'><b>When</b>
						<span class="bdd-step-name">When realizo consulta del campo FK"FK_PARENT_ID" en la tabla"LOV"</span>
							<div class='pre'>passed</div>
					</li>
					<li test-id='70' class='node then fail' status='fail'><b>Then</b>
						<span class="bdd-step-name">Then valido que el campo FK sea PK en la tabla primaria</span>
							<div class='pre'><pre>java.lang.AssertionError: El Campo FK_PARENT_ID no esta creado como FK de la tabla LOV
	at org.junit.Assert.fail(Assert.java:88)
	at org.junit.Assert.assertTrue(Assert.java:41)
	at org.junit.Assert.assertFalse(Assert.java:64)
	at com.sodimac.automation.definition.tablasBUCDefinition.valido_que_el_campo_FK_sea_PK_en_la_tabla_primaria(tablasBUCDefinition.java:69)
	at ✽.Then valido que el campo FK sea PK en la tabla primaria(steps/tablasBUC.feature:41)
</pre></div>
					</li>
				</ul>
		</li>
		<li test-id='71' class='node scenario fail' status='fail'>
			<div class='category-list'>
				<span class='category label white-text'>@VerificoFKseanPKEnTablas</span>
			</div>
			
			<b>Scenario</b>
			
			<span class="bdd-step-name">Verifico que los FK de la tablas existan en las tablas primarias</span>
			
				<ul class='steps'>
					<li test-id='72' class='node when pass' status='pass'><b>When</b>
						<span class="bdd-step-name">When realizo consulta del campo FK"ECONOMY_ACTIVITY_ID" en la tabla"ECONOMY_TYPE"</span>
							<div class='pre'>passed</div>
					</li>
					<li test-id='73' class='node then fail' status='fail'><b>Then</b>
						<span class="bdd-step-name">Then valido que el campo FK sea PK en la tabla primaria</span>
							<div class='pre'><pre>java.lang.AssertionError: El Campo ECONOMY_ACTIVITY_ID no esta creado como FK de la tabla ECONOMY_TYPE
	at org.junit.Assert.fail(Assert.java:88)
	at org.junit.Assert.assertTrue(Assert.java:41)
	at org.junit.Assert.assertFalse(Assert.java:64)
	at com.sodimac.automation.definition.tablasBUCDefinition.valido_que_el_campo_FK_sea_PK_en_la_tabla_primaria(tablasBUCDefinition.java:69)
	at ✽.Then valido que el campo FK sea PK en la tabla primaria(steps/tablasBUC.feature:41)
</pre></div>
					</li>
				</ul>
		</li>
		<li test-id='74' class='node scenario fail' status='fail'>
			<div class='category-list'>
				<span class='category label white-text'>@VerificoFKseanPKEnTablas</span>
			</div>
			
			<b>Scenario</b>
			
			<span class="bdd-step-name">Verifico que los FK de la tablas existan en las tablas primarias</span>
			
				<ul class='steps'>
					<li test-id='75' class='node when pass' status='pass'><b>When</b>
						<span class="bdd-step-name">When realizo consulta del campo FK"CUSTOMER_ID" en la tabla"ECONOMY_TYPE"</span>
							<div class='pre'>passed</div>
					</li>
					<li test-id='76' class='node then fail' status='fail'><b>Then</b>
						<span class="bdd-step-name">Then valido que el campo FK sea PK en la tabla primaria</span>
							<div class='pre'><pre>java.lang.AssertionError: El Campo CUSTOMER_ID no esta creado como FK de la tabla ECONOMY_TYPE
	at org.junit.Assert.fail(Assert.java:88)
	at org.junit.Assert.assertTrue(Assert.java:41)
	at org.junit.Assert.assertFalse(Assert.java:64)
	at com.sodimac.automation.definition.tablasBUCDefinition.valido_que_el_campo_FK_sea_PK_en_la_tabla_primaria(tablasBUCDefinition.java:69)
	at ✽.Then valido que el campo FK sea PK en la tabla primaria(steps/tablasBUC.feature:41)
</pre></div>
					</li>
				</ul>
		</li>
	</ul>
</div>
<div class='scenariooutline node' test-id='77' status='fail'>
	<span class='duration right label'>0h 8m 40s+379ms</span>
	<div class='desc'>
		<b>ScenarioOutline</b>
		<span class="desc-text">Verifico Campos Obligatorios en las tabla</span>
	</div>
	<ul class='steps'>
		<li test-id='78' class='node scenario fail' status='fail'>
			<div class='category-list'>
				<span class='category label white-text'>@VerificoCamposObligatoriosNotNull</span>
			</div>
			
			<b>Scenario</b>
			
			<span class="bdd-step-name">Verifico Campos Obligatorios en las tabla</span>
			
				<ul class='steps'>
					<li test-id='79' class='node when pass' status='pass'><b>When</b>
						<span class="bdd-step-name">When realizo consulta de campo"CUSTOMER_ID" en la table"CUSTOMER"</span>
							<div class='pre'>passed</div>
					</li>
					<li test-id='80' class='node then fail' status='fail'><b>Then</b>
						<span class="bdd-step-name">Then valido que el campo sea obligatorio</span>
							<div class='pre'><pre>java.lang.AssertionError: El Campo CUSTOMER_ID no esta creado en la tabla CUSTOMER
	at org.junit.Assert.fail(Assert.java:88)
	at org.junit.Assert.assertTrue(Assert.java:41)
	at org.junit.Assert.assertFalse(Assert.java:64)
	at com.sodimac.automation.definition.tablasBUCDefinition.valido_que_el_campo_sea_obligatorio(tablasBUCDefinition.java:90)
	at ✽.Then valido que el campo sea obligatorio(steps/tablasBUC.feature:57)
</pre></div>
					</li>
				</ul>
		</li>
		<li test-id='81' class='node scenario fail' status='fail'>
			<div class='category-list'>
				<span class='category label white-text'>@VerificoCamposObligatoriosNotNull</span>
			</div>
			
			<b>Scenario</b>
			
			<span class="bdd-step-name">Verifico Campos Obligatorios en las tabla</span>
			
				<ul class='steps'>
					<li test-id='82' class='node when pass' status='pass'><b>When</b>
						<span class="bdd-step-name">When realizo consulta de campo"NAME" en la table"CUSTOMER"</span>
							<div class='pre'>passed</div>
					</li>
					<li test-id='83' class='node then fail' status='fail'><b>Then</b>
						<span class="bdd-step-name">Then valido que el campo sea obligatorio</span>
							<div class='pre'><pre>java.lang.AssertionError: El Campo NAME no esta creado en la tabla CUSTOMER
	at org.junit.Assert.fail(Assert.java:88)
	at org.junit.Assert.assertTrue(Assert.java:41)
	at org.junit.Assert.assertFalse(Assert.java:64)
	at com.sodimac.automation.definition.tablasBUCDefinition.valido_que_el_campo_sea_obligatorio(tablasBUCDefinition.java:90)
	at ✽.Then valido que el campo sea obligatorio(steps/tablasBUC.feature:57)
</pre></div>
					</li>
				</ul>
		</li>
		<li test-id='84' class='node scenario fail' status='fail'>
			<div class='category-list'>
				<span class='category label white-text'>@VerificoCamposObligatoriosNotNull</span>
			</div>
			
			<b>Scenario</b>
			
			<span class="bdd-step-name">Verifico Campos Obligatorios en las tabla</span>
			
				<ul class='steps'>
					<li test-id='85' class='node when pass' status='pass'><b>When</b>
						<span class="bdd-step-name">When realizo consulta de campo"CUSTOMER_TYPE" en la table"CUSTOMER"</span>
							<div class='pre'>passed</div>
					</li>
					<li test-id='86' class='node then fail' status='fail'><b>Then</b>
						<span class="bdd-step-name">Then valido que el campo sea obligatorio</span>
							<div class='pre'><pre>java.lang.AssertionError: El Campo CUSTOMER_TYPE no esta creado en la tabla CUSTOMER
	at org.junit.Assert.fail(Assert.java:88)
	at org.junit.Assert.assertTrue(Assert.java:41)
	at org.junit.Assert.assertFalse(Assert.java:64)
	at com.sodimac.automation.definition.tablasBUCDefinition.valido_que_el_campo_sea_obligatorio(tablasBUCDefinition.java:90)
	at ✽.Then valido que el campo sea obligatorio(steps/tablasBUC.feature:57)
</pre></div>
					</li>
				</ul>
		</li>
		<li test-id='87' class='node scenario fail' status='fail'>
			<div class='category-list'>
				<span class='category label white-text'>@VerificoCamposObligatoriosNotNull</span>
			</div>
			
			<b>Scenario</b>
			
			<span class="bdd-step-name">Verifico Campos Obligatorios en las tabla</span>
			
				<ul class='steps'>
					<li test-id='88' class='node when pass' status='pass'><b>When</b>
						<span class="bdd-step-name">When realizo consulta de campo"QUALITY" en la table"CUSTOMER"</span>
							<div class='pre'>passed</div>
					</li>
					<li test-id='89' class='node then fail' status='fail'><b>Then</b>
						<span class="bdd-step-name">Then valido que el campo sea obligatorio</span>
							<div class='pre'><pre>java.lang.AssertionError: El Campo QUALITY no esta creado en la tabla CUSTOMER
	at org.junit.Assert.fail(Assert.java:88)
	at org.junit.Assert.assertTrue(Assert.java:41)
	at org.junit.Assert.assertFalse(Assert.java:64)
	at com.sodimac.automation.definition.tablasBUCDefinition.valido_que_el_campo_sea_obligatorio(tablasBUCDefinition.java:90)
	at ✽.Then valido que el campo sea obligatorio(steps/tablasBUC.feature:57)
</pre></div>
					</li>
				</ul>
		</li>
		<li test-id='90' class='node scenario fail' status='fail'>
			<div class='category-list'>
				<span class='category label white-text'>@VerificoCamposObligatoriosNotNull</span>
			</div>
			
			<b>Scenario</b>
			
			<span class="bdd-step-name">Verifico Campos Obligatorios en las tabla</span>
			
				<ul class='steps'>
					<li test-id='91' class='node when pass' status='pass'><b>When</b>
						<span class="bdd-step-name">When realizo consulta de campo"SOURCE_REGISTRATION" en la table"CUSTOMER"</span>
							<div class='pre'>passed</div>
					</li>
					<li test-id='92' class='node then fail' status='fail'><b>Then</b>
						<span class="bdd-step-name">Then valido que el campo sea obligatorio</span>
							<div class='pre'><pre>java.lang.AssertionError: El Campo SOURCE_REGISTRATION no esta creado en la tabla CUSTOMER
	at org.junit.Assert.fail(Assert.java:88)
	at org.junit.Assert.assertTrue(Assert.java:41)
	at org.junit.Assert.assertFalse(Assert.java:64)
	at com.sodimac.automation.definition.tablasBUCDefinition.valido_que_el_campo_sea_obligatorio(tablasBUCDefinition.java:90)
	at ✽.Then valido que el campo sea obligatorio(steps/tablasBUC.feature:57)
</pre></div>
					</li>
				</ul>
		</li>
		<li test-id='93' class='node scenario fail' status='fail'>
			<div class='category-list'>
				<span class='category label white-text'>@VerificoCamposObligatoriosNotNull</span>
			</div>
			
			<b>Scenario</b>
			
			<span class="bdd-step-name">Verifico Campos Obligatorios en las tabla</span>
			
				<ul class='steps'>
					<li test-id='94' class='node when pass' status='pass'><b>When</b>
						<span class="bdd-step-name">When realizo consulta de campo"ACTIVE" en la table"CUSTOMER"</span>
							<div class='pre'>passed</div>
					</li>
					<li test-id='95' class='node then fail' status='fail'><b>Then</b>
						<span class="bdd-step-name">Then valido que el campo sea obligatorio</span>
							<div class='pre'><pre>java.lang.AssertionError: El Campo ACTIVE no esta creado en la tabla CUSTOMER
	at org.junit.Assert.fail(Assert.java:88)
	at org.junit.Assert.assertTrue(Assert.java:41)
	at org.junit.Assert.assertFalse(Assert.java:64)
	at com.sodimac.automation.definition.tablasBUCDefinition.valido_que_el_campo_sea_obligatorio(tablasBUCDefinition.java:90)
	at ✽.Then valido que el campo sea obligatorio(steps/tablasBUC.feature:57)
</pre></div>
					</li>
				</ul>
		</li>
		<li test-id='96' class='node scenario fail' status='fail'>
			<div class='category-list'>
				<span class='category label white-text'>@VerificoCamposObligatoriosNotNull</span>
			</div>
			
			<b>Scenario</b>
			
			<span class="bdd-step-name">Verifico Campos Obligatorios en las tabla</span>
			
				<ul class='steps'>
					<li test-id='97' class='node when pass' status='pass'><b>When</b>
						<span class="bdd-step-name">When realizo consulta de campo"COUNTRY" en la table"CUSTOMER"</span>
							<div class='pre'>passed</div>
					</li>
					<li test-id='98' class='node then fail' status='fail'><b>Then</b>
						<span class="bdd-step-name">Then valido que el campo sea obligatorio</span>
							<div class='pre'><pre>java.lang.AssertionError: El Campo COUNTRY no esta creado en la tabla CUSTOMER
	at org.junit.Assert.fail(Assert.java:88)
	at org.junit.Assert.assertTrue(Assert.java:41)
	at org.junit.Assert.assertFalse(Assert.java:64)
	at com.sodimac.automation.definition.tablasBUCDefinition.valido_que_el_campo_sea_obligatorio(tablasBUCDefinition.java:90)
	at ✽.Then valido que el campo sea obligatorio(steps/tablasBUC.feature:57)
</pre></div>
					</li>
				</ul>
		</li>
		<li test-id='99' class='node scenario fail' status='fail'>
			<div class='category-list'>
				<span class='category label white-text'>@VerificoCamposObligatoriosNotNull</span>
			</div>
			
			<b>Scenario</b>
			
			<span class="bdd-step-name">Verifico Campos Obligatorios en las tabla</span>
			
				<ul class='steps'>
					<li test-id='100' class='node when pass' status='pass'><b>When</b>
						<span class="bdd-step-name">When realizo consulta de campo"IDENTIFIER_TYPE" en la table"CUSTOMER"</span>
							<div class='pre'>passed</div>
					</li>
					<li test-id='101' class='node then fail' status='fail'><b>Then</b>
						<span class="bdd-step-name">Then valido que el campo sea obligatorio</span>
							<div class='pre'><pre>java.lang.AssertionError: El Campo IDENTIFIER_TYPE no esta creado en la tabla CUSTOMER
	at org.junit.Assert.fail(Assert.java:88)
	at org.junit.Assert.assertTrue(Assert.java:41)
	at org.junit.Assert.assertFalse(Assert.java:64)
	at com.sodimac.automation.definition.tablasBUCDefinition.valido_que_el_campo_sea_obligatorio(tablasBUCDefinition.java:90)
	at ✽.Then valido que el campo sea obligatorio(steps/tablasBUC.feature:57)
</pre></div>
					</li>
				</ul>
		</li>
		<li test-id='102' class='node scenario fail' status='fail'>
			<div class='category-list'>
				<span class='category label white-text'>@VerificoCamposObligatoriosNotNull</span>
			</div>
			
			<b>Scenario</b>
			
			<span class="bdd-step-name">Verifico Campos Obligatorios en las tabla</span>
			
				<ul class='steps'>
					<li test-id='103' class='node when pass' status='pass'><b>When</b>
						<span class="bdd-step-name">When realizo consulta de campo"IDENTIFIER_VALUE" en la table"CUSTOMER"</span>
							<div class='pre'>passed</div>
					</li>
					<li test-id='104' class='node then fail' status='fail'><b>Then</b>
						<span class="bdd-step-name">Then valido que el campo sea obligatorio</span>
							<div class='pre'><pre>java.lang.AssertionError: El Campo IDENTIFIER_VALUE no esta creado en la tabla CUSTOMER
	at org.junit.Assert.fail(Assert.java:88)
	at org.junit.Assert.assertTrue(Assert.java:41)
	at org.junit.Assert.assertFalse(Assert.java:64)
	at com.sodimac.automation.definition.tablasBUCDefinition.valido_que_el_campo_sea_obligatorio(tablasBUCDefinition.java:90)
	at ✽.Then valido que el campo sea obligatorio(steps/tablasBUC.feature:57)
</pre></div>
					</li>
				</ul>
		</li>
		<li test-id='105' class='node scenario fail' status='fail'>
			<div class='category-list'>
				<span class='category label white-text'>@VerificoCamposObligatoriosNotNull</span>
			</div>
			
			<b>Scenario</b>
			
			<span class="bdd-step-name">Verifico Campos Obligatorios en las tabla</span>
			
				<ul class='steps'>
					<li test-id='106' class='node when pass' status='pass'><b>When</b>
						<span class="bdd-step-name">When realizo consulta de campo"IDENTIFIER_COUNTRY" en la table"CUSTOMER"</span>
							<div class='pre'>passed</div>
					</li>
					<li test-id='107' class='node then fail' status='fail'><b>Then</b>
						<span class="bdd-step-name">Then valido que el campo sea obligatorio</span>
							<div class='pre'><pre>java.lang.AssertionError: El Campo IDENTIFIER_COUNTRY no esta creado en la tabla CUSTOMER
	at org.junit.Assert.fail(Assert.java:88)
	at org.junit.Assert.assertTrue(Assert.java:41)
	at org.junit.Assert.assertFalse(Assert.java:64)
	at com.sodimac.automation.definition.tablasBUCDefinition.valido_que_el_campo_sea_obligatorio(tablasBUCDefinition.java:90)
	at ✽.Then valido que el campo sea obligatorio(steps/tablasBUC.feature:57)
</pre></div>
					</li>
				</ul>
		</li>
		<li test-id='108' class='node scenario fail' status='fail'>
			<div class='category-list'>
				<span class='category label white-text'>@VerificoCamposObligatoriosNotNull</span>
			</div>
			
			<b>Scenario</b>
			
			<span class="bdd-step-name">Verifico Campos Obligatorios en las tabla</span>
			
				<ul class='steps'>
					<li test-id='109' class='node when pass' status='pass'><b>When</b>
						<span class="bdd-step-name">When realizo consulta de campo"CREATION_DATE" en la table"CUSTOMER"</span>
							<div class='pre'>passed</div>
					</li>
					<li test-id='110' class='node then fail' status='fail'><b>Then</b>
						<span class="bdd-step-name">Then valido que el campo sea obligatorio</span>
							<div class='pre'><pre>java.lang.AssertionError: El Campo CREATION_DATE no esta creado en la tabla CUSTOMER
	at org.junit.Assert.fail(Assert.java:88)
	at org.junit.Assert.assertTrue(Assert.java:41)
	at org.junit.Assert.assertFalse(Assert.java:64)
	at com.sodimac.automation.definition.tablasBUCDefinition.valido_que_el_campo_sea_obligatorio(tablasBUCDefinition.java:90)
	at ✽.Then valido que el campo sea obligatorio(steps/tablasBUC.feature:57)
</pre></div>
					</li>
				</ul>
		</li>
		<li test-id='111' class='node scenario fail' status='fail'>
			<div class='category-list'>
				<span class='category label white-text'>@VerificoCamposObligatoriosNotNull</span>
			</div>
			
			<b>Scenario</b>
			
			<span class="bdd-step-name">Verifico Campos Obligatorios en las tabla</span>
			
				<ul class='steps'>
					<li test-id='112' class='node when pass' status='pass'><b>When</b>
						<span class="bdd-step-name">When realizo consulta de campo"ADDRESS_ID" en la table"ADDRESS"</span>
							<div class='pre'>passed</div>
					</li>
					<li test-id='113' class='node then fail' status='fail'><b>Then</b>
						<span class="bdd-step-name">Then valido que el campo sea obligatorio</span>
							<div class='pre'><pre>java.lang.AssertionError: El Campo ADDRESS_ID no esta creado en la tabla ADDRESS
	at org.junit.Assert.fail(Assert.java:88)
	at org.junit.Assert.assertTrue(Assert.java:41)
	at org.junit.Assert.assertFalse(Assert.java:64)
	at com.sodimac.automation.definition.tablasBUCDefinition.valido_que_el_campo_sea_obligatorio(tablasBUCDefinition.java:90)
	at ✽.Then valido que el campo sea obligatorio(steps/tablasBUC.feature:57)
</pre></div>
					</li>
				</ul>
		</li>
		<li test-id='114' class='node scenario fail' status='fail'>
			<div class='category-list'>
				<span class='category label white-text'>@VerificoCamposObligatoriosNotNull</span>
			</div>
			
			<b>Scenario</b>
			
			<span class="bdd-step-name">Verifico Campos Obligatorios en las tabla</span>
			
				<ul class='steps'>
					<li test-id='115' class='node when pass' status='pass'><b>When</b>
						<span class="bdd-step-name">When realizo consulta de campo"CUSTOMER_ID" en la table"ADDRESS"</span>
							<div class='pre'>passed</div>
					</li>
					<li test-id='116' class='node then fail' status='fail'><b>Then</b>
						<span class="bdd-step-name">Then valido que el campo sea obligatorio</span>
							<div class='pre'><pre>java.lang.AssertionError: El Campo CUSTOMER_ID no esta creado en la tabla ADDRESS
	at org.junit.Assert.fail(Assert.java:88)
	at org.junit.Assert.assertTrue(Assert.java:41)
	at org.junit.Assert.assertFalse(Assert.java:64)
	at com.sodimac.automation.definition.tablasBUCDefinition.valido_que_el_campo_sea_obligatorio(tablasBUCDefinition.java:90)
	at ✽.Then valido que el campo sea obligatorio(steps/tablasBUC.feature:57)
</pre></div>
					</li>
				</ul>
		</li>
		<li test-id='117' class='node scenario fail' status='fail'>
			<div class='category-list'>
				<span class='category label white-text'>@VerificoCamposObligatoriosNotNull</span>
			</div>
			
			<b>Scenario</b>
			
			<span class="bdd-step-name">Verifico Campos Obligatorios en las tabla</span>
			
				<ul class='steps'>
					<li test-id='118' class='node when pass' status='pass'><b>When</b>
						<span class="bdd-step-name">When realizo consulta de campo"STREET" en la table"ADDRESS"</span>
							<div class='pre'>passed</div>
					</li>
					<li test-id='119' class='node then fail' status='fail'><b>Then</b>
						<span class="bdd-step-name">Then valido que el campo sea obligatorio</span>
							<div class='pre'><pre>java.lang.AssertionError: El Campo STREET no esta creado en la tabla ADDRESS
	at org.junit.Assert.fail(Assert.java:88)
	at org.junit.Assert.assertTrue(Assert.java:41)
	at org.junit.Assert.assertFalse(Assert.java:64)
	at com.sodimac.automation.definition.tablasBUCDefinition.valido_que_el_campo_sea_obligatorio(tablasBUCDefinition.java:90)
	at ✽.Then valido que el campo sea obligatorio(steps/tablasBUC.feature:57)
</pre></div>
					</li>
				</ul>
		</li>
		<li test-id='120' class='node scenario fail' status='fail'>
			<div class='category-list'>
				<span class='category label white-text'>@VerificoCamposObligatoriosNotNull</span>
			</div>
			
			<b>Scenario</b>
			
			<span class="bdd-step-name">Verifico Campos Obligatorios en las tabla</span>
			
				<ul class='steps'>
					<li test-id='121' class='node when pass' status='pass'><b>When</b>
						<span class="bdd-step-name">When realizo consulta de campo"CREATED_DATE" en la table"ADDRESS"</span>
							<div class='pre'>passed</div>
					</li>
					<li test-id='122' class='node then fail' status='fail'><b>Then</b>
						<span class="bdd-step-name">Then valido que el campo sea obligatorio</span>
							<div class='pre'><pre>java.lang.AssertionError: El Campo CREATED_DATE no esta creado en la tabla ADDRESS
	at org.junit.Assert.fail(Assert.java:88)
	at org.junit.Assert.assertTrue(Assert.java:41)
	at org.junit.Assert.assertFalse(Assert.java:64)
	at com.sodimac.automation.definition.tablasBUCDefinition.valido_que_el_campo_sea_obligatorio(tablasBUCDefinition.java:90)
	at ✽.Then valido que el campo sea obligatorio(steps/tablasBUC.feature:57)
</pre></div>
					</li>
				</ul>
		</li>
		<li test-id='123' class='node scenario fail' status='fail'>
			<div class='category-list'>
				<span class='category label white-text'>@VerificoCamposObligatoriosNotNull</span>
			</div>
			
			<b>Scenario</b>
			
			<span class="bdd-step-name">Verifico Campos Obligatorios en las tabla</span>
			
				<ul class='steps'>
					<li test-id='124' class='node when pass' status='pass'><b>When</b>
						<span class="bdd-step-name">When realizo consulta de campo"ADMINISTRATIVE_AREA" en la table"ADDRESS"</span>
							<div class='pre'>passed</div>
					</li>
					<li test-id='125' class='node then fail' status='fail'><b>Then</b>
						<span class="bdd-step-name">Then valido que el campo sea obligatorio</span>
							<div class='pre'><pre>java.lang.AssertionError: El Campo ADMINISTRATIVE_AREA no esta creado en la tabla ADDRESS
	at org.junit.Assert.fail(Assert.java:88)
	at org.junit.Assert.assertTrue(Assert.java:41)
	at org.junit.Assert.assertFalse(Assert.java:64)
	at com.sodimac.automation.definition.tablasBUCDefinition.valido_que_el_campo_sea_obligatorio(tablasBUCDefinition.java:90)
	at ✽.Then valido que el campo sea obligatorio(steps/tablasBUC.feature:57)
</pre></div>
					</li>
				</ul>
		</li>
		<li test-id='126' class='node scenario fail' status='fail'>
			<div class='category-list'>
				<span class='category label white-text'>@VerificoCamposObligatoriosNotNull</span>
			</div>
			
			<b>Scenario</b>
			
			<span class="bdd-step-name">Verifico Campos Obligatorios en las tabla</span>
			
				<ul class='steps'>
					<li test-id='127' class='node when pass' status='pass'><b>When</b>
						<span class="bdd-step-name">When realizo consulta de campo"SUB_ADMINISTRATIVE_AREA" en la table"ADDRESS"</span>
							<div class='pre'>passed</div>
					</li>
					<li test-id='128' class='node then fail' status='fail'><b>Then</b>
						<span class="bdd-step-name">Then valido que el campo sea obligatorio</span>
							<div class='pre'><pre>java.lang.AssertionError: El Campo SUB_ADMINISTRATIVE_AREA no esta creado en la tabla ADDRESS
	at org.junit.Assert.fail(Assert.java:88)
	at org.junit.Assert.assertTrue(Assert.java:41)
	at org.junit.Assert.assertFalse(Assert.java:64)
	at com.sodimac.automation.definition.tablasBUCDefinition.valido_que_el_campo_sea_obligatorio(tablasBUCDefinition.java:90)
	at ✽.Then valido que el campo sea obligatorio(steps/tablasBUC.feature:57)
</pre></div>
					</li>
				</ul>
		</li>
		<li test-id='129' class='node scenario fail' status='fail'>
			<div class='category-list'>
				<span class='category label white-text'>@VerificoCamposObligatoriosNotNull</span>
			</div>
			
			<b>Scenario</b>
			
			<span class="bdd-step-name">Verifico Campos Obligatorios en las tabla</span>
			
				<ul class='steps'>
					<li test-id='130' class='node when pass' status='pass'><b>When</b>
						<span class="bdd-step-name">When realizo consulta de campo"LOCALITY" en la table"ADDRESS"</span>
							<div class='pre'>passed</div>
					</li>
					<li test-id='131' class='node then fail' status='fail'><b>Then</b>
						<span class="bdd-step-name">Then valido que el campo sea obligatorio</span>
							<div class='pre'><pre>java.lang.AssertionError: El Campo LOCALITY no esta creado en la tabla ADDRESS
	at org.junit.Assert.fail(Assert.java:88)
	at org.junit.Assert.assertTrue(Assert.java:41)
	at org.junit.Assert.assertFalse(Assert.java:64)
	at com.sodimac.automation.definition.tablasBUCDefinition.valido_que_el_campo_sea_obligatorio(tablasBUCDefinition.java:90)
	at ✽.Then valido que el campo sea obligatorio(steps/tablasBUC.feature:57)
</pre></div>
					</li>
				</ul>
		</li>
		<li test-id='132' class='node scenario fail' status='fail'>
			<div class='category-list'>
				<span class='category label white-text'>@VerificoCamposObligatoriosNotNull</span>
			</div>
			
			<b>Scenario</b>
			
			<span class="bdd-step-name">Verifico Campos Obligatorios en las tabla</span>
			
				<ul class='steps'>
					<li test-id='133' class='node when pass' status='pass'><b>When</b>
						<span class="bdd-step-name">When realizo consulta de campo"ACTIVE" en la table"ADDRESS"</span>
							<div class='pre'>passed</div>
					</li>
					<li test-id='134' class='node then fail' status='fail'><b>Then</b>
						<span class="bdd-step-name">Then valido que el campo sea obligatorio</span>
							<div class='pre'><pre>java.lang.AssertionError: El Campo ACTIVE no esta creado en la tabla ADDRESS
	at org.junit.Assert.fail(Assert.java:88)
	at org.junit.Assert.assertTrue(Assert.java:41)
	at org.junit.Assert.assertFalse(Assert.java:64)
	at com.sodimac.automation.definition.tablasBUCDefinition.valido_que_el_campo_sea_obligatorio(tablasBUCDefinition.java:90)
	at ✽.Then valido que el campo sea obligatorio(steps/tablasBUC.feature:57)
</pre></div>
					</li>
				</ul>
		</li>
		<li test-id='135' class='node scenario fail' status='fail'>
			<div class='category-list'>
				<span class='category label white-text'>@VerificoCamposObligatoriosNotNull</span>
			</div>
			
			<b>Scenario</b>
			
			<span class="bdd-step-name">Verifico Campos Obligatorios en las tabla</span>
			
				<ul class='steps'>
					<li test-id='136' class='node when pass' status='pass'><b>When</b>
						<span class="bdd-step-name">When realizo consulta de campo"ADDRESS_TYPE" en la table"ADDRESS"</span>
							<div class='pre'>passed</div>
					</li>
					<li test-id='137' class='node then fail' status='fail'><b>Then</b>
						<span class="bdd-step-name">Then valido que el campo sea obligatorio</span>
							<div class='pre'><pre>java.lang.AssertionError: El Campo ADDRESS_TYPE no esta creado en la tabla ADDRESS
	at org.junit.Assert.fail(Assert.java:88)
	at org.junit.Assert.assertTrue(Assert.java:41)
	at org.junit.Assert.assertFalse(Assert.java:64)
	at com.sodimac.automation.definition.tablasBUCDefinition.valido_que_el_campo_sea_obligatorio(tablasBUCDefinition.java:90)
	at ✽.Then valido que el campo sea obligatorio(steps/tablasBUC.feature:57)
</pre></div>
					</li>
				</ul>
		</li>
		<li test-id='138' class='node scenario fail' status='fail'>
			<div class='category-list'>
				<span class='category label white-text'>@VerificoCamposObligatoriosNotNull</span>
			</div>
			
			<b>Scenario</b>
			
			<span class="bdd-step-name">Verifico Campos Obligatorios en las tabla</span>
			
				<ul class='steps'>
					<li test-id='139' class='node when pass' status='pass'><b>When</b>
						<span class="bdd-step-name">When realizo consulta de campo"CONTACT_ID" en la table"CONTACT"</span>
							<div class='pre'>passed</div>
					</li>
					<li test-id='140' class='node then fail' status='fail'><b>Then</b>
						<span class="bdd-step-name">Then valido que el campo sea obligatorio</span>
							<div class='pre'><pre>java.lang.AssertionError: El Campo CONTACT_ID no esta creado en la tabla CONTACT
	at org.junit.Assert.fail(Assert.java:88)
	at org.junit.Assert.assertTrue(Assert.java:41)
	at org.junit.Assert.assertFalse(Assert.java:64)
	at com.sodimac.automation.definition.tablasBUCDefinition.valido_que_el_campo_sea_obligatorio(tablasBUCDefinition.java:90)
	at ✽.Then valido que el campo sea obligatorio(steps/tablasBUC.feature:57)
</pre></div>
					</li>
				</ul>
		</li>
		<li test-id='141' class='node scenario fail' status='fail'>
			<div class='category-list'>
				<span class='category label white-text'>@VerificoCamposObligatoriosNotNull</span>
			</div>
			
			<b>Scenario</b>
			
			<span class="bdd-step-name">Verifico Campos Obligatorios en las tabla</span>
			
				<ul class='steps'>
					<li test-id='142' class='node when pass' status='pass'><b>When</b>
						<span class="bdd-step-name">When realizo consulta de campo"CUSTOMER_ID" en la table"CONTACT"</span>
							<div class='pre'>passed</div>
					</li>
					<li test-id='143' class='node then fail' status='fail'><b>Then</b>
						<span class="bdd-step-name">Then valido que el campo sea obligatorio</span>
							<div class='pre'><pre>java.lang.AssertionError: El Campo CUSTOMER_ID no esta creado en la tabla CONTACT
	at org.junit.Assert.fail(Assert.java:88)
	at org.junit.Assert.assertTrue(Assert.java:41)
	at org.junit.Assert.assertFalse(Assert.java:64)
	at com.sodimac.automation.definition.tablasBUCDefinition.valido_que_el_campo_sea_obligatorio(tablasBUCDefinition.java:90)
	at ✽.Then valido que el campo sea obligatorio(steps/tablasBUC.feature:57)
</pre></div>
					</li>
				</ul>
		</li>
		<li test-id='144' class='node scenario fail' status='fail'>
			<div class='category-list'>
				<span class='category label white-text'>@VerificoCamposObligatoriosNotNull</span>
			</div>
			
			<b>Scenario</b>
			
			<span class="bdd-step-name">Verifico Campos Obligatorios en las tabla</span>
			
				<ul class='steps'>
					<li test-id='145' class='node when pass' status='pass'><b>When</b>
						<span class="bdd-step-name">When realizo consulta de campo"NAME" en la table"CONTACT"</span>
							<div class='pre'>passed</div>
					</li>
					<li test-id='146' class='node then fail' status='fail'><b>Then</b>
						<span class="bdd-step-name">Then valido que el campo sea obligatorio</span>
							<div class='pre'><pre>java.lang.AssertionError: El Campo NAME no esta creado en la tabla CONTACT
	at org.junit.Assert.fail(Assert.java:88)
	at org.junit.Assert.assertTrue(Assert.java:41)
	at org.junit.Assert.assertFalse(Assert.java:64)
	at com.sodimac.automation.definition.tablasBUCDefinition.valido_que_el_campo_sea_obligatorio(tablasBUCDefinition.java:90)
	at ✽.Then valido que el campo sea obligatorio(steps/tablasBUC.feature:57)
</pre></div>
					</li>
				</ul>
		</li>
		<li test-id='147' class='node scenario fail' status='fail'>
			<div class='category-list'>
				<span class='category label white-text'>@VerificoCamposObligatoriosNotNull</span>
			</div>
			
			<b>Scenario</b>
			
			<span class="bdd-step-name">Verifico Campos Obligatorios en las tabla</span>
			
				<ul class='steps'>
					<li test-id='148' class='node when pass' status='pass'><b>When</b>
						<span class="bdd-step-name">When realizo consulta de campo"SURNAME" en la table"CONTACT"</span>
							<div class='pre'>passed</div>
					</li>
					<li test-id='149' class='node then fail' status='fail'><b>Then</b>
						<span class="bdd-step-name">Then valido que el campo sea obligatorio</span>
							<div class='pre'><pre>java.lang.AssertionError: El Campo SURNAME no esta creado en la tabla CONTACT
	at org.junit.Assert.fail(Assert.java:88)
	at org.junit.Assert.assertTrue(Assert.java:41)
	at org.junit.Assert.assertFalse(Assert.java:64)
	at com.sodimac.automation.definition.tablasBUCDefinition.valido_que_el_campo_sea_obligatorio(tablasBUCDefinition.java:90)
	at ✽.Then valido que el campo sea obligatorio(steps/tablasBUC.feature:57)
</pre></div>
					</li>
				</ul>
		</li>
		<li test-id='150' class='node scenario fail' status='fail'>
			<div class='category-list'>
				<span class='category label white-text'>@VerificoCamposObligatoriosNotNull</span>
			</div>
			
			<b>Scenario</b>
			
			<span class="bdd-step-name">Verifico Campos Obligatorios en las tabla</span>
			
				<ul class='steps'>
					<li test-id='151' class='node when pass' status='pass'><b>When</b>
						<span class="bdd-step-name">When realizo consulta de campo"IDENTIFIER_TYPE" en la table"CONTACT"</span>
							<div class='pre'>passed</div>
					</li>
					<li test-id='152' class='node then fail' status='fail'><b>Then</b>
						<span class="bdd-step-name">Then valido que el campo sea obligatorio</span>
							<div class='pre'><pre>java.lang.AssertionError: El Campo IDENTIFIER_TYPE no esta creado en la tabla CONTACT
	at org.junit.Assert.fail(Assert.java:88)
	at org.junit.Assert.assertTrue(Assert.java:41)
	at org.junit.Assert.assertFalse(Assert.java:64)
	at com.sodimac.automation.definition.tablasBUCDefinition.valido_que_el_campo_sea_obligatorio(tablasBUCDefinition.java:90)
	at ✽.Then valido que el campo sea obligatorio(steps/tablasBUC.feature:57)
</pre></div>
					</li>
				</ul>
		</li>
		<li test-id='153' class='node scenario fail' status='fail'>
			<div class='category-list'>
				<span class='category label white-text'>@VerificoCamposObligatoriosNotNull</span>
			</div>
			
			<b>Scenario</b>
			
			<span class="bdd-step-name">Verifico Campos Obligatorios en las tabla</span>
			
				<ul class='steps'>
					<li test-id='154' class='node when pass' status='pass'><b>When</b>
						<span class="bdd-step-name">When realizo consulta de campo"IDENTIFIER_VALUE" en la table"CONTACT"</span>
							<div class='pre'>passed</div>
					</li>
					<li test-id='155' class='node then fail' status='fail'><b>Then</b>
						<span class="bdd-step-name">Then valido que el campo sea obligatorio</span>
							<div class='pre'><pre>java.lang.AssertionError: El Campo IDENTIFIER_VALUE no esta creado en la tabla CONTACT
	at org.junit.Assert.fail(Assert.java:88)
	at org.junit.Assert.assertTrue(Assert.java:41)
	at org.junit.Assert.assertFalse(Assert.java:64)
	at com.sodimac.automation.definition.tablasBUCDefinition.valido_que_el_campo_sea_obligatorio(tablasBUCDefinition.java:90)
	at ✽.Then valido que el campo sea obligatorio(steps/tablasBUC.feature:57)
</pre></div>
					</li>
				</ul>
		</li>
		<li test-id='156' class='node scenario fail' status='fail'>
			<div class='category-list'>
				<span class='category label white-text'>@VerificoCamposObligatoriosNotNull</span>
			</div>
			
			<b>Scenario</b>
			
			<span class="bdd-step-name">Verifico Campos Obligatorios en las tabla</span>
			
				<ul class='steps'>
					<li test-id='157' class='node when pass' status='pass'><b>When</b>
						<span class="bdd-step-name">When realizo consulta de campo"ACTIVE" en la table"CONTACT"</span>
							<div class='pre'>passed</div>
					</li>
					<li test-id='158' class='node then fail' status='fail'><b>Then</b>
						<span class="bdd-step-name">Then valido que el campo sea obligatorio</span>
							<div class='pre'><pre>java.lang.AssertionError: El Campo ACTIVE no esta creado en la tabla CONTACT
	at org.junit.Assert.fail(Assert.java:88)
	at org.junit.Assert.assertTrue(Assert.java:41)
	at org.junit.Assert.assertFalse(Assert.java:64)
	at com.sodimac.automation.definition.tablasBUCDefinition.valido_que_el_campo_sea_obligatorio(tablasBUCDefinition.java:90)
	at ✽.Then valido que el campo sea obligatorio(steps/tablasBUC.feature:57)
</pre></div>
					</li>
				</ul>
		</li>
		<li test-id='159' class='node scenario fail' status='fail'>
			<div class='category-list'>
				<span class='category label white-text'>@VerificoCamposObligatoriosNotNull</span>
			</div>
			
			<b>Scenario</b>
			
			<span class="bdd-step-name">Verifico Campos Obligatorios en las tabla</span>
			
				<ul class='steps'>
					<li test-id='160' class='node when pass' status='pass'><b>When</b>
						<span class="bdd-step-name">When realizo consulta de campo"CREATION_DATE" en la table"CONTACT"</span>
							<div class='pre'>passed</div>
					</li>
					<li test-id='161' class='node then fail' status='fail'><b>Then</b>
						<span class="bdd-step-name">Then valido que el campo sea obligatorio</span>
							<div class='pre'><pre>java.lang.AssertionError: El Campo CREATION_DATE no esta creado en la tabla CONTACT
	at org.junit.Assert.fail(Assert.java:88)
	at org.junit.Assert.assertTrue(Assert.java:41)
	at org.junit.Assert.assertFalse(Assert.java:64)
	at com.sodimac.automation.definition.tablasBUCDefinition.valido_que_el_campo_sea_obligatorio(tablasBUCDefinition.java:90)
	at ✽.Then valido que el campo sea obligatorio(steps/tablasBUC.feature:57)
</pre></div>
					</li>
				</ul>
		</li>
		<li test-id='162' class='node scenario fail' status='fail'>
			<div class='category-list'>
				<span class='category label white-text'>@VerificoCamposObligatoriosNotNull</span>
			</div>
			
			<b>Scenario</b>
			
			<span class="bdd-step-name">Verifico Campos Obligatorios en las tabla</span>
			
				<ul class='steps'>
					<li test-id='163' class='node when pass' status='pass'><b>When</b>
						<span class="bdd-step-name">When realizo consulta de campo"CONTACT_METHOD_ID" en la table"CONTACT_METHOD"</span>
							<div class='pre'>passed</div>
					</li>
					<li test-id='164' class='node then fail' status='fail'><b>Then</b>
						<span class="bdd-step-name">Then valido que el campo sea obligatorio</span>
							<div class='pre'><pre>java.lang.AssertionError: El Campo CONTACT_METHOD_ID no esta creado en la tabla CONTACT_METHOD
	at org.junit.Assert.fail(Assert.java:88)
	at org.junit.Assert.assertTrue(Assert.java:41)
	at org.junit.Assert.assertFalse(Assert.java:64)
	at com.sodimac.automation.definition.tablasBUCDefinition.valido_que_el_campo_sea_obligatorio(tablasBUCDefinition.java:90)
	at ✽.Then valido que el campo sea obligatorio(steps/tablasBUC.feature:57)
</pre></div>
					</li>
				</ul>
		</li>
		<li test-id='165' class='node scenario fail' status='fail'>
			<div class='category-list'>
				<span class='category label white-text'>@VerificoCamposObligatoriosNotNull</span>
			</div>
			
			<b>Scenario</b>
			
			<span class="bdd-step-name">Verifico Campos Obligatorios en las tabla</span>
			
				<ul class='steps'>
					<li test-id='166' class='node when pass' status='pass'><b>When</b>
						<span class="bdd-step-name">When realizo consulta de campo"CUSTOMER_ID" en la table"CONTACT_METHOD"</span>
							<div class='pre'>passed</div>
					</li>
					<li test-id='167' class='node then fail' status='fail'><b>Then</b>
						<span class="bdd-step-name">Then valido que el campo sea obligatorio</span>
							<div class='pre'><pre>java.lang.AssertionError: El Campo CUSTOMER_ID no esta creado en la tabla CONTACT_METHOD
	at org.junit.Assert.fail(Assert.java:88)
	at org.junit.Assert.assertTrue(Assert.java:41)
	at org.junit.Assert.assertFalse(Assert.java:64)
	at com.sodimac.automation.definition.tablasBUCDefinition.valido_que_el_campo_sea_obligatorio(tablasBUCDefinition.java:90)
	at ✽.Then valido que el campo sea obligatorio(steps/tablasBUC.feature:57)
</pre></div>
					</li>
				</ul>
		</li>
		<li test-id='168' class='node scenario fail' status='fail'>
			<div class='category-list'>
				<span class='category label white-text'>@VerificoCamposObligatoriosNotNull</span>
			</div>
			
			<b>Scenario</b>
			
			<span class="bdd-step-name">Verifico Campos Obligatorios en las tabla</span>
			
				<ul class='steps'>
					<li test-id='169' class='node when pass' status='pass'><b>When</b>
						<span class="bdd-step-name">When realizo consulta de campo"TYPE" en la table"CONTACT_METHOD"</span>
							<div class='pre'>passed</div>
					</li>
					<li test-id='170' class='node then fail' status='fail'><b>Then</b>
						<span class="bdd-step-name">Then valido que el campo sea obligatorio</span>
							<div class='pre'><pre>java.lang.AssertionError: El Campo TYPE no esta creado en la tabla CONTACT_METHOD
	at org.junit.Assert.fail(Assert.java:88)
	at org.junit.Assert.assertTrue(Assert.java:41)
	at org.junit.Assert.assertFalse(Assert.java:64)
	at com.sodimac.automation.definition.tablasBUCDefinition.valido_que_el_campo_sea_obligatorio(tablasBUCDefinition.java:90)
	at ✽.Then valido que el campo sea obligatorio(steps/tablasBUC.feature:57)
</pre></div>
					</li>
				</ul>
		</li>
		<li test-id='171' class='node scenario fail' status='fail'>
			<div class='category-list'>
				<span class='category label white-text'>@VerificoCamposObligatoriosNotNull</span>
			</div>
			
			<b>Scenario</b>
			
			<span class="bdd-step-name">Verifico Campos Obligatorios en las tabla</span>
			
				<ul class='steps'>
					<li test-id='172' class='node when pass' status='pass'><b>When</b>
						<span class="bdd-step-name">When realizo consulta de campo"VALUE" en la table"CONTACT_METHOD"</span>
							<div class='pre'>passed</div>
					</li>
					<li test-id='173' class='node then fail' status='fail'><b>Then</b>
						<span class="bdd-step-name">Then valido que el campo sea obligatorio</span>
							<div class='pre'><pre>java.lang.AssertionError: El Campo VALUE no esta creado en la tabla CONTACT_METHOD
	at org.junit.Assert.fail(Assert.java:88)
	at org.junit.Assert.assertTrue(Assert.java:41)
	at org.junit.Assert.assertFalse(Assert.java:64)
	at com.sodimac.automation.definition.tablasBUCDefinition.valido_que_el_campo_sea_obligatorio(tablasBUCDefinition.java:90)
	at ✽.Then valido que el campo sea obligatorio(steps/tablasBUC.feature:57)
</pre></div>
					</li>
				</ul>
		</li>
		<li test-id='174' class='node scenario fail' status='fail'>
			<div class='category-list'>
				<span class='category label white-text'>@VerificoCamposObligatoriosNotNull</span>
			</div>
			
			<b>Scenario</b>
			
			<span class="bdd-step-name">Verifico Campos Obligatorios en las tabla</span>
			
				<ul class='steps'>
					<li test-id='175' class='node when pass' status='pass'><b>When</b>
						<span class="bdd-step-name">When realizo consulta de campo"PRINCIPAL_CONTACT_METHOD" en la table"CONTACT_METHOD"</span>
							<div class='pre'>passed</div>
					</li>
					<li test-id='176' class='node then fail' status='fail'><b>Then</b>
						<span class="bdd-step-name">Then valido que el campo sea obligatorio</span>
							<div class='pre'><pre>java.lang.AssertionError: El Campo PRINCIPAL_CONTACT_METHOD no esta creado en la tabla CONTACT_METHOD
	at org.junit.Assert.fail(Assert.java:88)
	at org.junit.Assert.assertTrue(Assert.java:41)
	at org.junit.Assert.assertFalse(Assert.java:64)
	at com.sodimac.automation.definition.tablasBUCDefinition.valido_que_el_campo_sea_obligatorio(tablasBUCDefinition.java:90)
	at ✽.Then valido que el campo sea obligatorio(steps/tablasBUC.feature:57)
</pre></div>
					</li>
				</ul>
		</li>
		<li test-id='177' class='node scenario fail' status='fail'>
			<div class='category-list'>
				<span class='category label white-text'>@VerificoCamposObligatoriosNotNull</span>
			</div>
			
			<b>Scenario</b>
			
			<span class="bdd-step-name">Verifico Campos Obligatorios en las tabla</span>
			
				<ul class='steps'>
					<li test-id='178' class='node when pass' status='pass'><b>When</b>
						<span class="bdd-step-name">When realizo consulta de campo"ACTIVE" en la table"CONTACT_METHOD"</span>
							<div class='pre'>passed</div>
					</li>
					<li test-id='179' class='node then fail' status='fail'><b>Then</b>
						<span class="bdd-step-name">Then valido que el campo sea obligatorio</span>
							<div class='pre'><pre>java.lang.AssertionError: El Campo ACTIVE no esta creado en la tabla CONTACT_METHOD
	at org.junit.Assert.fail(Assert.java:88)
	at org.junit.Assert.assertTrue(Assert.java:41)
	at org.junit.Assert.assertFalse(Assert.java:64)
	at com.sodimac.automation.definition.tablasBUCDefinition.valido_que_el_campo_sea_obligatorio(tablasBUCDefinition.java:90)
	at ✽.Then valido que el campo sea obligatorio(steps/tablasBUC.feature:57)
</pre></div>
					</li>
				</ul>
		</li>
		<li test-id='180' class='node scenario fail' status='fail'>
			<div class='category-list'>
				<span class='category label white-text'>@VerificoCamposObligatoriosNotNull</span>
			</div>
			
			<b>Scenario</b>
			
			<span class="bdd-step-name">Verifico Campos Obligatorios en las tabla</span>
			
				<ul class='steps'>
					<li test-id='181' class='node when pass' status='pass'><b>When</b>
						<span class="bdd-step-name">When realizo consulta de campo"CREATION_DATE" en la table"CONTACT_METHOD"</span>
							<div class='pre'>passed</div>
					</li>
					<li test-id='182' class='node then fail' status='fail'><b>Then</b>
						<span class="bdd-step-name">Then valido que el campo sea obligatorio</span>
							<div class='pre'><pre>java.lang.AssertionError: El Campo CREATION_DATE no esta creado en la tabla CONTACT_METHOD
	at org.junit.Assert.fail(Assert.java:88)
	at org.junit.Assert.assertTrue(Assert.java:41)
	at org.junit.Assert.assertFalse(Assert.java:64)
	at com.sodimac.automation.definition.tablasBUCDefinition.valido_que_el_campo_sea_obligatorio(tablasBUCDefinition.java:90)
	at ✽.Then valido que el campo sea obligatorio(steps/tablasBUC.feature:57)
</pre></div>
					</li>
				</ul>
		</li>
		<li test-id='183' class='node scenario fail' status='fail'>
			<div class='category-list'>
				<span class='category label white-text'>@VerificoCamposObligatoriosNotNull</span>
			</div>
			
			<b>Scenario</b>
			
			<span class="bdd-step-name">Verifico Campos Obligatorios en las tabla</span>
			
				<ul class='steps'>
					<li test-id='184' class='node when pass' status='pass'><b>When</b>
						<span class="bdd-step-name">When realizo consulta de campo"LOV_ID" en la table"LOV"</span>
							<div class='pre'>passed</div>
					</li>
					<li test-id='185' class='node then fail' status='fail'><b>Then</b>
						<span class="bdd-step-name">Then valido que el campo sea obligatorio</span>
							<div class='pre'><pre>java.lang.AssertionError: El Campo LOV_ID no esta creado en la tabla LOV
	at org.junit.Assert.fail(Assert.java:88)
	at org.junit.Assert.assertTrue(Assert.java:41)
	at org.junit.Assert.assertFalse(Assert.java:64)
	at com.sodimac.automation.definition.tablasBUCDefinition.valido_que_el_campo_sea_obligatorio(tablasBUCDefinition.java:90)
	at ✽.Then valido que el campo sea obligatorio(steps/tablasBUC.feature:57)
</pre></div>
					</li>
				</ul>
		</li>
		<li test-id='186' class='node scenario fail' status='fail'>
			<div class='category-list'>
				<span class='category label white-text'>@VerificoCamposObligatoriosNotNull</span>
			</div>
			
			<b>Scenario</b>
			
			<span class="bdd-step-name">Verifico Campos Obligatorios en las tabla</span>
			
				<ul class='steps'>
					<li test-id='187' class='node when pass' status='pass'><b>When</b>
						<span class="bdd-step-name">When realizo consulta de campo"TYPE" en la table"LOV"</span>
							<div class='pre'>passed</div>
					</li>
					<li test-id='188' class='node then fail' status='fail'><b>Then</b>
						<span class="bdd-step-name">Then valido que el campo sea obligatorio</span>
							<div class='pre'><pre>java.lang.AssertionError: El Campo TYPE no esta creado en la tabla LOV
	at org.junit.Assert.fail(Assert.java:88)
	at org.junit.Assert.assertTrue(Assert.java:41)
	at org.junit.Assert.assertFalse(Assert.java:64)
	at com.sodimac.automation.definition.tablasBUCDefinition.valido_que_el_campo_sea_obligatorio(tablasBUCDefinition.java:90)
	at ✽.Then valido que el campo sea obligatorio(steps/tablasBUC.feature:57)
</pre></div>
					</li>
				</ul>
		</li>
		<li test-id='189' class='node scenario fail' status='fail'>
			<div class='category-list'>
				<span class='category label white-text'>@VerificoCamposObligatoriosNotNull</span>
			</div>
			
			<b>Scenario</b>
			
			<span class="bdd-step-name">Verifico Campos Obligatorios en las tabla</span>
			
				<ul class='steps'>
					<li test-id='190' class='node when pass' status='pass'><b>When</b>
						<span class="bdd-step-name">When realizo consulta de campo"KEY" en la table"LOV"</span>
							<div class='pre'>passed</div>
					</li>
					<li test-id='191' class='node then fail' status='fail'><b>Then</b>
						<span class="bdd-step-name">Then valido que el campo sea obligatorio</span>
							<div class='pre'><pre>java.lang.AssertionError: El Campo KEY no esta creado en la tabla LOV
	at org.junit.Assert.fail(Assert.java:88)
	at org.junit.Assert.assertTrue(Assert.java:41)
	at org.junit.Assert.assertFalse(Assert.java:64)
	at com.sodimac.automation.definition.tablasBUCDefinition.valido_que_el_campo_sea_obligatorio(tablasBUCDefinition.java:90)
	at ✽.Then valido que el campo sea obligatorio(steps/tablasBUC.feature:57)
</pre></div>
					</li>
				</ul>
		</li>
		<li test-id='192' class='node scenario fail' status='fail'>
			<div class='category-list'>
				<span class='category label white-text'>@VerificoCamposObligatoriosNotNull</span>
			</div>
			
			<b>Scenario</b>
			
			<span class="bdd-step-name">Verifico Campos Obligatorios en las tabla</span>
			
				<ul class='steps'>
					<li test-id='193' class='node when pass' status='pass'><b>When</b>
						<span class="bdd-step-name">When realizo consulta de campo"VALUE" en la table"LOV"</span>
							<div class='pre'>passed</div>
					</li>
					<li test-id='194' class='node then fail' status='fail'><b>Then</b>
						<span class="bdd-step-name">Then valido que el campo sea obligatorio</span>
							<div class='pre'><pre>java.lang.AssertionError: El Campo VALUE no esta creado en la tabla LOV
	at org.junit.Assert.fail(Assert.java:88)
	at org.junit.Assert.assertTrue(Assert.java:41)
	at org.junit.Assert.assertFalse(Assert.java:64)
	at com.sodimac.automation.definition.tablasBUCDefinition.valido_que_el_campo_sea_obligatorio(tablasBUCDefinition.java:90)
	at ✽.Then valido que el campo sea obligatorio(steps/tablasBUC.feature:57)
</pre></div>
					</li>
				</ul>
		</li>
		<li test-id='195' class='node scenario fail' status='fail'>
			<div class='category-list'>
				<span class='category label white-text'>@VerificoCamposObligatoriosNotNull</span>
			</div>
			
			<b>Scenario</b>
			
			<span class="bdd-step-name">Verifico Campos Obligatorios en las tabla</span>
			
				<ul class='steps'>
					<li test-id='196' class='node when pass' status='pass'><b>When</b>
						<span class="bdd-step-name">When realizo consulta de campo"AUDIT_ID" en la table"TRANSACTION_LOG"</span>
							<div class='pre'>passed</div>
					</li>
					<li test-id='197' class='node then fail' status='fail'><b>Then</b>
						<span class="bdd-step-name">Then valido que el campo sea obligatorio</span>
							<div class='pre'><pre>java.lang.AssertionError: El Campo AUDIT_ID no esta creado en la tabla TRANSACTION_LOG
	at org.junit.Assert.fail(Assert.java:88)
	at org.junit.Assert.assertTrue(Assert.java:41)
	at org.junit.Assert.assertFalse(Assert.java:64)
	at com.sodimac.automation.definition.tablasBUCDefinition.valido_que_el_campo_sea_obligatorio(tablasBUCDefinition.java:90)
	at ✽.Then valido que el campo sea obligatorio(steps/tablasBUC.feature:57)
</pre></div>
					</li>
				</ul>
		</li>
		<li test-id='198' class='node scenario fail' status='fail'>
			<div class='category-list'>
				<span class='category label white-text'>@VerificoCamposObligatoriosNotNull</span>
			</div>
			
			<b>Scenario</b>
			
			<span class="bdd-step-name">Verifico Campos Obligatorios en las tabla</span>
			
				<ul class='steps'>
					<li test-id='199' class='node when pass' status='pass'><b>When</b>
						<span class="bdd-step-name">When realizo consulta de campo"VALUE" en la table"TRANSACTION_LOG"</span>
							<div class='pre'>passed</div>
					</li>
					<li test-id='200' class='node then fail' status='fail'><b>Then</b>
						<span class="bdd-step-name">Then valido que el campo sea obligatorio</span>
							<div class='pre'><pre>java.lang.AssertionError: El Campo VALUE no esta creado en la tabla TRANSACTION_LOG
	at org.junit.Assert.fail(Assert.java:88)
	at org.junit.Assert.assertTrue(Assert.java:41)
	at org.junit.Assert.assertFalse(Assert.java:64)
	at com.sodimac.automation.definition.tablasBUCDefinition.valido_que_el_campo_sea_obligatorio(tablasBUCDefinition.java:90)
	at ✽.Then valido que el campo sea obligatorio(steps/tablasBUC.feature:57)
</pre></div>
					</li>
				</ul>
		</li>
		<li test-id='201' class='node scenario fail' status='fail'>
			<div class='category-list'>
				<span class='category label white-text'>@VerificoCamposObligatoriosNotNull</span>
			</div>
			
			<b>Scenario</b>
			
			<span class="bdd-step-name">Verifico Campos Obligatorios en las tabla</span>
			
				<ul class='steps'>
					<li test-id='202' class='node when pass' status='pass'><b>When</b>
						<span class="bdd-step-name">When realizo consulta de campo"CREATION_DATE" en la table"TRANSACTION_LOG"</span>
							<div class='pre'>passed</div>
					</li>
					<li test-id='203' class='node then fail' status='fail'><b>Then</b>
						<span class="bdd-step-name">Then valido que el campo sea obligatorio</span>
							<div class='pre'><pre>java.lang.AssertionError: El Campo CREATION_DATE no esta creado en la tabla TRANSACTION_LOG
	at org.junit.Assert.fail(Assert.java:88)
	at org.junit.Assert.assertTrue(Assert.java:41)
	at org.junit.Assert.assertFalse(Assert.java:64)
	at com.sodimac.automation.definition.tablasBUCDefinition.valido_que_el_campo_sea_obligatorio(tablasBUCDefinition.java:90)
	at ✽.Then valido que el campo sea obligatorio(steps/tablasBUC.feature:57)
</pre></div>
					</li>
				</ul>
		</li>
		<li test-id='204' class='node scenario fail' status='fail'>
			<div class='category-list'>
				<span class='category label white-text'>@VerificoCamposObligatoriosNotNull</span>
			</div>
			
			<b>Scenario</b>
			
			<span class="bdd-step-name">Verifico Campos Obligatorios en las tabla</span>
			
				<ul class='steps'>
					<li test-id='205' class='node when pass' status='pass'><b>When</b>
						<span class="bdd-step-name">When realizo consulta de campo"STATUS" en la table"TRANSACTION_LOG"</span>
							<div class='pre'>passed</div>
					</li>
					<li test-id='206' class='node then fail' status='fail'><b>Then</b>
						<span class="bdd-step-name">Then valido que el campo sea obligatorio</span>
							<div class='pre'><pre>java.lang.AssertionError: El Campo STATUS no esta creado en la tabla TRANSACTION_LOG
	at org.junit.Assert.fail(Assert.java:88)
	at org.junit.Assert.assertTrue(Assert.java:41)
	at org.junit.Assert.assertFalse(Assert.java:64)
	at com.sodimac.automation.definition.tablasBUCDefinition.valido_que_el_campo_sea_obligatorio(tablasBUCDefinition.java:90)
	at ✽.Then valido que el campo sea obligatorio(steps/tablasBUC.feature:57)
</pre></div>
					</li>
				</ul>
		</li>
		<li test-id='207' class='node scenario fail' status='fail'>
			<div class='category-list'>
				<span class='category label white-text'>@VerificoCamposObligatoriosNotNull</span>
			</div>
			
			<b>Scenario</b>
			
			<span class="bdd-step-name">Verifico Campos Obligatorios en las tabla</span>
			
				<ul class='steps'>
					<li test-id='208' class='node when pass' status='pass'><b>When</b>
						<span class="bdd-step-name">When realizo consulta de campo"ECONOMY_ACTIVITY_ID" en la table"ECONOMY_ACTIVITY"</span>
							<div class='pre'>passed</div>
					</li>
					<li test-id='209' class='node then fail' status='fail'><b>Then</b>
						<span class="bdd-step-name">Then valido que el campo sea obligatorio</span>
							<div class='pre'><pre>java.lang.AssertionError: El Campo ECONOMY_ACTIVITY_ID no esta creado en la tabla ECONOMY_ACTIVITY
	at org.junit.Assert.fail(Assert.java:88)
	at org.junit.Assert.assertTrue(Assert.java:41)
	at org.junit.Assert.assertFalse(Assert.java:64)
	at com.sodimac.automation.definition.tablasBUCDefinition.valido_que_el_campo_sea_obligatorio(tablasBUCDefinition.java:90)
	at ✽.Then valido que el campo sea obligatorio(steps/tablasBUC.feature:57)
</pre></div>
					</li>
				</ul>
		</li>
		<li test-id='210' class='node scenario fail' status='fail'>
			<div class='category-list'>
				<span class='category label white-text'>@VerificoCamposObligatoriosNotNull</span>
			</div>
			
			<b>Scenario</b>
			
			<span class="bdd-step-name">Verifico Campos Obligatorios en las tabla</span>
			
				<ul class='steps'>
					<li test-id='211' class='node when pass' status='pass'><b>When</b>
						<span class="bdd-step-name">When realizo consulta de campo"ECONOMY_ACTIVITY_CODE" en la table"ECONOMY_ACTIVITY"</span>
							<div class='pre'>passed</div>
					</li>
					<li test-id='212' class='node then fail' status='fail'><b>Then</b>
						<span class="bdd-step-name">Then valido que el campo sea obligatorio</span>
							<div class='pre'><pre>java.lang.AssertionError: El Campo ECONOMY_ACTIVITY_CODE no esta creado en la tabla ECONOMY_ACTIVITY
	at org.junit.Assert.fail(Assert.java:88)
	at org.junit.Assert.assertTrue(Assert.java:41)
	at org.junit.Assert.assertFalse(Assert.java:64)
	at com.sodimac.automation.definition.tablasBUCDefinition.valido_que_el_campo_sea_obligatorio(tablasBUCDefinition.java:90)
	at ✽.Then valido que el campo sea obligatorio(steps/tablasBUC.feature:57)
</pre></div>
					</li>
				</ul>
		</li>
		<li test-id='213' class='node scenario fail' status='fail'>
			<div class='category-list'>
				<span class='category label white-text'>@VerificoCamposObligatoriosNotNull</span>
			</div>
			
			<b>Scenario</b>
			
			<span class="bdd-step-name">Verifico Campos Obligatorios en las tabla</span>
			
				<ul class='steps'>
					<li test-id='214' class='node when pass' status='pass'><b>When</b>
						<span class="bdd-step-name">When realizo consulta de campo"TYPE" en la table"ECONOMY_ACTIVITY"</span>
							<div class='pre'>passed</div>
					</li>
					<li test-id='215' class='node then fail' status='fail'><b>Then</b>
						<span class="bdd-step-name">Then valido que el campo sea obligatorio</span>
							<div class='pre'><pre>java.lang.AssertionError: El Campo TYPE no esta creado en la tabla ECONOMY_ACTIVITY
	at org.junit.Assert.fail(Assert.java:88)
	at org.junit.Assert.assertTrue(Assert.java:41)
	at org.junit.Assert.assertFalse(Assert.java:64)
	at com.sodimac.automation.definition.tablasBUCDefinition.valido_que_el_campo_sea_obligatorio(tablasBUCDefinition.java:90)
	at ✽.Then valido que el campo sea obligatorio(steps/tablasBUC.feature:57)
</pre></div>
					</li>
				</ul>
		</li>
		<li test-id='216' class='node scenario fail' status='fail'>
			<div class='category-list'>
				<span class='category label white-text'>@VerificoCamposObligatoriosNotNull</span>
			</div>
			
			<b>Scenario</b>
			
			<span class="bdd-step-name">Verifico Campos Obligatorios en las tabla</span>
			
				<ul class='steps'>
					<li test-id='217' class='node when pass' status='pass'><b>When</b>
						<span class="bdd-step-name">When realizo consulta de campo"COUNTRY" en la table"ECONOMY_ACTIVITY"</span>
							<div class='pre'>passed</div>
					</li>
					<li test-id='218' class='node then fail' status='fail'><b>Then</b>
						<span class="bdd-step-name">Then valido que el campo sea obligatorio</span>
							<div class='pre'><pre>java.lang.AssertionError: El Campo COUNTRY no esta creado en la tabla ECONOMY_ACTIVITY
	at org.junit.Assert.fail(Assert.java:88)
	at org.junit.Assert.assertTrue(Assert.java:41)
	at org.junit.Assert.assertFalse(Assert.java:64)
	at com.sodimac.automation.definition.tablasBUCDefinition.valido_que_el_campo_sea_obligatorio(tablasBUCDefinition.java:90)
	at ✽.Then valido que el campo sea obligatorio(steps/tablasBUC.feature:57)
</pre></div>
					</li>
				</ul>
		</li>
		<li test-id='219' class='node scenario fail' status='fail'>
			<div class='category-list'>
				<span class='category label white-text'>@VerificoCamposObligatoriosNotNull</span>
			</div>
			
			<b>Scenario</b>
			
			<span class="bdd-step-name">Verifico Campos Obligatorios en las tabla</span>
			
				<ul class='steps'>
					<li test-id='220' class='node when pass' status='pass'><b>When</b>
						<span class="bdd-step-name">When realizo consulta de campo"ECONOMY_ACTIVITY_ID" en la table"ECONOMY_TYPE"</span>
							<div class='pre'>passed</div>
					</li>
					<li test-id='221' class='node then fail' status='fail'><b>Then</b>
						<span class="bdd-step-name">Then valido que el campo sea obligatorio</span>
							<div class='pre'><pre>java.lang.AssertionError: El Campo ECONOMY_ACTIVITY_ID no esta creado en la tabla ECONOMY_TYPE
	at org.junit.Assert.fail(Assert.java:88)
	at org.junit.Assert.assertTrue(Assert.java:41)
	at org.junit.Assert.assertFalse(Assert.java:64)
	at com.sodimac.automation.definition.tablasBUCDefinition.valido_que_el_campo_sea_obligatorio(tablasBUCDefinition.java:90)
	at ✽.Then valido que el campo sea obligatorio(steps/tablasBUC.feature:57)
</pre></div>
					</li>
				</ul>
		</li>
		<li test-id='222' class='node scenario fail' status='fail'>
			<div class='category-list'>
				<span class='category label white-text'>@VerificoCamposObligatoriosNotNull</span>
			</div>
			
			<b>Scenario</b>
			
			<span class="bdd-step-name">Verifico Campos Obligatorios en las tabla</span>
			
				<ul class='steps'>
					<li test-id='223' class='node when pass' status='pass'><b>When</b>
						<span class="bdd-step-name">When realizo consulta de campo"CUSTOMER_ID" en la table"ECONOMY_TYPE"</span>
							<div class='pre'>passed</div>
					</li>
					<li test-id='224' class='node then fail' status='fail'><b>Then</b>
						<span class="bdd-step-name">Then valido que el campo sea obligatorio</span>
							<div class='pre'><pre>java.lang.AssertionError: El Campo CUSTOMER_ID no esta creado en la tabla ECONOMY_TYPE
	at org.junit.Assert.fail(Assert.java:88)
	at org.junit.Assert.assertTrue(Assert.java:41)
	at org.junit.Assert.assertFalse(Assert.java:64)
	at com.sodimac.automation.definition.tablasBUCDefinition.valido_que_el_campo_sea_obligatorio(tablasBUCDefinition.java:90)
	at ✽.Then valido que el campo sea obligatorio(steps/tablasBUC.feature:57)
</pre></div>
					</li>
				</ul>
		</li>
		<li test-id='225' class='node scenario fail' status='fail'>
			<div class='category-list'>
				<span class='category label white-text'>@VerificoCamposObligatoriosNotNull</span>
			</div>
			
			<b>Scenario</b>
			
			<span class="bdd-step-name">Verifico Campos Obligatorios en las tabla</span>
			
				<ul class='steps'>
					<li test-id='226' class='node when pass' status='pass'><b>When</b>
						<span class="bdd-step-name">When realizo consulta de campo"PRINCIPAL_ECONOMY_ACTIVITY" en la table"ECONOMY_TYPE"</span>
							<div class='pre'>passed</div>
					</li>
					<li test-id='227' class='node then fail' status='fail'><b>Then</b>
						<span class="bdd-step-name">Then valido que el campo sea obligatorio</span>
							<div class='pre'><pre>java.lang.AssertionError: El Campo PRINCIPAL_ECONOMY_ACTIVITY no esta creado en la tabla ECONOMY_TYPE
	at org.junit.Assert.fail(Assert.java:88)
	at org.junit.Assert.assertTrue(Assert.java:41)
	at org.junit.Assert.assertFalse(Assert.java:64)
	at com.sodimac.automation.definition.tablasBUCDefinition.valido_que_el_campo_sea_obligatorio(tablasBUCDefinition.java:90)
	at ✽.Then valido que el campo sea obligatorio(steps/tablasBUC.feature:57)
</pre></div>
					</li>
				</ul>
		</li>
		<li test-id='228' class='node scenario fail' status='fail'>
			<div class='category-list'>
				<span class='category label white-text'>@VerificoCamposObligatoriosNotNull</span>
			</div>
			
			<b>Scenario</b>
			
			<span class="bdd-step-name">Verifico Campos Obligatorios en las tabla</span>
			
				<ul class='steps'>
					<li test-id='229' class='node when pass' status='pass'><b>When</b>
						<span class="bdd-step-name">When realizo consulta de campo"ACTIVE" en la table"ECONOMY_TYPE"</span>
							<div class='pre'>passed</div>
					</li>
					<li test-id='230' class='node then fail' status='fail'><b>Then</b>
						<span class="bdd-step-name">Then valido que el campo sea obligatorio</span>
							<div class='pre'><pre>java.lang.AssertionError: El Campo ACTIVE no esta creado en la tabla ECONOMY_TYPE
	at org.junit.Assert.fail(Assert.java:88)
	at org.junit.Assert.assertTrue(Assert.java:41)
	at org.junit.Assert.assertFalse(Assert.java:64)
	at com.sodimac.automation.definition.tablasBUCDefinition.valido_que_el_campo_sea_obligatorio(tablasBUCDefinition.java:90)
	at ✽.Then valido que el campo sea obligatorio(steps/tablasBUC.feature:57)
</pre></div>
					</li>
				</ul>
		</li>
		<li test-id='231' class='node scenario fail' status='fail'>
			<div class='category-list'>
				<span class='category label white-text'>@VerificoCamposObligatoriosNotNull</span>
			</div>
			
			<b>Scenario</b>
			
			<span class="bdd-step-name">Verifico Campos Obligatorios en las tabla</span>
			
				<ul class='steps'>
					<li test-id='232' class='node when pass' status='pass'><b>When</b>
						<span class="bdd-step-name">When realizo consulta de campo"CREATION_DATE" en la table"ECONOMY_TYPE"</span>
							<div class='pre'>passed</div>
					</li>
					<li test-id='233' class='node then fail' status='fail'><b>Then</b>
						<span class="bdd-step-name">Then valido que el campo sea obligatorio</span>
							<div class='pre'><pre>java.lang.AssertionError: El Campo CREATION_DATE no esta creado en la tabla ECONOMY_TYPE
	at org.junit.Assert.fail(Assert.java:88)
	at org.junit.Assert.assertTrue(Assert.java:41)
	at org.junit.Assert.assertFalse(Assert.java:64)
	at com.sodimac.automation.definition.tablasBUCDefinition.valido_que_el_campo_sea_obligatorio(tablasBUCDefinition.java:90)
	at ✽.Then valido que el campo sea obligatorio(steps/tablasBUC.feature:57)
</pre></div>
					</li>
				</ul>
		</li>
	</ul>
</div>
					</div>
				</li>
			</ul>
		</div>
	</div>
	<!-- subview left -->

	<div class='subview-right left'>
		<div class='view-summary'>
			<h5 class='test-name'></h5>

			<div id='step-filters' class="right">
				<span class="blue-text" status="info" alt="info" title="info"><i class="material-icons">info_outline</i></span>
				<span class="green-text" status="pass" alt="pass" title="pass"><i class="material-icons">check_circle</i></span>
				<span class="red-text" status="fail" alt="fail" title="fail"><i class="material-icons">cancel</i></span>
				<span class="red-text text-darken-4" status="fatal" alt="fatal" title="fatal"><i class="material-icons">cancel</i></span>
				<span class="pink-text text-lighten-1" status="error" alt="error" title="error"><i class="material-icons">error</i></span>
				<span class="orange-text" alt="warning" status="warning" title="warning"><i class="material-icons">warning</i></span>
				<span class="teal-text" status="skip" alt="skip" title="skip"><i class="material-icons">redo</i></span>
				<span status="clear" alt="Clear filters" title="Clear filters"><i class="material-icons">clear</i></span>
			</div>
		</div>
	</div>
	<!-- subview right -->

</div>
<!-- test view -->
<div id='category-view' class='view hide'>

	<section id='controls'>
		<div class='controls grey lighten-4'>
			<!-- search -->
			<div class='chip transparent' alt='Search Tests' title='Search Tests'>
				<a href="#" class='search-div'>
					<i class='material-icons'>search</i> Search
				</a>
				
				<div class='input-field left hide'>
					<input id='search-tests' type='text' class='validate browser-default' placeholder='Search Tests...'>
				</div>
				
			</div>
			<!-- search -->
		</div>
	</section>

	<div class='subview-left left'>
		
		<div class='view-summary'>
			<h5>Categories</h3>
			<ul id='category-collection' class='category-collection'>
				
				<li class='category displayed active'>
					<div class='category-heading'>
						<span class='category-name'>@ExistenTodasTablasBDBUC</span>
						<span class='category-status right'>
							<span class='label fail'>8</span>
						</span>
					</div>
					<div class='category-content hide'>
						<div class='category-status-counts'>
							
							<span class='label red lighten-1 white-text'>Failed: 8</span>
							
						</div>
					
						<div class='category-tests'>
							<table class='bordered table-results'>
								<thead>
									<tr>
										<th>Timestamp</th>
										<th>TestName</th>
										<th>Status</th>
									</tr>
								</thead>
								<tbody>
									<tr>
										<td>Aug 22, 2019 10:58:24 PM</td>
										<td class='linked' test-id='3'>Probar Modelo E-R de BUC.Verifico que existan las tablas en BD.Verifico que existan las tablas en BD</td>
										<td><span class='test-status fail'>fail</span></td>
									</tr>
									<tr>
										<td>Aug 22, 2019 10:58:34 PM</td>
										<td class='linked' test-id='6'>Probar Modelo E-R de BUC.Verifico que existan las tablas en BD.Verifico que existan las tablas en BD</td>
										<td><span class='test-status fail'>fail</span></td>
									</tr>
									<tr>
										<td>Aug 22, 2019 10:58:44 PM</td>
										<td class='linked' test-id='9'>Probar Modelo E-R de BUC.Verifico que existan las tablas en BD.Verifico que existan las tablas en BD</td>
										<td><span class='test-status fail'>fail</span></td>
									</tr>
									<tr>
										<td>Aug 22, 2019 10:58:54 PM</td>
										<td class='linked' test-id='12'>Probar Modelo E-R de BUC.Verifico que existan las tablas en BD.Verifico que existan las tablas en BD</td>
										<td><span class='test-status fail'>fail</span></td>
									</tr>
									<tr>
										<td>Aug 22, 2019 10:59:04 PM</td>
										<td class='linked' test-id='15'>Probar Modelo E-R de BUC.Verifico que existan las tablas en BD.Verifico que existan las tablas en BD</td>
										<td><span class='test-status fail'>fail</span></td>
									</tr>
									<tr>
										<td>Aug 22, 2019 10:59:14 PM</td>
										<td class='linked' test-id='18'>Probar Modelo E-R de BUC.Verifico que existan las tablas en BD.Verifico que existan las tablas en BD</td>
										<td><span class='test-status fail'>fail</span></td>
									</tr>
									<tr>
										<td>Aug 22, 2019 10:59:24 PM</td>
										<td class='linked' test-id='21'>Probar Modelo E-R de BUC.Verifico que existan las tablas en BD.Verifico que existan las tablas en BD</td>
										<td><span class='test-status fail'>fail</span></td>
									</tr>
									<tr>
										<td>Aug 22, 2019 10:59:34 PM</td>
										<td class='linked' test-id='24'>Probar Modelo E-R de BUC.Verifico que existan las tablas en BD.Verifico que existan las tablas en BD</td>
										<td><span class='test-status fail'>fail</span></td>
									</tr>
								</tbody>
							</table>
						</div>
					</div>
				</li>
				<li class='category displayed active'>
					<div class='category-heading'>
						<span class='category-name'>@VerificarTodasTablasTenganPK</span>
						<span class='category-status right'>
							<span class='label fail'>9</span>
						</span>
					</div>
					<div class='category-content hide'>
						<div class='category-status-counts'>
							
							<span class='label red lighten-1 white-text'>Failed: 9</span>
							
						</div>
					
						<div class='category-tests'>
							<table class='bordered table-results'>
								<thead>
									<tr>
										<th>Timestamp</th>
										<th>TestName</th>
										<th>Status</th>
									</tr>
								</thead>
								<tbody>
									<tr>
										<td>Aug 22, 2019 10:59:44 PM</td>
										<td class='linked' test-id='28'>Probar Modelo E-R de BUC.Verifico PK en las tablas.Verifico PK en las tablas</td>
										<td><span class='test-status fail'>fail</span></td>
									</tr>
									<tr>
										<td>Aug 22, 2019 10:59:54 PM</td>
										<td class='linked' test-id='31'>Probar Modelo E-R de BUC.Verifico PK en las tablas.Verifico PK en las tablas</td>
										<td><span class='test-status fail'>fail</span></td>
									</tr>
									<tr>
										<td>Aug 22, 2019 11:00:04 PM</td>
										<td class='linked' test-id='34'>Probar Modelo E-R de BUC.Verifico PK en las tablas.Verifico PK en las tablas</td>
										<td><span class='test-status fail'>fail</span></td>
									</tr>
									<tr>
										<td>Aug 22, 2019 11:00:14 PM</td>
										<td class='linked' test-id='37'>Probar Modelo E-R de BUC.Verifico PK en las tablas.Verifico PK en las tablas</td>
										<td><span class='test-status fail'>fail</span></td>
									</tr>
									<tr>
										<td>Aug 22, 2019 11:00:24 PM</td>
										<td class='linked' test-id='40'>Probar Modelo E-R de BUC.Verifico PK en las tablas.Verifico PK en las tablas</td>
										<td><span class='test-status fail'>fail</span></td>
									</tr>
									<tr>
										<td>Aug 22, 2019 11:00:34 PM</td>
										<td class='linked' test-id='43'>Probar Modelo E-R de BUC.Verifico PK en las tablas.Verifico PK en las tablas</td>
										<td><span class='test-status fail'>fail</span></td>
									</tr>
									<tr>
										<td>Aug 22, 2019 11:00:44 PM</td>
										<td class='linked' test-id='46'>Probar Modelo E-R de BUC.Verifico PK en las tablas.Verifico PK en las tablas</td>
										<td><span class='test-status fail'>fail</span></td>
									</tr>
									<tr>
										<td>Aug 22, 2019 11:00:54 PM</td>
										<td class='linked' test-id='49'>Probar Modelo E-R de BUC.Verifico PK en las tablas.Verifico PK en las tablas</td>
										<td><span class='test-status fail'>fail</span></td>
									</tr>
									<tr>
										<td>Aug 22, 2019 11:01:04 PM</td>
										<td class='linked' test-id='52'>Probar Modelo E-R de BUC.Verifico PK en las tablas.Verifico PK en las tablas</td>
										<td><span class='test-status fail'>fail</span></td>
									</tr>
								</tbody>
							</table>
						</div>
					</div>
				</li>
				<li class='category displayed active'>
					<div class='category-heading'>
						<span class='category-name'>@VerificoFKseanPKEnTablas</span>
						<span class='category-status right'>
							<span class='label fail'>7</span>
						</span>
					</div>
					<div class='category-content hide'>
						<div class='category-status-counts'>
							
							<span class='label red lighten-1 white-text'>Failed: 7</span>
							
						</div>
					
						<div class='category-tests'>
							<table class='bordered table-results'>
								<thead>
									<tr>
										<th>Timestamp</th>
										<th>TestName</th>
										<th>Status</th>
									</tr>
								</thead>
								<tbody>
									<tr>
										<td>Aug 22, 2019 11:01:14 PM</td>
										<td class='linked' test-id='56'>Probar Modelo E-R de BUC.Verifico que los FK de la tablas existan en las tablas primarias.Verifico que los FK de la tablas existan en las tablas primarias</td>
										<td><span class='test-status fail'>fail</span></td>
									</tr>
									<tr>
										<td>Aug 22, 2019 11:01:24 PM</td>
										<td class='linked' test-id='59'>Probar Modelo E-R de BUC.Verifico que los FK de la tablas existan en las tablas primarias.Verifico que los FK de la tablas existan en las tablas primarias</td>
										<td><span class='test-status fail'>fail</span></td>
									</tr>
									<tr>
										<td>Aug 22, 2019 11:01:34 PM</td>
										<td class='linked' test-id='62'>Probar Modelo E-R de BUC.Verifico que los FK de la tablas existan en las tablas primarias.Verifico que los FK de la tablas existan en las tablas primarias</td>
										<td><span class='test-status fail'>fail</span></td>
									</tr>
									<tr>
										<td>Aug 22, 2019 11:01:44 PM</td>
										<td class='linked' test-id='65'>Probar Modelo E-R de BUC.Verifico que los FK de la tablas existan en las tablas primarias.Verifico que los FK de la tablas existan en las tablas primarias</td>
										<td><span class='test-status fail'>fail</span></td>
									</tr>
									<tr>
										<td>Aug 22, 2019 11:01:54 PM</td>
										<td class='linked' test-id='68'>Probar Modelo E-R de BUC.Verifico que los FK de la tablas existan en las tablas primarias.Verifico que los FK de la tablas existan en las tablas primarias</td>
										<td><span class='test-status fail'>fail</span></td>
									</tr>
									<tr>
										<td>Aug 22, 2019 11:02:04 PM</td>
										<td class='linked' test-id='71'>Probar Modelo E-R de BUC.Verifico que los FK de la tablas existan en las tablas primarias.Verifico que los FK de la tablas existan en las tablas primarias</td>
										<td><span class='test-status fail'>fail</span></td>
									</tr>
									<tr>
										<td>Aug 22, 2019 11:02:14 PM</td>
										<td class='linked' test-id='74'>Probar Modelo E-R de BUC.Verifico que los FK de la tablas existan en las tablas primarias.Verifico que los FK de la tablas existan en las tablas primarias</td>
										<td><span class='test-status fail'>fail</span></td>
									</tr>
								</tbody>
							</table>
						</div>
					</div>
				</li>
				<li class='category displayed active'>
					<div class='category-heading'>
						<span class='category-name'>@VerificoCamposObligatoriosNotNull</span>
						<span class='category-status right'>
							<span class='label fail'>52</span>
						</span>
					</div>
					<div class='category-content hide'>
						<div class='category-status-counts'>
							
							<span class='label red lighten-1 white-text'>Failed: 52</span>
							
						</div>
					
						<div class='category-tests'>
							<table class='bordered table-results'>
								<thead>
									<tr>
										<th>Timestamp</th>
										<th>TestName</th>
										<th>Status</th>
									</tr>
								</thead>
								<tbody>
									<tr>
										<td>Aug 22, 2019 11:02:24 PM</td>
										<td class='linked' test-id='78'>Probar Modelo E-R de BUC.Verifico Campos Obligatorios en las tabla.Verifico Campos Obligatorios en las tabla</td>
										<td><span class='test-status fail'>fail</span></td>
									</tr>
									<tr>
										<td>Aug 22, 2019 11:02:34 PM</td>
										<td class='linked' test-id='81'>Probar Modelo E-R de BUC.Verifico Campos Obligatorios en las tabla.Verifico Campos Obligatorios en las tabla</td>
										<td><span class='test-status fail'>fail</span></td>
									</tr>
									<tr>
										<td>Aug 22, 2019 11:02:44 PM</td>
										<td class='linked' test-id='84'>Probar Modelo E-R de BUC.Verifico Campos Obligatorios en las tabla.Verifico Campos Obligatorios en las tabla</td>
										<td><span class='test-status fail'>fail</span></td>
									</tr>
									<tr>
										<td>Aug 22, 2019 11:02:54 PM</td>
										<td class='linked' test-id='87'>Probar Modelo E-R de BUC.Verifico Campos Obligatorios en las tabla.Verifico Campos Obligatorios en las tabla</td>
										<td><span class='test-status fail'>fail</span></td>
									</tr>
									<tr>
										<td>Aug 22, 2019 11:03:04 PM</td>
										<td class='linked' test-id='90'>Probar Modelo E-R de BUC.Verifico Campos Obligatorios en las tabla.Verifico Campos Obligatorios en las tabla</td>
										<td><span class='test-status fail'>fail</span></td>
									</tr>
									<tr>
										<td>Aug 22, 2019 11:03:14 PM</td>
										<td class='linked' test-id='93'>Probar Modelo E-R de BUC.Verifico Campos Obligatorios en las tabla.Verifico Campos Obligatorios en las tabla</td>
										<td><span class='test-status fail'>fail</span></td>
									</tr>
									<tr>
										<td>Aug 22, 2019 11:03:24 PM</td>
										<td class='linked' test-id='96'>Probar Modelo E-R de BUC.Verifico Campos Obligatorios en las tabla.Verifico Campos Obligatorios en las tabla</td>
										<td><span class='test-status fail'>fail</span></td>
									</tr>
									<tr>
										<td>Aug 22, 2019 11:03:34 PM</td>
										<td class='linked' test-id='99'>Probar Modelo E-R de BUC.Verifico Campos Obligatorios en las tabla.Verifico Campos Obligatorios en las tabla</td>
										<td><span class='test-status fail'>fail</span></td>
									</tr>
									<tr>
										<td>Aug 22, 2019 11:03:44 PM</td>
										<td class='linked' test-id='102'>Probar Modelo E-R de BUC.Verifico Campos Obligatorios en las tabla.Verifico Campos Obligatorios en las tabla</td>
										<td><span class='test-status fail'>fail</span></td>
									</tr>
									<tr>
										<td>Aug 22, 2019 11:03:54 PM</td>
										<td class='linked' test-id='105'>Probar Modelo E-R de BUC.Verifico Campos Obligatorios en las tabla.Verifico Campos Obligatorios en las tabla</td>
										<td><span class='test-status fail'>fail</span></td>
									</tr>
									<tr>
										<td>Aug 22, 2019 11:04:04 PM</td>
										<td class='linked' test-id='108'>Probar Modelo E-R de BUC.Verifico Campos Obligatorios en las tabla.Verifico Campos Obligatorios en las tabla</td>
										<td><span class='test-status fail'>fail</span></td>
									</tr>
									<tr>
										<td>Aug 22, 2019 11:04:14 PM</td>
										<td class='linked' test-id='111'>Probar Modelo E-R de BUC.Verifico Campos Obligatorios en las tabla.Verifico Campos Obligatorios en las tabla</td>
										<td><span class='test-status fail'>fail</span></td>
									</tr>
									<tr>
										<td>Aug 22, 2019 11:04:24 PM</td>
										<td class='linked' test-id='114'>Probar Modelo E-R de BUC.Verifico Campos Obligatorios en las tabla.Verifico Campos Obligatorios en las tabla</td>
										<td><span class='test-status fail'>fail</span></td>
									</tr>
									<tr>
										<td>Aug 22, 2019 11:04:34 PM</td>
										<td class='linked' test-id='117'>Probar Modelo E-R de BUC.Verifico Campos Obligatorios en las tabla.Verifico Campos Obligatorios en las tabla</td>
										<td><span class='test-status fail'>fail</span></td>
									</tr>
									<tr>
										<td>Aug 22, 2019 11:04:44 PM</td>
										<td class='linked' test-id='120'>Probar Modelo E-R de BUC.Verifico Campos Obligatorios en las tabla.Verifico Campos Obligatorios en las tabla</td>
										<td><span class='test-status fail'>fail</span></td>
									</tr>
									<tr>
										<td>Aug 22, 2019 11:04:54 PM</td>
										<td class='linked' test-id='123'>Probar Modelo E-R de BUC.Verifico Campos Obligatorios en las tabla.Verifico Campos Obligatorios en las tabla</td>
										<td><span class='test-status fail'>fail</span></td>
									</tr>
									<tr>
										<td>Aug 22, 2019 11:05:04 PM</td>
										<td class='linked' test-id='126'>Probar Modelo E-R de BUC.Verifico Campos Obligatorios en las tabla.Verifico Campos Obligatorios en las tabla</td>
										<td><span class='test-status fail'>fail</span></td>
									</tr>
									<tr>
										<td>Aug 22, 2019 11:05:14 PM</td>
										<td class='linked' test-id='129'>Probar Modelo E-R de BUC.Verifico Campos Obligatorios en las tabla.Verifico Campos Obligatorios en las tabla</td>
										<td><span class='test-status fail'>fail</span></td>
									</tr>
									<tr>
										<td>Aug 22, 2019 11:05:24 PM</td>
										<td class='linked' test-id='132'>Probar Modelo E-R de BUC.Verifico Campos Obligatorios en las tabla.Verifico Campos Obligatorios en las tabla</td>
										<td><span class='test-status fail'>fail</span></td>
									</tr>
									<tr>
										<td>Aug 22, 2019 11:05:34 PM</td>
										<td class='linked' test-id='135'>Probar Modelo E-R de BUC.Verifico Campos Obligatorios en las tabla.Verifico Campos Obligatorios en las tabla</td>
										<td><span class='test-status fail'>fail</span></td>
									</tr>
									<tr>
										<td>Aug 22, 2019 11:05:44 PM</td>
										<td class='linked' test-id='138'>Probar Modelo E-R de BUC.Verifico Campos Obligatorios en las tabla.Verifico Campos Obligatorios en las tabla</td>
										<td><span class='test-status fail'>fail</span></td>
									</tr>
									<tr>
										<td>Aug 22, 2019 11:05:54 PM</td>
										<td class='linked' test-id='141'>Probar Modelo E-R de BUC.Verifico Campos Obligatorios en las tabla.Verifico Campos Obligatorios en las tabla</td>
										<td><span class='test-status fail'>fail</span></td>
									</tr>
									<tr>
										<td>Aug 22, 2019 11:06:04 PM</td>
										<td class='linked' test-id='144'>Probar Modelo E-R de BUC.Verifico Campos Obligatorios en las tabla.Verifico Campos Obligatorios en las tabla</td>
										<td><span class='test-status fail'>fail</span></td>
									</tr>
									<tr>
										<td>Aug 22, 2019 11:06:14 PM</td>
										<td class='linked' test-id='147'>Probar Modelo E-R de BUC.Verifico Campos Obligatorios en las tabla.Verifico Campos Obligatorios en las tabla</td>
										<td><span class='test-status fail'>fail</span></td>
									</tr>
									<tr>
										<td>Aug 22, 2019 11:06:24 PM</td>
										<td class='linked' test-id='150'>Probar Modelo E-R de BUC.Verifico Campos Obligatorios en las tabla.Verifico Campos Obligatorios en las tabla</td>
										<td><span class='test-status fail'>fail</span></td>
									</tr>
									<tr>
										<td>Aug 22, 2019 11:06:35 PM</td>
										<td class='linked' test-id='153'>Probar Modelo E-R de BUC.Verifico Campos Obligatorios en las tabla.Verifico Campos Obligatorios en las tabla</td>
										<td><span class='test-status fail'>fail</span></td>
									</tr>
									<tr>
										<td>Aug 22, 2019 11:06:45 PM</td>
										<td class='linked' test-id='156'>Probar Modelo E-R de BUC.Verifico Campos Obligatorios en las tabla.Verifico Campos Obligatorios en las tabla</td>
										<td><span class='test-status fail'>fail</span></td>
									</tr>
									<tr>
										<td>Aug 22, 2019 11:06:55 PM</td>
										<td class='linked' test-id='159'>Probar Modelo E-R de BUC.Verifico Campos Obligatorios en las tabla.Verifico Campos Obligatorios en las tabla</td>
										<td><span class='test-status fail'>fail</span></td>
									</tr>
									<tr>
										<td>Aug 22, 2019 11:07:05 PM</td>
										<td class='linked' test-id='162'>Probar Modelo E-R de BUC.Verifico Campos Obligatorios en las tabla.Verifico Campos Obligatorios en las tabla</td>
										<td><span class='test-status fail'>fail</span></td>
									</tr>
									<tr>
										<td>Aug 22, 2019 11:07:15 PM</td>
										<td class='linked' test-id='165'>Probar Modelo E-R de BUC.Verifico Campos Obligatorios en las tabla.Verifico Campos Obligatorios en las tabla</td>
										<td><span class='test-status fail'>fail</span></td>
									</tr>
									<tr>
										<td>Aug 22, 2019 11:07:25 PM</td>
										<td class='linked' test-id='168'>Probar Modelo E-R de BUC.Verifico Campos Obligatorios en las tabla.Verifico Campos Obligatorios en las tabla</td>
										<td><span class='test-status fail'>fail</span></td>
									</tr>
									<tr>
										<td>Aug 22, 2019 11:07:35 PM</td>
										<td class='linked' test-id='171'>Probar Modelo E-R de BUC.Verifico Campos Obligatorios en las tabla.Verifico Campos Obligatorios en las tabla</td>
										<td><span class='test-status fail'>fail</span></td>
									</tr>
									<tr>
										<td>Aug 22, 2019 11:07:45 PM</td>
										<td class='linked' test-id='174'>Probar Modelo E-R de BUC.Verifico Campos Obligatorios en las tabla.Verifico Campos Obligatorios en las tabla</td>
										<td><span class='test-status fail'>fail</span></td>
									</tr>
									<tr>
										<td>Aug 22, 2019 11:07:55 PM</td>
										<td class='linked' test-id='177'>Probar Modelo E-R de BUC.Verifico Campos Obligatorios en las tabla.Verifico Campos Obligatorios en las tabla</td>
										<td><span class='test-status fail'>fail</span></td>
									</tr>
									<tr>
										<td>Aug 22, 2019 11:08:05 PM</td>
										<td class='linked' test-id='180'>Probar Modelo E-R de BUC.Verifico Campos Obligatorios en las tabla.Verifico Campos Obligatorios en las tabla</td>
										<td><span class='test-status fail'>fail</span></td>
									</tr>
									<tr>
										<td>Aug 22, 2019 11:08:15 PM</td>
										<td class='linked' test-id='183'>Probar Modelo E-R de BUC.Verifico Campos Obligatorios en las tabla.Verifico Campos Obligatorios en las tabla</td>
										<td><span class='test-status fail'>fail</span></td>
									</tr>
									<tr>
										<td>Aug 22, 2019 11:08:25 PM</td>
										<td class='linked' test-id='186'>Probar Modelo E-R de BUC.Verifico Campos Obligatorios en las tabla.Verifico Campos Obligatorios en las tabla</td>
										<td><span class='test-status fail'>fail</span></td>
									</tr>
									<tr>
										<td>Aug 22, 2019 11:08:35 PM</td>
										<td class='linked' test-id='189'>Probar Modelo E-R de BUC.Verifico Campos Obligatorios en las tabla.Verifico Campos Obligatorios en las tabla</td>
										<td><span class='test-status fail'>fail</span></td>
									</tr>
									<tr>
										<td>Aug 22, 2019 11:08:45 PM</td>
										<td class='linked' test-id='192'>Probar Modelo E-R de BUC.Verifico Campos Obligatorios en las tabla.Verifico Campos Obligatorios en las tabla</td>
										<td><span class='test-status fail'>fail</span></td>
									</tr>
									<tr>
										<td>Aug 22, 2019 11:08:55 PM</td>
										<td class='linked' test-id='195'>Probar Modelo E-R de BUC.Verifico Campos Obligatorios en las tabla.Verifico Campos Obligatorios en las tabla</td>
										<td><span class='test-status fail'>fail</span></td>
									</tr>
									<tr>
										<td>Aug 22, 2019 11:09:05 PM</td>
										<td class='linked' test-id='198'>Probar Modelo E-R de BUC.Verifico Campos Obligatorios en las tabla.Verifico Campos Obligatorios en las tabla</td>
										<td><span class='test-status fail'>fail</span></td>
									</tr>
									<tr>
										<td>Aug 22, 2019 11:09:15 PM</td>
										<td class='linked' test-id='201'>Probar Modelo E-R de BUC.Verifico Campos Obligatorios en las tabla.Verifico Campos Obligatorios en las tabla</td>
										<td><span class='test-status fail'>fail</span></td>
									</tr>
									<tr>
										<td>Aug 22, 2019 11:09:25 PM</td>
										<td class='linked' test-id='204'>Probar Modelo E-R de BUC.Verifico Campos Obligatorios en las tabla.Verifico Campos Obligatorios en las tabla</td>
										<td><span class='test-status fail'>fail</span></td>
									</tr>
									<tr>
										<td>Aug 22, 2019 11:09:35 PM</td>
										<td class='linked' test-id='207'>Probar Modelo E-R de BUC.Verifico Campos Obligatorios en las tabla.Verifico Campos Obligatorios en las tabla</td>
										<td><span class='test-status fail'>fail</span></td>
									</tr>
									<tr>
										<td>Aug 22, 2019 11:09:45 PM</td>
										<td class='linked' test-id='210'>Probar Modelo E-R de BUC.Verifico Campos Obligatorios en las tabla.Verifico Campos Obligatorios en las tabla</td>
										<td><span class='test-status fail'>fail</span></td>
									</tr>
									<tr>
										<td>Aug 22, 2019 11:09:55 PM</td>
										<td class='linked' test-id='213'>Probar Modelo E-R de BUC.Verifico Campos Obligatorios en las tabla.Verifico Campos Obligatorios en las tabla</td>
										<td><span class='test-status fail'>fail</span></td>
									</tr>
									<tr>
										<td>Aug 22, 2019 11:10:05 PM</td>
										<td class='linked' test-id='216'>Probar Modelo E-R de BUC.Verifico Campos Obligatorios en las tabla.Verifico Campos Obligatorios en las tabla</td>
										<td><span class='test-status fail'>fail</span></td>
									</tr>
									<tr>
										<td>Aug 22, 2019 11:10:15 PM</td>
										<td class='linked' test-id='219'>Probar Modelo E-R de BUC.Verifico Campos Obligatorios en las tabla.Verifico Campos Obligatorios en las tabla</td>
										<td><span class='test-status fail'>fail</span></td>
									</tr>
									<tr>
										<td>Aug 22, 2019 11:10:25 PM</td>
										<td class='linked' test-id='222'>Probar Modelo E-R de BUC.Verifico Campos Obligatorios en las tabla.Verifico Campos Obligatorios en las tabla</td>
										<td><span class='test-status fail'>fail</span></td>
									</tr>
									<tr>
										<td>Aug 22, 2019 11:10:35 PM</td>
										<td class='linked' test-id='225'>Probar Modelo E-R de BUC.Verifico Campos Obligatorios en las tabla.Verifico Campos Obligatorios en las tabla</td>
										<td><span class='test-status fail'>fail</span></td>
									</tr>
									<tr>
										<td>Aug 22, 2019 11:10:45 PM</td>
										<td class='linked' test-id='228'>Probar Modelo E-R de BUC.Verifico Campos Obligatorios en las tabla.Verifico Campos Obligatorios en las tabla</td>
										<td><span class='test-status fail'>fail</span></td>
									</tr>
									<tr>
										<td>Aug 22, 2019 11:10:55 PM</td>
										<td class='linked' test-id='231'>Probar Modelo E-R de BUC.Verifico Campos Obligatorios en las tabla.Verifico Campos Obligatorios en las tabla</td>
										<td><span class='test-status fail'>fail</span></td>
									</tr>
								</tbody>
							</table>
						</div>
					</div>
				</li>

			</ul>
		</div>
	</div>

	<div class='subview-right left'>
		<div class='view-summary'>
			<h5 class='category-name'></h5>
		</div>
	</div>
</div>
<!-- category view -->
<div id='exception-view' class='view hide'>

    <section id='controls'>
        <div class='controls grey lighten-4'>
            <!-- search -->
            <div class='chip transparent' alt='Search Tests' title='Search Tests'>
                <a href="#" class='search-div'>
                    <i class='material-icons'>search</i> Search
                </a>

                <div class='input-field left hide'>
                    <input id='search-tests' type='text' class='validate browser-default' placeholder='Search Tests...'>
                </div>

            </div>
            <!-- search -->
        </div>
    </section>

    <div class='subview-left left'>

        <div class='view-summary'>
            <h5>Exceptions</h3>
                <ul id='exception-collection' class='exception-collection'>

                        <li class='exception displayed active'>
                            <div class='exception-heading'>
                                <span class='exception-name'>java.lang.AssertionError</span>
                                <span class='exception-count right'><span class='label red lighten-1 white-text'>76</span></span>
                            </div>
                            <div class='exception-content hide'>
                                <div class='exception-tests'>
                                    <table class='bordered table-results'>
                                        <thead>
                                        <tr>
                                            <th>Timestamp</th>
                                            <th>TestName</th>
                                            <th>Status</th>
                                        </tr>
                                        </thead>
                                        <tbody>
                                                    <tr>
                                                        <td>Aug 22, 2019 10:58:34 PM</td>
                                                        <td class='linked' test-id='5'>Probar Modelo E-R de BUC.Verifico que existan las tablas en BD.Verifico que existan las tablas en BD.Then valido que la tabla exista en BD</td>
                                                        <td><pre><pre>java.lang.AssertionError: La tabla CUSTOMER no se encuentra en el modelo de Datos
	at org.junit.Assert.fail(Assert.java:88)
	at org.junit.Assert.assertTrue(Assert.java:41)
	at com.sodimac.automation.definition.tablasBUCDefinition.valido_que_la_tabla_exista_en_BD(tablasBUCDefinition.java:30)
	at ✽.Then valido que la tabla exista en BD(steps/tablasBUC.feature:6)
</pre></pre></td>
                                                    </tr>
                                                    <tr>
                                                        <td>Aug 22, 2019 10:58:44 PM</td>
                                                        <td class='linked' test-id='8'>Probar Modelo E-R de BUC.Verifico que existan las tablas en BD.Verifico que existan las tablas en BD.Then valido que la tabla exista en BD</td>
                                                        <td><pre><pre>java.lang.AssertionError: La tabla LOV no se encuentra en el modelo de Datos
	at org.junit.Assert.fail(Assert.java:88)
	at org.junit.Assert.assertTrue(Assert.java:41)
	at com.sodimac.automation.definition.tablasBUCDefinition.valido_que_la_tabla_exista_en_BD(tablasBUCDefinition.java:30)
	at ✽.Then valido que la tabla exista en BD(steps/tablasBUC.feature:6)
</pre></pre></td>
                                                    </tr>
                                                    <tr>
                                                        <td>Aug 22, 2019 10:58:54 PM</td>
                                                        <td class='linked' test-id='11'>Probar Modelo E-R de BUC.Verifico que existan las tablas en BD.Verifico que existan las tablas en BD.Then valido que la tabla exista en BD</td>
                                                        <td><pre><pre>java.lang.AssertionError: La tabla TRANSACTION_LOG no se encuentra en el modelo de Datos
	at org.junit.Assert.fail(Assert.java:88)
	at org.junit.Assert.assertTrue(Assert.java:41)
	at com.sodimac.automation.definition.tablasBUCDefinition.valido_que_la_tabla_exista_en_BD(tablasBUCDefinition.java:30)
	at ✽.Then valido que la tabla exista en BD(steps/tablasBUC.feature:6)
</pre></pre></td>
                                                    </tr>
                                                    <tr>
                                                        <td>Aug 22, 2019 10:59:04 PM</td>
                                                        <td class='linked' test-id='14'>Probar Modelo E-R de BUC.Verifico que existan las tablas en BD.Verifico que existan las tablas en BD.Then valido que la tabla exista en BD</td>
                                                        <td><pre><pre>java.lang.AssertionError: La tabla CONTACT no se encuentra en el modelo de Datos
	at org.junit.Assert.fail(Assert.java:88)
	at org.junit.Assert.assertTrue(Assert.java:41)
	at com.sodimac.automation.definition.tablasBUCDefinition.valido_que_la_tabla_exista_en_BD(tablasBUCDefinition.java:30)
	at ✽.Then valido que la tabla exista en BD(steps/tablasBUC.feature:6)
</pre></pre></td>
                                                    </tr>
                                                    <tr>
                                                        <td>Aug 22, 2019 10:59:14 PM</td>
                                                        <td class='linked' test-id='17'>Probar Modelo E-R de BUC.Verifico que existan las tablas en BD.Verifico que existan las tablas en BD.Then valido que la tabla exista en BD</td>
                                                        <td><pre><pre>java.lang.AssertionError: La tabla CONTACT_METHOD no se encuentra en el modelo de Datos
	at org.junit.Assert.fail(Assert.java:88)
	at org.junit.Assert.assertTrue(Assert.java:41)
	at com.sodimac.automation.definition.tablasBUCDefinition.valido_que_la_tabla_exista_en_BD(tablasBUCDefinition.java:30)
	at ✽.Then valido que la tabla exista en BD(steps/tablasBUC.feature:6)
</pre></pre></td>
                                                    </tr>
                                                    <tr>
                                                        <td>Aug 22, 2019 10:59:24 PM</td>
                                                        <td class='linked' test-id='20'>Probar Modelo E-R de BUC.Verifico que existan las tablas en BD.Verifico que existan las tablas en BD.Then valido que la tabla exista en BD</td>
                                                        <td><pre><pre>java.lang.AssertionError: La tabla ECONOMY_ACTIVITY no se encuentra en el modelo de Datos
	at org.junit.Assert.fail(Assert.java:88)
	at org.junit.Assert.assertTrue(Assert.java:41)
	at com.sodimac.automation.definition.tablasBUCDefinition.valido_que_la_tabla_exista_en_BD(tablasBUCDefinition.java:30)
	at ✽.Then valido que la tabla exista en BD(steps/tablasBUC.feature:6)
</pre></pre></td>
                                                    </tr>
                                                    <tr>
                                                        <td>Aug 22, 2019 10:59:34 PM</td>
                                                        <td class='linked' test-id='23'>Probar Modelo E-R de BUC.Verifico que existan las tablas en BD.Verifico que existan las tablas en BD.Then valido que la tabla exista en BD</td>
                                                        <td><pre><pre>java.lang.AssertionError: La tabla ECONOMY_TYPE no se encuentra en el modelo de Datos
	at org.junit.Assert.fail(Assert.java:88)
	at org.junit.Assert.assertTrue(Assert.java:41)
	at com.sodimac.automation.definition.tablasBUCDefinition.valido_que_la_tabla_exista_en_BD(tablasBUCDefinition.java:30)
	at ✽.Then valido que la tabla exista en BD(steps/tablasBUC.feature:6)
</pre></pre></td>
                                                    </tr>
                                                    <tr>
                                                        <td>Aug 22, 2019 10:59:44 PM</td>
                                                        <td class='linked' test-id='26'>Probar Modelo E-R de BUC.Verifico que existan las tablas en BD.Verifico que existan las tablas en BD.Then valido que la tabla exista en BD</td>
                                                        <td><pre><pre>java.lang.AssertionError: La tabla ADDRESS no se encuentra en el modelo de Datos
	at org.junit.Assert.fail(Assert.java:88)
	at org.junit.Assert.assertTrue(Assert.java:41)
	at com.sodimac.automation.definition.tablasBUCDefinition.valido_que_la_tabla_exista_en_BD(tablasBUCDefinition.java:30)
	at ✽.Then valido que la tabla exista en BD(steps/tablasBUC.feature:6)
</pre></pre></td>
                                                    </tr>
                                                    <tr>
                                                        <td>Aug 22, 2019 10:59:54 PM</td>
                                                        <td class='linked' test-id='30'>Probar Modelo E-R de BUC.Verifico PK en las tablas.Verifico PK en las tablas.Then valido constraint PK</td>
                                                        <td><pre><pre>java.lang.AssertionError: El Campo CUSTOMER_ID no esta creado como PK de la tabla CUSTOMER
	at org.junit.Assert.fail(Assert.java:88)
	at org.junit.Assert.assertTrue(Assert.java:41)
	at com.sodimac.automation.definition.tablasBUCDefinition.valido_constraint_PK(tablasBUCDefinition.java:47)
	at ✽.Then valido constraint PK(steps/tablasBUC.feature:23)
</pre></pre></td>
                                                    </tr>
                                                    <tr>
                                                        <td>Aug 22, 2019 11:00:04 PM</td>
                                                        <td class='linked' test-id='33'>Probar Modelo E-R de BUC.Verifico PK en las tablas.Verifico PK en las tablas.Then valido constraint PK</td>
                                                        <td><pre><pre>java.lang.AssertionError: El Campo LOV_ID no esta creado como PK de la tabla LOV
	at org.junit.Assert.fail(Assert.java:88)
	at org.junit.Assert.assertTrue(Assert.java:41)
	at com.sodimac.automation.definition.tablasBUCDefinition.valido_constraint_PK(tablasBUCDefinition.java:47)
	at ✽.Then valido constraint PK(steps/tablasBUC.feature:23)
</pre></pre></td>
                                                    </tr>
                                                    <tr>
                                                        <td>Aug 22, 2019 11:00:14 PM</td>
                                                        <td class='linked' test-id='36'>Probar Modelo E-R de BUC.Verifico PK en las tablas.Verifico PK en las tablas.Then valido constraint PK</td>
                                                        <td><pre><pre>java.lang.AssertionError: El Campo CONTACT_ID no esta creado como PK de la tabla CONTACT
	at org.junit.Assert.fail(Assert.java:88)
	at org.junit.Assert.assertTrue(Assert.java:41)
	at com.sodimac.automation.definition.tablasBUCDefinition.valido_constraint_PK(tablasBUCDefinition.java:47)
	at ✽.Then valido constraint PK(steps/tablasBUC.feature:23)
</pre></pre></td>
                                                    </tr>
                                                    <tr>
                                                        <td>Aug 22, 2019 11:00:24 PM</td>
                                                        <td class='linked' test-id='39'>Probar Modelo E-R de BUC.Verifico PK en las tablas.Verifico PK en las tablas.Then valido constraint PK</td>
                                                        <td><pre><pre>java.lang.AssertionError: El Campo CONTACT_METHOD_ID no esta creado como PK de la tabla CONTACT_METHOD
	at org.junit.Assert.fail(Assert.java:88)
	at org.junit.Assert.assertTrue(Assert.java:41)
	at com.sodimac.automation.definition.tablasBUCDefinition.valido_constraint_PK(tablasBUCDefinition.java:47)
	at ✽.Then valido constraint PK(steps/tablasBUC.feature:23)
</pre></pre></td>
                                                    </tr>
                                                    <tr>
                                                        <td>Aug 22, 2019 11:00:34 PM</td>
                                                        <td class='linked' test-id='42'>Probar Modelo E-R de BUC.Verifico PK en las tablas.Verifico PK en las tablas.Then valido constraint PK</td>
                                                        <td><pre><pre>java.lang.AssertionError: El Campo ECONOMY_ACTIVITY_ID no esta creado como PK de la tabla ECONOMY_ACTIVITY
	at org.junit.Assert.fail(Assert.java:88)
	at org.junit.Assert.assertTrue(Assert.java:41)
	at com.sodimac.automation.definition.tablasBUCDefinition.valido_constraint_PK(tablasBUCDefinition.java:47)
	at ✽.Then valido constraint PK(steps/tablasBUC.feature:23)
</pre></pre></td>
                                                    </tr>
                                                    <tr>
                                                        <td>Aug 22, 2019 11:00:44 PM</td>
                                                        <td class='linked' test-id='45'>Probar Modelo E-R de BUC.Verifico PK en las tablas.Verifico PK en las tablas.Then valido constraint PK</td>
                                                        <td><pre><pre>java.lang.AssertionError: El Campo ADDRESS_ID no esta creado como PK de la tabla ADDRESS
	at org.junit.Assert.fail(Assert.java:88)
	at org.junit.Assert.assertTrue(Assert.java:41)
	at com.sodimac.automation.definition.tablasBUCDefinition.valido_constraint_PK(tablasBUCDefinition.java:47)
	at ✽.Then valido constraint PK(steps/tablasBUC.feature:23)
</pre></pre></td>
                                                    </tr>
                                                    <tr>
                                                        <td>Aug 22, 2019 11:00:54 PM</td>
                                                        <td class='linked' test-id='48'>Probar Modelo E-R de BUC.Verifico PK en las tablas.Verifico PK en las tablas.Then valido constraint PK</td>
                                                        <td><pre><pre>java.lang.AssertionError: El Campo AUDIT_ID no esta creado como PK de la tabla TRANSACTION_LOG
	at org.junit.Assert.fail(Assert.java:88)
	at org.junit.Assert.assertTrue(Assert.java:41)
	at com.sodimac.automation.definition.tablasBUCDefinition.valido_constraint_PK(tablasBUCDefinition.java:47)
	at ✽.Then valido constraint PK(steps/tablasBUC.feature:23)
</pre></pre></td>
                                                    </tr>
                                                    <tr>
                                                        <td>Aug 22, 2019 11:01:04 PM</td>
                                                        <td class='linked' test-id='51'>Probar Modelo E-R de BUC.Verifico PK en las tablas.Verifico PK en las tablas.Then valido constraint PK</td>
                                                        <td><pre><pre>java.lang.AssertionError: El Campo ECONOMY_ACTIVITY_ID no esta creado como PK de la tabla ECONOMY_TYPE
	at org.junit.Assert.fail(Assert.java:88)
	at org.junit.Assert.assertTrue(Assert.java:41)
	at com.sodimac.automation.definition.tablasBUCDefinition.valido_constraint_PK(tablasBUCDefinition.java:47)
	at ✽.Then valido constraint PK(steps/tablasBUC.feature:23)
</pre></pre></td>
                                                    </tr>
                                                    <tr>
                                                        <td>Aug 22, 2019 11:01:14 PM</td>
                                                        <td class='linked' test-id='54'>Probar Modelo E-R de BUC.Verifico PK en las tablas.Verifico PK en las tablas.Then valido constraint PK</td>
                                                        <td><pre><pre>java.lang.AssertionError: El Campo CUSTOMER_ID no esta creado como PK de la tabla ECONOMY_TYPE
	at org.junit.Assert.fail(Assert.java:88)
	at org.junit.Assert.assertTrue(Assert.java:41)
	at com.sodimac.automation.definition.tablasBUCDefinition.valido_constraint_PK(tablasBUCDefinition.java:47)
	at ✽.Then valido constraint PK(steps/tablasBUC.feature:23)
</pre></pre></td>
                                                    </tr>
                                                    <tr>
                                                        <td>Aug 22, 2019 11:01:24 PM</td>
                                                        <td class='linked' test-id='58'>Probar Modelo E-R de BUC.Verifico que los FK de la tablas existan en las tablas primarias.Verifico que los FK de la tablas existan en las tablas primarias.Then valido que el campo FK sea PK en la tabla primaria</td>
                                                        <td><pre><pre>java.lang.AssertionError: El Campo CUSTOMER_ID no esta creado como FK de la tabla ADDRESS
	at org.junit.Assert.fail(Assert.java:88)
	at org.junit.Assert.assertTrue(Assert.java:41)
	at org.junit.Assert.assertFalse(Assert.java:64)
	at com.sodimac.automation.definition.tablasBUCDefinition.valido_que_el_campo_FK_sea_PK_en_la_tabla_primaria(tablasBUCDefinition.java:69)
	at ✽.Then valido que el campo FK sea PK en la tabla primaria(steps/tablasBUC.feature:41)
</pre></pre></td>
                                                    </tr>
                                                    <tr>
                                                        <td>Aug 22, 2019 11:01:34 PM</td>
                                                        <td class='linked' test-id='61'>Probar Modelo E-R de BUC.Verifico que los FK de la tablas existan en las tablas primarias.Verifico que los FK de la tablas existan en las tablas primarias.Then valido que el campo FK sea PK en la tabla primaria</td>
                                                        <td><pre><pre>java.lang.AssertionError: El Campo CUSTOMER_ID no esta creado como FK de la tabla CONTACT_METHOD
	at org.junit.Assert.fail(Assert.java:88)
	at org.junit.Assert.assertTrue(Assert.java:41)
	at org.junit.Assert.assertFalse(Assert.java:64)
	at com.sodimac.automation.definition.tablasBUCDefinition.valido_que_el_campo_FK_sea_PK_en_la_tabla_primaria(tablasBUCDefinition.java:69)
	at ✽.Then valido que el campo FK sea PK en la tabla primaria(steps/tablasBUC.feature:41)
</pre></pre></td>
                                                    </tr>
                                                    <tr>
                                                        <td>Aug 22, 2019 11:01:44 PM</td>
                                                        <td class='linked' test-id='64'>Probar Modelo E-R de BUC.Verifico que los FK de la tablas existan en las tablas primarias.Verifico que los FK de la tablas existan en las tablas primarias.Then valido que el campo FK sea PK en la tabla primaria</td>
                                                        <td><pre><pre>java.lang.AssertionError: El Campo CONTACT_ID no esta creado como FK de la tabla CONTACT_METHOD
	at org.junit.Assert.fail(Assert.java:88)
	at org.junit.Assert.assertTrue(Assert.java:41)
	at org.junit.Assert.assertFalse(Assert.java:64)
	at com.sodimac.automation.definition.tablasBUCDefinition.valido_que_el_campo_FK_sea_PK_en_la_tabla_primaria(tablasBUCDefinition.java:69)
	at ✽.Then valido que el campo FK sea PK en la tabla primaria(steps/tablasBUC.feature:41)
</pre></pre></td>
                                                    </tr>
                                                    <tr>
                                                        <td>Aug 22, 2019 11:01:54 PM</td>
                                                        <td class='linked' test-id='67'>Probar Modelo E-R de BUC.Verifico que los FK de la tablas existan en las tablas primarias.Verifico que los FK de la tablas existan en las tablas primarias.Then valido que el campo FK sea PK en la tabla primaria</td>
                                                        <td><pre><pre>java.lang.AssertionError: El Campo CUSTOMER_ID no esta creado como FK de la tabla CONTACT
	at org.junit.Assert.fail(Assert.java:88)
	at org.junit.Assert.assertTrue(Assert.java:41)
	at org.junit.Assert.assertFalse(Assert.java:64)
	at com.sodimac.automation.definition.tablasBUCDefinition.valido_que_el_campo_FK_sea_PK_en_la_tabla_primaria(tablasBUCDefinition.java:69)
	at ✽.Then valido que el campo FK sea PK en la tabla primaria(steps/tablasBUC.feature:41)
</pre></pre></td>
                                                    </tr>
                                                    <tr>
                                                        <td>Aug 22, 2019 11:02:04 PM</td>
                                                        <td class='linked' test-id='70'>Probar Modelo E-R de BUC.Verifico que los FK de la tablas existan en las tablas primarias.Verifico que los FK de la tablas existan en las tablas primarias.Then valido que el campo FK sea PK en la tabla primaria</td>
                                                        <td><pre><pre>java.lang.AssertionError: El Campo FK_PARENT_ID no esta creado como FK de la tabla LOV
	at org.junit.Assert.fail(Assert.java:88)
	at org.junit.Assert.assertTrue(Assert.java:41)
	at org.junit.Assert.assertFalse(Assert.java:64)
	at com.sodimac.automation.definition.tablasBUCDefinition.valido_que_el_campo_FK_sea_PK_en_la_tabla_primaria(tablasBUCDefinition.java:69)
	at ✽.Then valido que el campo FK sea PK en la tabla primaria(steps/tablasBUC.feature:41)
</pre></pre></td>
                                                    </tr>
                                                    <tr>
                                                        <td>Aug 22, 2019 11:02:14 PM</td>
                                                        <td class='linked' test-id='73'>Probar Modelo E-R de BUC.Verifico que los FK de la tablas existan en las tablas primarias.Verifico que los FK de la tablas existan en las tablas primarias.Then valido que el campo FK sea PK en la tabla primaria</td>
                                                        <td><pre><pre>java.lang.AssertionError: El Campo ECONOMY_ACTIVITY_ID no esta creado como FK de la tabla ECONOMY_TYPE
	at org.junit.Assert.fail(Assert.java:88)
	at org.junit.Assert.assertTrue(Assert.java:41)
	at org.junit.Assert.assertFalse(Assert.java:64)
	at com.sodimac.automation.definition.tablasBUCDefinition.valido_que_el_campo_FK_sea_PK_en_la_tabla_primaria(tablasBUCDefinition.java:69)
	at ✽.Then valido que el campo FK sea PK en la tabla primaria(steps/tablasBUC.feature:41)
</pre></pre></td>
                                                    </tr>
                                                    <tr>
                                                        <td>Aug 22, 2019 11:02:24 PM</td>
                                                        <td class='linked' test-id='76'>Probar Modelo E-R de BUC.Verifico que los FK de la tablas existan en las tablas primarias.Verifico que los FK de la tablas existan en las tablas primarias.Then valido que el campo FK sea PK en la tabla primaria</td>
                                                        <td><pre><pre>java.lang.AssertionError: El Campo CUSTOMER_ID no esta creado como FK de la tabla ECONOMY_TYPE
	at org.junit.Assert.fail(Assert.java:88)
	at org.junit.Assert.assertTrue(Assert.java:41)
	at org.junit.Assert.assertFalse(Assert.java:64)
	at com.sodimac.automation.definition.tablasBUCDefinition.valido_que_el_campo_FK_sea_PK_en_la_tabla_primaria(tablasBUCDefinition.java:69)
	at ✽.Then valido que el campo FK sea PK en la tabla primaria(steps/tablasBUC.feature:41)
</pre></pre></td>
                                                    </tr>
                                                    <tr>
                                                        <td>Aug 22, 2019 11:02:34 PM</td>
                                                        <td class='linked' test-id='80'>Probar Modelo E-R de BUC.Verifico Campos Obligatorios en las tabla.Verifico Campos Obligatorios en las tabla.Then valido que el campo sea obligatorio</td>
                                                        <td><pre><pre>java.lang.AssertionError: El Campo CUSTOMER_ID no esta creado en la tabla CUSTOMER
	at org.junit.Assert.fail(Assert.java:88)
	at org.junit.Assert.assertTrue(Assert.java:41)
	at org.junit.Assert.assertFalse(Assert.java:64)
	at com.sodimac.automation.definition.tablasBUCDefinition.valido_que_el_campo_sea_obligatorio(tablasBUCDefinition.java:90)
	at ✽.Then valido que el campo sea obligatorio(steps/tablasBUC.feature:57)
</pre></pre></td>
                                                    </tr>
                                                    <tr>
                                                        <td>Aug 22, 2019 11:02:44 PM</td>
                                                        <td class='linked' test-id='83'>Probar Modelo E-R de BUC.Verifico Campos Obligatorios en las tabla.Verifico Campos Obligatorios en las tabla.Then valido que el campo sea obligatorio</td>
                                                        <td><pre><pre>java.lang.AssertionError: El Campo NAME no esta creado en la tabla CUSTOMER
	at org.junit.Assert.fail(Assert.java:88)
	at org.junit.Assert.assertTrue(Assert.java:41)
	at org.junit.Assert.assertFalse(Assert.java:64)
	at com.sodimac.automation.definition.tablasBUCDefinition.valido_que_el_campo_sea_obligatorio(tablasBUCDefinition.java:90)
	at ✽.Then valido que el campo sea obligatorio(steps/tablasBUC.feature:57)
</pre></pre></td>
                                                    </tr>
                                                    <tr>
                                                        <td>Aug 22, 2019 11:02:54 PM</td>
                                                        <td class='linked' test-id='86'>Probar Modelo E-R de BUC.Verifico Campos Obligatorios en las tabla.Verifico Campos Obligatorios en las tabla.Then valido que el campo sea obligatorio</td>
                                                        <td><pre><pre>java.lang.AssertionError: El Campo CUSTOMER_TYPE no esta creado en la tabla CUSTOMER
	at org.junit.Assert.fail(Assert.java:88)
	at org.junit.Assert.assertTrue(Assert.java:41)
	at org.junit.Assert.assertFalse(Assert.java:64)
	at com.sodimac.automation.definition.tablasBUCDefinition.valido_que_el_campo_sea_obligatorio(tablasBUCDefinition.java:90)
	at ✽.Then valido que el campo sea obligatorio(steps/tablasBUC.feature:57)
</pre></pre></td>
                                                    </tr>
                                                    <tr>
                                                        <td>Aug 22, 2019 11:03:04 PM</td>
                                                        <td class='linked' test-id='89'>Probar Modelo E-R de BUC.Verifico Campos Obligatorios en las tabla.Verifico Campos Obligatorios en las tabla.Then valido que el campo sea obligatorio</td>
                                                        <td><pre><pre>java.lang.AssertionError: El Campo QUALITY no esta creado en la tabla CUSTOMER
	at org.junit.Assert.fail(Assert.java:88)
	at org.junit.Assert.assertTrue(Assert.java:41)
	at org.junit.Assert.assertFalse(Assert.java:64)
	at com.sodimac.automation.definition.tablasBUCDefinition.valido_que_el_campo_sea_obligatorio(tablasBUCDefinition.java:90)
	at ✽.Then valido que el campo sea obligatorio(steps/tablasBUC.feature:57)
</pre></pre></td>
                                                    </tr>
                                                    <tr>
                                                        <td>Aug 22, 2019 11:03:14 PM</td>
                                                        <td class='linked' test-id='92'>Probar Modelo E-R de BUC.Verifico Campos Obligatorios en las tabla.Verifico Campos Obligatorios en las tabla.Then valido que el campo sea obligatorio</td>
                                                        <td><pre><pre>java.lang.AssertionError: El Campo SOURCE_REGISTRATION no esta creado en la tabla CUSTOMER
	at org.junit.Assert.fail(Assert.java:88)
	at org.junit.Assert.assertTrue(Assert.java:41)
	at org.junit.Assert.assertFalse(Assert.java:64)
	at com.sodimac.automation.definition.tablasBUCDefinition.valido_que_el_campo_sea_obligatorio(tablasBUCDefinition.java:90)
	at ✽.Then valido que el campo sea obligatorio(steps/tablasBUC.feature:57)
</pre></pre></td>
                                                    </tr>
                                                    <tr>
                                                        <td>Aug 22, 2019 11:03:24 PM</td>
                                                        <td class='linked' test-id='95'>Probar Modelo E-R de BUC.Verifico Campos Obligatorios en las tabla.Verifico Campos Obligatorios en las tabla.Then valido que el campo sea obligatorio</td>
                                                        <td><pre><pre>java.lang.AssertionError: El Campo ACTIVE no esta creado en la tabla CUSTOMER
	at org.junit.Assert.fail(Assert.java:88)
	at org.junit.Assert.assertTrue(Assert.java:41)
	at org.junit.Assert.assertFalse(Assert.java:64)
	at com.sodimac.automation.definition.tablasBUCDefinition.valido_que_el_campo_sea_obligatorio(tablasBUCDefinition.java:90)
	at ✽.Then valido que el campo sea obligatorio(steps/tablasBUC.feature:57)
</pre></pre></td>
                                                    </tr>
                                                    <tr>
                                                        <td>Aug 22, 2019 11:03:34 PM</td>
                                                        <td class='linked' test-id='98'>Probar Modelo E-R de BUC.Verifico Campos Obligatorios en las tabla.Verifico Campos Obligatorios en las tabla.Then valido que el campo sea obligatorio</td>
                                                        <td><pre><pre>java.lang.AssertionError: El Campo COUNTRY no esta creado en la tabla CUSTOMER
	at org.junit.Assert.fail(Assert.java:88)
	at org.junit.Assert.assertTrue(Assert.java:41)
	at org.junit.Assert.assertFalse(Assert.java:64)
	at com.sodimac.automation.definition.tablasBUCDefinition.valido_que_el_campo_sea_obligatorio(tablasBUCDefinition.java:90)
	at ✽.Then valido que el campo sea obligatorio(steps/tablasBUC.feature:57)
</pre></pre></td>
                                                    </tr>
                                                    <tr>
                                                        <td>Aug 22, 2019 11:03:44 PM</td>
                                                        <td class='linked' test-id='101'>Probar Modelo E-R de BUC.Verifico Campos Obligatorios en las tabla.Verifico Campos Obligatorios en las tabla.Then valido que el campo sea obligatorio</td>
                                                        <td><pre><pre>java.lang.AssertionError: El Campo IDENTIFIER_TYPE no esta creado en la tabla CUSTOMER
	at org.junit.Assert.fail(Assert.java:88)
	at org.junit.Assert.assertTrue(Assert.java:41)
	at org.junit.Assert.assertFalse(Assert.java:64)
	at com.sodimac.automation.definition.tablasBUCDefinition.valido_que_el_campo_sea_obligatorio(tablasBUCDefinition.java:90)
	at ✽.Then valido que el campo sea obligatorio(steps/tablasBUC.feature:57)
</pre></pre></td>
                                                    </tr>
                                                    <tr>
                                                        <td>Aug 22, 2019 11:03:54 PM</td>
                                                        <td class='linked' test-id='104'>Probar Modelo E-R de BUC.Verifico Campos Obligatorios en las tabla.Verifico Campos Obligatorios en las tabla.Then valido que el campo sea obligatorio</td>
                                                        <td><pre><pre>java.lang.AssertionError: El Campo IDENTIFIER_VALUE no esta creado en la tabla CUSTOMER
	at org.junit.Assert.fail(Assert.java:88)
	at org.junit.Assert.assertTrue(Assert.java:41)
	at org.junit.Assert.assertFalse(Assert.java:64)
	at com.sodimac.automation.definition.tablasBUCDefinition.valido_que_el_campo_sea_obligatorio(tablasBUCDefinition.java:90)
	at ✽.Then valido que el campo sea obligatorio(steps/tablasBUC.feature:57)
</pre></pre></td>
                                                    </tr>
                                                    <tr>
                                                        <td>Aug 22, 2019 11:04:04 PM</td>
                                                        <td class='linked' test-id='107'>Probar Modelo E-R de BUC.Verifico Campos Obligatorios en las tabla.Verifico Campos Obligatorios en las tabla.Then valido que el campo sea obligatorio</td>
                                                        <td><pre><pre>java.lang.AssertionError: El Campo IDENTIFIER_COUNTRY no esta creado en la tabla CUSTOMER
	at org.junit.Assert.fail(Assert.java:88)
	at org.junit.Assert.assertTrue(Assert.java:41)
	at org.junit.Assert.assertFalse(Assert.java:64)
	at com.sodimac.automation.definition.tablasBUCDefinition.valido_que_el_campo_sea_obligatorio(tablasBUCDefinition.java:90)
	at ✽.Then valido que el campo sea obligatorio(steps/tablasBUC.feature:57)
</pre></pre></td>
                                                    </tr>
                                                    <tr>
                                                        <td>Aug 22, 2019 11:04:14 PM</td>
                                                        <td class='linked' test-id='110'>Probar Modelo E-R de BUC.Verifico Campos Obligatorios en las tabla.Verifico Campos Obligatorios en las tabla.Then valido que el campo sea obligatorio</td>
                                                        <td><pre><pre>java.lang.AssertionError: El Campo CREATION_DATE no esta creado en la tabla CUSTOMER
	at org.junit.Assert.fail(Assert.java:88)
	at org.junit.Assert.assertTrue(Assert.java:41)
	at org.junit.Assert.assertFalse(Assert.java:64)
	at com.sodimac.automation.definition.tablasBUCDefinition.valido_que_el_campo_sea_obligatorio(tablasBUCDefinition.java:90)
	at ✽.Then valido que el campo sea obligatorio(steps/tablasBUC.feature:57)
</pre></pre></td>
                                                    </tr>
                                                    <tr>
                                                        <td>Aug 22, 2019 11:04:24 PM</td>
                                                        <td class='linked' test-id='113'>Probar Modelo E-R de BUC.Verifico Campos Obligatorios en las tabla.Verifico Campos Obligatorios en las tabla.Then valido que el campo sea obligatorio</td>
                                                        <td><pre><pre>java.lang.AssertionError: El Campo ADDRESS_ID no esta creado en la tabla ADDRESS
	at org.junit.Assert.fail(Assert.java:88)
	at org.junit.Assert.assertTrue(Assert.java:41)
	at org.junit.Assert.assertFalse(Assert.java:64)
	at com.sodimac.automation.definition.tablasBUCDefinition.valido_que_el_campo_sea_obligatorio(tablasBUCDefinition.java:90)
	at ✽.Then valido que el campo sea obligatorio(steps/tablasBUC.feature:57)
</pre></pre></td>
                                                    </tr>
                                                    <tr>
                                                        <td>Aug 22, 2019 11:04:34 PM</td>
                                                        <td class='linked' test-id='116'>Probar Modelo E-R de BUC.Verifico Campos Obligatorios en las tabla.Verifico Campos Obligatorios en las tabla.Then valido que el campo sea obligatorio</td>
                                                        <td><pre><pre>java.lang.AssertionError: El Campo CUSTOMER_ID no esta creado en la tabla ADDRESS
	at org.junit.Assert.fail(Assert.java:88)
	at org.junit.Assert.assertTrue(Assert.java:41)
	at org.junit.Assert.assertFalse(Assert.java:64)
	at com.sodimac.automation.definition.tablasBUCDefinition.valido_que_el_campo_sea_obligatorio(tablasBUCDefinition.java:90)
	at ✽.Then valido que el campo sea obligatorio(steps/tablasBUC.feature:57)
</pre></pre></td>
                                                    </tr>
                                                    <tr>
                                                        <td>Aug 22, 2019 11:04:44 PM</td>
                                                        <td class='linked' test-id='119'>Probar Modelo E-R de BUC.Verifico Campos Obligatorios en las tabla.Verifico Campos Obligatorios en las tabla.Then valido que el campo sea obligatorio</td>
                                                        <td><pre><pre>java.lang.AssertionError: El Campo STREET no esta creado en la tabla ADDRESS
	at org.junit.Assert.fail(Assert.java:88)
	at org.junit.Assert.assertTrue(Assert.java:41)
	at org.junit.Assert.assertFalse(Assert.java:64)
	at com.sodimac.automation.definition.tablasBUCDefinition.valido_que_el_campo_sea_obligatorio(tablasBUCDefinition.java:90)
	at ✽.Then valido que el campo sea obligatorio(steps/tablasBUC.feature:57)
</pre></pre></td>
                                                    </tr>
                                                    <tr>
                                                        <td>Aug 22, 2019 11:04:54 PM</td>
                                                        <td class='linked' test-id='122'>Probar Modelo E-R de BUC.Verifico Campos Obligatorios en las tabla.Verifico Campos Obligatorios en las tabla.Then valido que el campo sea obligatorio</td>
                                                        <td><pre><pre>java.lang.AssertionError: El Campo CREATED_DATE no esta creado en la tabla ADDRESS
	at org.junit.Assert.fail(Assert.java:88)
	at org.junit.Assert.assertTrue(Assert.java:41)
	at org.junit.Assert.assertFalse(Assert.java:64)
	at com.sodimac.automation.definition.tablasBUCDefinition.valido_que_el_campo_sea_obligatorio(tablasBUCDefinition.java:90)
	at ✽.Then valido que el campo sea obligatorio(steps/tablasBUC.feature:57)
</pre></pre></td>
                                                    </tr>
                                                    <tr>
                                                        <td>Aug 22, 2019 11:05:04 PM</td>
                                                        <td class='linked' test-id='125'>Probar Modelo E-R de BUC.Verifico Campos Obligatorios en las tabla.Verifico Campos Obligatorios en las tabla.Then valido que el campo sea obligatorio</td>
                                                        <td><pre><pre>java.lang.AssertionError: El Campo ADMINISTRATIVE_AREA no esta creado en la tabla ADDRESS
	at org.junit.Assert.fail(Assert.java:88)
	at org.junit.Assert.assertTrue(Assert.java:41)
	at org.junit.Assert.assertFalse(Assert.java:64)
	at com.sodimac.automation.definition.tablasBUCDefinition.valido_que_el_campo_sea_obligatorio(tablasBUCDefinition.java:90)
	at ✽.Then valido que el campo sea obligatorio(steps/tablasBUC.feature:57)
</pre></pre></td>
                                                    </tr>
                                                    <tr>
                                                        <td>Aug 22, 2019 11:05:14 PM</td>
                                                        <td class='linked' test-id='128'>Probar Modelo E-R de BUC.Verifico Campos Obligatorios en las tabla.Verifico Campos Obligatorios en las tabla.Then valido que el campo sea obligatorio</td>
                                                        <td><pre><pre>java.lang.AssertionError: El Campo SUB_ADMINISTRATIVE_AREA no esta creado en la tabla ADDRESS
	at org.junit.Assert.fail(Assert.java:88)
	at org.junit.Assert.assertTrue(Assert.java:41)
	at org.junit.Assert.assertFalse(Assert.java:64)
	at com.sodimac.automation.definition.tablasBUCDefinition.valido_que_el_campo_sea_obligatorio(tablasBUCDefinition.java:90)
	at ✽.Then valido que el campo sea obligatorio(steps/tablasBUC.feature:57)
</pre></pre></td>
                                                    </tr>
                                                    <tr>
                                                        <td>Aug 22, 2019 11:05:24 PM</td>
                                                        <td class='linked' test-id='131'>Probar Modelo E-R de BUC.Verifico Campos Obligatorios en las tabla.Verifico Campos Obligatorios en las tabla.Then valido que el campo sea obligatorio</td>
                                                        <td><pre><pre>java.lang.AssertionError: El Campo LOCALITY no esta creado en la tabla ADDRESS
	at org.junit.Assert.fail(Assert.java:88)
	at org.junit.Assert.assertTrue(Assert.java:41)
	at org.junit.Assert.assertFalse(Assert.java:64)
	at com.sodimac.automation.definition.tablasBUCDefinition.valido_que_el_campo_sea_obligatorio(tablasBUCDefinition.java:90)
	at ✽.Then valido que el campo sea obligatorio(steps/tablasBUC.feature:57)
</pre></pre></td>
                                                    </tr>
                                                    <tr>
                                                        <td>Aug 22, 2019 11:05:34 PM</td>
                                                        <td class='linked' test-id='134'>Probar Modelo E-R de BUC.Verifico Campos Obligatorios en las tabla.Verifico Campos Obligatorios en las tabla.Then valido que el campo sea obligatorio</td>
                                                        <td><pre><pre>java.lang.AssertionError: El Campo ACTIVE no esta creado en la tabla ADDRESS
	at org.junit.Assert.fail(Assert.java:88)
	at org.junit.Assert.assertTrue(Assert.java:41)
	at org.junit.Assert.assertFalse(Assert.java:64)
	at com.sodimac.automation.definition.tablasBUCDefinition.valido_que_el_campo_sea_obligatorio(tablasBUCDefinition.java:90)
	at ✽.Then valido que el campo sea obligatorio(steps/tablasBUC.feature:57)
</pre></pre></td>
                                                    </tr>
                                                    <tr>
                                                        <td>Aug 22, 2019 11:05:44 PM</td>
                                                        <td class='linked' test-id='137'>Probar Modelo E-R de BUC.Verifico Campos Obligatorios en las tabla.Verifico Campos Obligatorios en las tabla.Then valido que el campo sea obligatorio</td>
                                                        <td><pre><pre>java.lang.AssertionError: El Campo ADDRESS_TYPE no esta creado en la tabla ADDRESS
	at org.junit.Assert.fail(Assert.java:88)
	at org.junit.Assert.assertTrue(Assert.java:41)
	at org.junit.Assert.assertFalse(Assert.java:64)
	at com.sodimac.automation.definition.tablasBUCDefinition.valido_que_el_campo_sea_obligatorio(tablasBUCDefinition.java:90)
	at ✽.Then valido que el campo sea obligatorio(steps/tablasBUC.feature:57)
</pre></pre></td>
                                                    </tr>
                                                    <tr>
                                                        <td>Aug 22, 2019 11:05:54 PM</td>
                                                        <td class='linked' test-id='140'>Probar Modelo E-R de BUC.Verifico Campos Obligatorios en las tabla.Verifico Campos Obligatorios en las tabla.Then valido que el campo sea obligatorio</td>
                                                        <td><pre><pre>java.lang.AssertionError: El Campo CONTACT_ID no esta creado en la tabla CONTACT
	at org.junit.Assert.fail(Assert.java:88)
	at org.junit.Assert.assertTrue(Assert.java:41)
	at org.junit.Assert.assertFalse(Assert.java:64)
	at com.sodimac.automation.definition.tablasBUCDefinition.valido_que_el_campo_sea_obligatorio(tablasBUCDefinition.java:90)
	at ✽.Then valido que el campo sea obligatorio(steps/tablasBUC.feature:57)
</pre></pre></td>
                                                    </tr>
                                                    <tr>
                                                        <td>Aug 22, 2019 11:06:04 PM</td>
                                                        <td class='linked' test-id='143'>Probar Modelo E-R de BUC.Verifico Campos Obligatorios en las tabla.Verifico Campos Obligatorios en las tabla.Then valido que el campo sea obligatorio</td>
                                                        <td><pre><pre>java.lang.AssertionError: El Campo CUSTOMER_ID no esta creado en la tabla CONTACT
	at org.junit.Assert.fail(Assert.java:88)
	at org.junit.Assert.assertTrue(Assert.java:41)
	at org.junit.Assert.assertFalse(Assert.java:64)
	at com.sodimac.automation.definition.tablasBUCDefinition.valido_que_el_campo_sea_obligatorio(tablasBUCDefinition.java:90)
	at ✽.Then valido que el campo sea obligatorio(steps/tablasBUC.feature:57)
</pre></pre></td>
                                                    </tr>
                                                    <tr>
                                                        <td>Aug 22, 2019 11:06:14 PM</td>
                                                        <td class='linked' test-id='146'>Probar Modelo E-R de BUC.Verifico Campos Obligatorios en las tabla.Verifico Campos Obligatorios en las tabla.Then valido que el campo sea obligatorio</td>
                                                        <td><pre><pre>java.lang.AssertionError: El Campo NAME no esta creado en la tabla CONTACT
	at org.junit.Assert.fail(Assert.java:88)
	at org.junit.Assert.assertTrue(Assert.java:41)
	at org.junit.Assert.assertFalse(Assert.java:64)
	at com.sodimac.automation.definition.tablasBUCDefinition.valido_que_el_campo_sea_obligatorio(tablasBUCDefinition.java:90)
	at ✽.Then valido que el campo sea obligatorio(steps/tablasBUC.feature:57)
</pre></pre></td>
                                                    </tr>
                                                    <tr>
                                                        <td>Aug 22, 2019 11:06:24 PM</td>
                                                        <td class='linked' test-id='149'>Probar Modelo E-R de BUC.Verifico Campos Obligatorios en las tabla.Verifico Campos Obligatorios en las tabla.Then valido que el campo sea obligatorio</td>
                                                        <td><pre><pre>java.lang.AssertionError: El Campo SURNAME no esta creado en la tabla CONTACT
	at org.junit.Assert.fail(Assert.java:88)
	at org.junit.Assert.assertTrue(Assert.java:41)
	at org.junit.Assert.assertFalse(Assert.java:64)
	at com.sodimac.automation.definition.tablasBUCDefinition.valido_que_el_campo_sea_obligatorio(tablasBUCDefinition.java:90)
	at ✽.Then valido que el campo sea obligatorio(steps/tablasBUC.feature:57)
</pre></pre></td>
                                                    </tr>
                                                    <tr>
                                                        <td>Aug 22, 2019 11:06:35 PM</td>
                                                        <td class='linked' test-id='152'>Probar Modelo E-R de BUC.Verifico Campos Obligatorios en las tabla.Verifico Campos Obligatorios en las tabla.Then valido que el campo sea obligatorio</td>
                                                        <td><pre><pre>java.lang.AssertionError: El Campo IDENTIFIER_TYPE no esta creado en la tabla CONTACT
	at org.junit.Assert.fail(Assert.java:88)
	at org.junit.Assert.assertTrue(Assert.java:41)
	at org.junit.Assert.assertFalse(Assert.java:64)
	at com.sodimac.automation.definition.tablasBUCDefinition.valido_que_el_campo_sea_obligatorio(tablasBUCDefinition.java:90)
	at ✽.Then valido que el campo sea obligatorio(steps/tablasBUC.feature:57)
</pre></pre></td>
                                                    </tr>
                                                    <tr>
                                                        <td>Aug 22, 2019 11:06:45 PM</td>
                                                        <td class='linked' test-id='155'>Probar Modelo E-R de BUC.Verifico Campos Obligatorios en las tabla.Verifico Campos Obligatorios en las tabla.Then valido que el campo sea obligatorio</td>
                                                        <td><pre><pre>java.lang.AssertionError: El Campo IDENTIFIER_VALUE no esta creado en la tabla CONTACT
	at org.junit.Assert.fail(Assert.java:88)
	at org.junit.Assert.assertTrue(Assert.java:41)
	at org.junit.Assert.assertFalse(Assert.java:64)
	at com.sodimac.automation.definition.tablasBUCDefinition.valido_que_el_campo_sea_obligatorio(tablasBUCDefinition.java:90)
	at ✽.Then valido que el campo sea obligatorio(steps/tablasBUC.feature:57)
</pre></pre></td>
                                                    </tr>
                                                    <tr>
                                                        <td>Aug 22, 2019 11:06:55 PM</td>
                                                        <td class='linked' test-id='158'>Probar Modelo E-R de BUC.Verifico Campos Obligatorios en las tabla.Verifico Campos Obligatorios en las tabla.Then valido que el campo sea obligatorio</td>
                                                        <td><pre><pre>java.lang.AssertionError: El Campo ACTIVE no esta creado en la tabla CONTACT
	at org.junit.Assert.fail(Assert.java:88)
	at org.junit.Assert.assertTrue(Assert.java:41)
	at org.junit.Assert.assertFalse(Assert.java:64)
	at com.sodimac.automation.definition.tablasBUCDefinition.valido_que_el_campo_sea_obligatorio(tablasBUCDefinition.java:90)
	at ✽.Then valido que el campo sea obligatorio(steps/tablasBUC.feature:57)
</pre></pre></td>
                                                    </tr>
                                                    <tr>
                                                        <td>Aug 22, 2019 11:07:05 PM</td>
                                                        <td class='linked' test-id='161'>Probar Modelo E-R de BUC.Verifico Campos Obligatorios en las tabla.Verifico Campos Obligatorios en las tabla.Then valido que el campo sea obligatorio</td>
                                                        <td><pre><pre>java.lang.AssertionError: El Campo CREATION_DATE no esta creado en la tabla CONTACT
	at org.junit.Assert.fail(Assert.java:88)
	at org.junit.Assert.assertTrue(Assert.java:41)
	at org.junit.Assert.assertFalse(Assert.java:64)
	at com.sodimac.automation.definition.tablasBUCDefinition.valido_que_el_campo_sea_obligatorio(tablasBUCDefinition.java:90)
	at ✽.Then valido que el campo sea obligatorio(steps/tablasBUC.feature:57)
</pre></pre></td>
                                                    </tr>
                                                    <tr>
                                                        <td>Aug 22, 2019 11:07:15 PM</td>
                                                        <td class='linked' test-id='164'>Probar Modelo E-R de BUC.Verifico Campos Obligatorios en las tabla.Verifico Campos Obligatorios en las tabla.Then valido que el campo sea obligatorio</td>
                                                        <td><pre><pre>java.lang.AssertionError: El Campo CONTACT_METHOD_ID no esta creado en la tabla CONTACT_METHOD
	at org.junit.Assert.fail(Assert.java:88)
	at org.junit.Assert.assertTrue(Assert.java:41)
	at org.junit.Assert.assertFalse(Assert.java:64)
	at com.sodimac.automation.definition.tablasBUCDefinition.valido_que_el_campo_sea_obligatorio(tablasBUCDefinition.java:90)
	at ✽.Then valido que el campo sea obligatorio(steps/tablasBUC.feature:57)
</pre></pre></td>
                                                    </tr>
                                                    <tr>
                                                        <td>Aug 22, 2019 11:07:25 PM</td>
                                                        <td class='linked' test-id='167'>Probar Modelo E-R de BUC.Verifico Campos Obligatorios en las tabla.Verifico Campos Obligatorios en las tabla.Then valido que el campo sea obligatorio</td>
                                                        <td><pre><pre>java.lang.AssertionError: El Campo CUSTOMER_ID no esta creado en la tabla CONTACT_METHOD
	at org.junit.Assert.fail(Assert.java:88)
	at org.junit.Assert.assertTrue(Assert.java:41)
	at org.junit.Assert.assertFalse(Assert.java:64)
	at com.sodimac.automation.definition.tablasBUCDefinition.valido_que_el_campo_sea_obligatorio(tablasBUCDefinition.java:90)
	at ✽.Then valido que el campo sea obligatorio(steps/tablasBUC.feature:57)
</pre></pre></td>
                                                    </tr>
                                                    <tr>
                                                        <td>Aug 22, 2019 11:07:35 PM</td>
                                                        <td class='linked' test-id='170'>Probar Modelo E-R de BUC.Verifico Campos Obligatorios en las tabla.Verifico Campos Obligatorios en las tabla.Then valido que el campo sea obligatorio</td>
                                                        <td><pre><pre>java.lang.AssertionError: El Campo TYPE no esta creado en la tabla CONTACT_METHOD
	at org.junit.Assert.fail(Assert.java:88)
	at org.junit.Assert.assertTrue(Assert.java:41)
	at org.junit.Assert.assertFalse(Assert.java:64)
	at com.sodimac.automation.definition.tablasBUCDefinition.valido_que_el_campo_sea_obligatorio(tablasBUCDefinition.java:90)
	at ✽.Then valido que el campo sea obligatorio(steps/tablasBUC.feature:57)
</pre></pre></td>
                                                    </tr>
                                                    <tr>
                                                        <td>Aug 22, 2019 11:07:45 PM</td>
                                                        <td class='linked' test-id='173'>Probar Modelo E-R de BUC.Verifico Campos Obligatorios en las tabla.Verifico Campos Obligatorios en las tabla.Then valido que el campo sea obligatorio</td>
                                                        <td><pre><pre>java.lang.AssertionError: El Campo VALUE no esta creado en la tabla CONTACT_METHOD
	at org.junit.Assert.fail(Assert.java:88)
	at org.junit.Assert.assertTrue(Assert.java:41)
	at org.junit.Assert.assertFalse(Assert.java:64)
	at com.sodimac.automation.definition.tablasBUCDefinition.valido_que_el_campo_sea_obligatorio(tablasBUCDefinition.java:90)
	at ✽.Then valido que el campo sea obligatorio(steps/tablasBUC.feature:57)
</pre></pre></td>
                                                    </tr>
                                                    <tr>
                                                        <td>Aug 22, 2019 11:07:55 PM</td>
                                                        <td class='linked' test-id='176'>Probar Modelo E-R de BUC.Verifico Campos Obligatorios en las tabla.Verifico Campos Obligatorios en las tabla.Then valido que el campo sea obligatorio</td>
                                                        <td><pre><pre>java.lang.AssertionError: El Campo PRINCIPAL_CONTACT_METHOD no esta creado en la tabla CONTACT_METHOD
	at org.junit.Assert.fail(Assert.java:88)
	at org.junit.Assert.assertTrue(Assert.java:41)
	at org.junit.Assert.assertFalse(Assert.java:64)
	at com.sodimac.automation.definition.tablasBUCDefinition.valido_que_el_campo_sea_obligatorio(tablasBUCDefinition.java:90)
	at ✽.Then valido que el campo sea obligatorio(steps/tablasBUC.feature:57)
</pre></pre></td>
                                                    </tr>
                                                    <tr>
                                                        <td>Aug 22, 2019 11:08:05 PM</td>
                                                        <td class='linked' test-id='179'>Probar Modelo E-R de BUC.Verifico Campos Obligatorios en las tabla.Verifico Campos Obligatorios en las tabla.Then valido que el campo sea obligatorio</td>
                                                        <td><pre><pre>java.lang.AssertionError: El Campo ACTIVE no esta creado en la tabla CONTACT_METHOD
	at org.junit.Assert.fail(Assert.java:88)
	at org.junit.Assert.assertTrue(Assert.java:41)
	at org.junit.Assert.assertFalse(Assert.java:64)
	at com.sodimac.automation.definition.tablasBUCDefinition.valido_que_el_campo_sea_obligatorio(tablasBUCDefinition.java:90)
	at ✽.Then valido que el campo sea obligatorio(steps/tablasBUC.feature:57)
</pre></pre></td>
                                                    </tr>
                                                    <tr>
                                                        <td>Aug 22, 2019 11:08:15 PM</td>
                                                        <td class='linked' test-id='182'>Probar Modelo E-R de BUC.Verifico Campos Obligatorios en las tabla.Verifico Campos Obligatorios en las tabla.Then valido que el campo sea obligatorio</td>
                                                        <td><pre><pre>java.lang.AssertionError: El Campo CREATION_DATE no esta creado en la tabla CONTACT_METHOD
	at org.junit.Assert.fail(Assert.java:88)
	at org.junit.Assert.assertTrue(Assert.java:41)
	at org.junit.Assert.assertFalse(Assert.java:64)
	at com.sodimac.automation.definition.tablasBUCDefinition.valido_que_el_campo_sea_obligatorio(tablasBUCDefinition.java:90)
	at ✽.Then valido que el campo sea obligatorio(steps/tablasBUC.feature:57)
</pre></pre></td>
                                                    </tr>
                                                    <tr>
                                                        <td>Aug 22, 2019 11:08:25 PM</td>
                                                        <td class='linked' test-id='185'>Probar Modelo E-R de BUC.Verifico Campos Obligatorios en las tabla.Verifico Campos Obligatorios en las tabla.Then valido que el campo sea obligatorio</td>
                                                        <td><pre><pre>java.lang.AssertionError: El Campo LOV_ID no esta creado en la tabla LOV
	at org.junit.Assert.fail(Assert.java:88)
	at org.junit.Assert.assertTrue(Assert.java:41)
	at org.junit.Assert.assertFalse(Assert.java:64)
	at com.sodimac.automation.definition.tablasBUCDefinition.valido_que_el_campo_sea_obligatorio(tablasBUCDefinition.java:90)
	at ✽.Then valido que el campo sea obligatorio(steps/tablasBUC.feature:57)
</pre></pre></td>
                                                    </tr>
                                                    <tr>
                                                        <td>Aug 22, 2019 11:08:35 PM</td>
                                                        <td class='linked' test-id='188'>Probar Modelo E-R de BUC.Verifico Campos Obligatorios en las tabla.Verifico Campos Obligatorios en las tabla.Then valido que el campo sea obligatorio</td>
                                                        <td><pre><pre>java.lang.AssertionError: El Campo TYPE no esta creado en la tabla LOV
	at org.junit.Assert.fail(Assert.java:88)
	at org.junit.Assert.assertTrue(Assert.java:41)
	at org.junit.Assert.assertFalse(Assert.java:64)
	at com.sodimac.automation.definition.tablasBUCDefinition.valido_que_el_campo_sea_obligatorio(tablasBUCDefinition.java:90)
	at ✽.Then valido que el campo sea obligatorio(steps/tablasBUC.feature:57)
</pre></pre></td>
                                                    </tr>
                                                    <tr>
                                                        <td>Aug 22, 2019 11:08:45 PM</td>
                                                        <td class='linked' test-id='191'>Probar Modelo E-R de BUC.Verifico Campos Obligatorios en las tabla.Verifico Campos Obligatorios en las tabla.Then valido que el campo sea obligatorio</td>
                                                        <td><pre><pre>java.lang.AssertionError: El Campo KEY no esta creado en la tabla LOV
	at org.junit.Assert.fail(Assert.java:88)
	at org.junit.Assert.assertTrue(Assert.java:41)
	at org.junit.Assert.assertFalse(Assert.java:64)
	at com.sodimac.automation.definition.tablasBUCDefinition.valido_que_el_campo_sea_obligatorio(tablasBUCDefinition.java:90)
	at ✽.Then valido que el campo sea obligatorio(steps/tablasBUC.feature:57)
</pre></pre></td>
                                                    </tr>
                                                    <tr>
                                                        <td>Aug 22, 2019 11:08:55 PM</td>
                                                        <td class='linked' test-id='194'>Probar Modelo E-R de BUC.Verifico Campos Obligatorios en las tabla.Verifico Campos Obligatorios en las tabla.Then valido que el campo sea obligatorio</td>
                                                        <td><pre><pre>java.lang.AssertionError: El Campo VALUE no esta creado en la tabla LOV
	at org.junit.Assert.fail(Assert.java:88)
	at org.junit.Assert.assertTrue(Assert.java:41)
	at org.junit.Assert.assertFalse(Assert.java:64)
	at com.sodimac.automation.definition.tablasBUCDefinition.valido_que_el_campo_sea_obligatorio(tablasBUCDefinition.java:90)
	at ✽.Then valido que el campo sea obligatorio(steps/tablasBUC.feature:57)
</pre></pre></td>
                                                    </tr>
                                                    <tr>
                                                        <td>Aug 22, 2019 11:09:05 PM</td>
                                                        <td class='linked' test-id='197'>Probar Modelo E-R de BUC.Verifico Campos Obligatorios en las tabla.Verifico Campos Obligatorios en las tabla.Then valido que el campo sea obligatorio</td>
                                                        <td><pre><pre>java.lang.AssertionError: El Campo AUDIT_ID no esta creado en la tabla TRANSACTION_LOG
	at org.junit.Assert.fail(Assert.java:88)
	at org.junit.Assert.assertTrue(Assert.java:41)
	at org.junit.Assert.assertFalse(Assert.java:64)
	at com.sodimac.automation.definition.tablasBUCDefinition.valido_que_el_campo_sea_obligatorio(tablasBUCDefinition.java:90)
	at ✽.Then valido que el campo sea obligatorio(steps/tablasBUC.feature:57)
</pre></pre></td>
                                                    </tr>
                                                    <tr>
                                                        <td>Aug 22, 2019 11:09:15 PM</td>
                                                        <td class='linked' test-id='200'>Probar Modelo E-R de BUC.Verifico Campos Obligatorios en las tabla.Verifico Campos Obligatorios en las tabla.Then valido que el campo sea obligatorio</td>
                                                        <td><pre><pre>java.lang.AssertionError: El Campo VALUE no esta creado en la tabla TRANSACTION_LOG
	at org.junit.Assert.fail(Assert.java:88)
	at org.junit.Assert.assertTrue(Assert.java:41)
	at org.junit.Assert.assertFalse(Assert.java:64)
	at com.sodimac.automation.definition.tablasBUCDefinition.valido_que_el_campo_sea_obligatorio(tablasBUCDefinition.java:90)
	at ✽.Then valido que el campo sea obligatorio(steps/tablasBUC.feature:57)
</pre></pre></td>
                                                    </tr>
                                                    <tr>
                                                        <td>Aug 22, 2019 11:09:25 PM</td>
                                                        <td class='linked' test-id='203'>Probar Modelo E-R de BUC.Verifico Campos Obligatorios en las tabla.Verifico Campos Obligatorios en las tabla.Then valido que el campo sea obligatorio</td>
                                                        <td><pre><pre>java.lang.AssertionError: El Campo CREATION_DATE no esta creado en la tabla TRANSACTION_LOG
	at org.junit.Assert.fail(Assert.java:88)
	at org.junit.Assert.assertTrue(Assert.java:41)
	at org.junit.Assert.assertFalse(Assert.java:64)
	at com.sodimac.automation.definition.tablasBUCDefinition.valido_que_el_campo_sea_obligatorio(tablasBUCDefinition.java:90)
	at ✽.Then valido que el campo sea obligatorio(steps/tablasBUC.feature:57)
</pre></pre></td>
                                                    </tr>
                                                    <tr>
                                                        <td>Aug 22, 2019 11:09:35 PM</td>
                                                        <td class='linked' test-id='206'>Probar Modelo E-R de BUC.Verifico Campos Obligatorios en las tabla.Verifico Campos Obligatorios en las tabla.Then valido que el campo sea obligatorio</td>
                                                        <td><pre><pre>java.lang.AssertionError: El Campo STATUS no esta creado en la tabla TRANSACTION_LOG
	at org.junit.Assert.fail(Assert.java:88)
	at org.junit.Assert.assertTrue(Assert.java:41)
	at org.junit.Assert.assertFalse(Assert.java:64)
	at com.sodimac.automation.definition.tablasBUCDefinition.valido_que_el_campo_sea_obligatorio(tablasBUCDefinition.java:90)
	at ✽.Then valido que el campo sea obligatorio(steps/tablasBUC.feature:57)
</pre></pre></td>
                                                    </tr>
                                                    <tr>
                                                        <td>Aug 22, 2019 11:09:45 PM</td>
                                                        <td class='linked' test-id='209'>Probar Modelo E-R de BUC.Verifico Campos Obligatorios en las tabla.Verifico Campos Obligatorios en las tabla.Then valido que el campo sea obligatorio</td>
                                                        <td><pre><pre>java.lang.AssertionError: El Campo ECONOMY_ACTIVITY_ID no esta creado en la tabla ECONOMY_ACTIVITY
	at org.junit.Assert.fail(Assert.java:88)
	at org.junit.Assert.assertTrue(Assert.java:41)
	at org.junit.Assert.assertFalse(Assert.java:64)
	at com.sodimac.automation.definition.tablasBUCDefinition.valido_que_el_campo_sea_obligatorio(tablasBUCDefinition.java:90)
	at ✽.Then valido que el campo sea obligatorio(steps/tablasBUC.feature:57)
</pre></pre></td>
                                                    </tr>
                                                    <tr>
                                                        <td>Aug 22, 2019 11:09:55 PM</td>
                                                        <td class='linked' test-id='212'>Probar Modelo E-R de BUC.Verifico Campos Obligatorios en las tabla.Verifico Campos Obligatorios en las tabla.Then valido que el campo sea obligatorio</td>
                                                        <td><pre><pre>java.lang.AssertionError: El Campo ECONOMY_ACTIVITY_CODE no esta creado en la tabla ECONOMY_ACTIVITY
	at org.junit.Assert.fail(Assert.java:88)
	at org.junit.Assert.assertTrue(Assert.java:41)
	at org.junit.Assert.assertFalse(Assert.java:64)
	at com.sodimac.automation.definition.tablasBUCDefinition.valido_que_el_campo_sea_obligatorio(tablasBUCDefinition.java:90)
	at ✽.Then valido que el campo sea obligatorio(steps/tablasBUC.feature:57)
</pre></pre></td>
                                                    </tr>
                                                    <tr>
                                                        <td>Aug 22, 2019 11:10:05 PM</td>
                                                        <td class='linked' test-id='215'>Probar Modelo E-R de BUC.Verifico Campos Obligatorios en las tabla.Verifico Campos Obligatorios en las tabla.Then valido que el campo sea obligatorio</td>
                                                        <td><pre><pre>java.lang.AssertionError: El Campo TYPE no esta creado en la tabla ECONOMY_ACTIVITY
	at org.junit.Assert.fail(Assert.java:88)
	at org.junit.Assert.assertTrue(Assert.java:41)
	at org.junit.Assert.assertFalse(Assert.java:64)
	at com.sodimac.automation.definition.tablasBUCDefinition.valido_que_el_campo_sea_obligatorio(tablasBUCDefinition.java:90)
	at ✽.Then valido que el campo sea obligatorio(steps/tablasBUC.feature:57)
</pre></pre></td>
                                                    </tr>
                                                    <tr>
                                                        <td>Aug 22, 2019 11:10:15 PM</td>
                                                        <td class='linked' test-id='218'>Probar Modelo E-R de BUC.Verifico Campos Obligatorios en las tabla.Verifico Campos Obligatorios en las tabla.Then valido que el campo sea obligatorio</td>
                                                        <td><pre><pre>java.lang.AssertionError: El Campo COUNTRY no esta creado en la tabla ECONOMY_ACTIVITY
	at org.junit.Assert.fail(Assert.java:88)
	at org.junit.Assert.assertTrue(Assert.java:41)
	at org.junit.Assert.assertFalse(Assert.java:64)
	at com.sodimac.automation.definition.tablasBUCDefinition.valido_que_el_campo_sea_obligatorio(tablasBUCDefinition.java:90)
	at ✽.Then valido que el campo sea obligatorio(steps/tablasBUC.feature:57)
</pre></pre></td>
                                                    </tr>
                                                    <tr>
                                                        <td>Aug 22, 2019 11:10:25 PM</td>
                                                        <td class='linked' test-id='221'>Probar Modelo E-R de BUC.Verifico Campos Obligatorios en las tabla.Verifico Campos Obligatorios en las tabla.Then valido que el campo sea obligatorio</td>
                                                        <td><pre><pre>java.lang.AssertionError: El Campo ECONOMY_ACTIVITY_ID no esta creado en la tabla ECONOMY_TYPE
	at org.junit.Assert.fail(Assert.java:88)
	at org.junit.Assert.assertTrue(Assert.java:41)
	at org.junit.Assert.assertFalse(Assert.java:64)
	at com.sodimac.automation.definition.tablasBUCDefinition.valido_que_el_campo_sea_obligatorio(tablasBUCDefinition.java:90)
	at ✽.Then valido que el campo sea obligatorio(steps/tablasBUC.feature:57)
</pre></pre></td>
                                                    </tr>
                                                    <tr>
                                                        <td>Aug 22, 2019 11:10:35 PM</td>
                                                        <td class='linked' test-id='224'>Probar Modelo E-R de BUC.Verifico Campos Obligatorios en las tabla.Verifico Campos Obligatorios en las tabla.Then valido que el campo sea obligatorio</td>
                                                        <td><pre><pre>java.lang.AssertionError: El Campo CUSTOMER_ID no esta creado en la tabla ECONOMY_TYPE
	at org.junit.Assert.fail(Assert.java:88)
	at org.junit.Assert.assertTrue(Assert.java:41)
	at org.junit.Assert.assertFalse(Assert.java:64)
	at com.sodimac.automation.definition.tablasBUCDefinition.valido_que_el_campo_sea_obligatorio(tablasBUCDefinition.java:90)
	at ✽.Then valido que el campo sea obligatorio(steps/tablasBUC.feature:57)
</pre></pre></td>
                                                    </tr>
                                                    <tr>
                                                        <td>Aug 22, 2019 11:10:45 PM</td>
                                                        <td class='linked' test-id='227'>Probar Modelo E-R de BUC.Verifico Campos Obligatorios en las tabla.Verifico Campos Obligatorios en las tabla.Then valido que el campo sea obligatorio</td>
                                                        <td><pre><pre>java.lang.AssertionError: El Campo PRINCIPAL_ECONOMY_ACTIVITY no esta creado en la tabla ECONOMY_TYPE
	at org.junit.Assert.fail(Assert.java:88)
	at org.junit.Assert.assertTrue(Assert.java:41)
	at org.junit.Assert.assertFalse(Assert.java:64)
	at com.sodimac.automation.definition.tablasBUCDefinition.valido_que_el_campo_sea_obligatorio(tablasBUCDefinition.java:90)
	at ✽.Then valido que el campo sea obligatorio(steps/tablasBUC.feature:57)
</pre></pre></td>
                                                    </tr>
                                                    <tr>
                                                        <td>Aug 22, 2019 11:10:55 PM</td>
                                                        <td class='linked' test-id='230'>Probar Modelo E-R de BUC.Verifico Campos Obligatorios en las tabla.Verifico Campos Obligatorios en las tabla.Then valido que el campo sea obligatorio</td>
                                                        <td><pre><pre>java.lang.AssertionError: El Campo ACTIVE no esta creado en la tabla ECONOMY_TYPE
	at org.junit.Assert.fail(Assert.java:88)
	at org.junit.Assert.assertTrue(Assert.java:41)
	at org.junit.Assert.assertFalse(Assert.java:64)
	at com.sodimac.automation.definition.tablasBUCDefinition.valido_que_el_campo_sea_obligatorio(tablasBUCDefinition.java:90)
	at ✽.Then valido que el campo sea obligatorio(steps/tablasBUC.feature:57)
</pre></pre></td>
                                                    </tr>
                                                    <tr>
                                                        <td>Aug 22, 2019 11:11:05 PM</td>
                                                        <td class='linked' test-id='233'>Probar Modelo E-R de BUC.Verifico Campos Obligatorios en las tabla.Verifico Campos Obligatorios en las tabla.Then valido que el campo sea obligatorio</td>
                                                        <td><pre><pre>java.lang.AssertionError: El Campo CREATION_DATE no esta creado en la tabla ECONOMY_TYPE
	at org.junit.Assert.fail(Assert.java:88)
	at org.junit.Assert.assertTrue(Assert.java:41)
	at org.junit.Assert.assertFalse(Assert.java:64)
	at com.sodimac.automation.definition.tablasBUCDefinition.valido_que_el_campo_sea_obligatorio(tablasBUCDefinition.java:90)
	at ✽.Then valido que el campo sea obligatorio(steps/tablasBUC.feature:57)
</pre></pre></td>
                                                    </tr>
                                        </tbody>
                                    </table>
                                </div>
                            </div>
                        </li>
                </ul>
        </div>
    </div>

    <div class='subview-right left'>
        <div class='view-summary'>
            <h5 class='exception-name'></h5>
        </div>
    </div>
</div>
<!-- exception view -->
<div id='dashboard-view' class='view hide'>
	<div class='card-panel transparent np-v'>
		<h5>Dashboard</h5>

		<div class='row'>
			<div class='col s2'>
				<div class='card-panel r'>
					Features
					<div class='panel-lead'>1</div>
				</div>
			</div>
			<div class='col s2'>
				<div class='card-panel r'>
					Scenarios
					<div class='panel-lead'>76</div>
				</div>
			</div>
			<div class='col s2'>
				<div class='card-panel r'>
					Steps
					<div class='panel-lead'>152</div>
				</div>
			</div>
			<div class='col s2'>
				<div class='card-panel r'>
					Start
					<div class='panel-lead'>Aug 22, 2019 10:58:24 PM</div>
				</div>
			</div>
			<div class='col s2'>
				<div class='card-panel r'>
			 		End
			 		<div class='panel-lead'>Aug 22, 2019 11:11:05 PM</div>
				</div>
			</div>
			<div class='col s2'>
				<div class='card-panel r'>
					Time Taken
					<div class='panel-lead'>761,039ms</div>
				</div>
			</div>
			<div class='col s6'>
				<div class='card-panel dashboard-categories'>
					<span class='right label cyan white-text'>Categories</span><p>&nbsp;</p>
					
					<table>
						<tr>
							<th>Name</th>
							<th>Passed</th>
							<th>Failed</th>
							<th>Others</th>
							<th>Passed %</th>
						</tr>
						<tr>
							<td>@ExistenTodasTablasBDBUC</td>
							<td>0</td>
							<td>8</td>
							<td>0</td>
							<td>
									0%
							</td>
						</tr>
						<tr>
							<td>@VerificarTodasTablasTenganPK</td>
							<td>0</td>
							<td>9</td>
							<td>0</td>
							<td>
									0%
							</td>
						</tr>
						<tr>
							<td>@VerificoFKseanPKEnTablas</td>
							<td>0</td>
							<td>7</td>
							<td>0</td>
							<td>
									0%
							</td>
						</tr>
						<tr>
							<td>@VerificoCamposObligatoriosNotNull</td>
							<td>0</td>
							<td>52</td>
							<td>0</td>
							<td>
									0%
							</td>
						</tr>
					</table>
				</div>
			</div>
		</div>
	</div>
</div>
<!-- dashboard view -->
<!-- testrunner-logs view -->
		</div>
		<!-- container -->

		<script>
			var statusGroup = {
				passParent: 0,
				failParent: 1,
				fatalParent: 0,
				errorParent: 0,
				warningParent: 0,
				skipParent: 0,
				exceptionsParent: 1,
				
				passChild: 0,
				failChild: 76,
				fatalChild: 0,
				errorChild: 0,
				warningChild: 0,
				skipChild: 0,
				infoChild: 0,
				exceptionsChild: 76,
				
				passGrandChild: 76,
				failGrandChild: 76,
				fatalGrandChild: 0,
				errorGrandChild: 0,
				warningGrandChild: 0,
				skipGrandChild: 0,
				infoGrandChild: 0,
				exceptionsGrandChild: 76,
			};
		</script>
		
			<script src='https://cdn.rawgit.com/anshooarora/extentreports-java/fca20fb7653aade98810546ab96a2a4360e3e712/dist/js/extent.js' type='text/javascript'></script>
		
		
 		<script type='text/javascript'>
 			
      
        $(document).ready(function() {
            $('.given > b:first-child').html('Dado');
            $('.when > b:first-child').html('Cuando');
            $('.then > b:first-child').html('Entonces');
            $('.and > b:first-child').html('Y');
            $('body > nav > div > a').hide();
            $('.darken-3').attr('background-color', '#2B0D63');
        });
      
     
    
 		</script>
	</body>
	
</html>
